  as_atomic.cpp
  as_builder.cpp
  as_bytecode.cpp
  as_callfunc.cpp
  as_callfunc_arm.cpp
  as_callfunc_mips.cpp
  as_callfunc_ppc.cpp
  as_callfunc_ppc_64.cpp
  as_callfunc_sh4.cpp
  as_callfunc_x64_gcc.cpp
  as_callfunc_x64_mingw.cpp
  as_callfunc_x64_msvc.cpp
  as_callfunc_x86.cpp
  as_callfunc_xenon.cpp
  as_compiler.cpp
  as_configgroup.cpp
  as_context.cpp
  as_datatype.cpp
  as_gc.cpp
  as_generic.cpp
  Compiling...
  as_globalproperty.cpp
  as_memory.cpp
  as_module.cpp
  as_objecttype.cpp
  as_outputbuffer.cpp
  as_parser.cpp
  as_restore.cpp
  as_scriptcode.cpp
  as_scriptengine.cpp
  as_scriptfunction.cpp
  as_scriptnode.cpp
  as_scriptobject.cpp
  as_string.cpp
  as_string_util.cpp
  as_thread.cpp
  as_tokenizer.cpp
  as_typeinfo.cpp
  as_variablescope.cpp
  as_atomic.obj : MSIL .netmodule or module compiled with /GL found; restarting link with /LTCG; add /LTCG to the link command line to improve linker performance
     Creating library ../../lib\angelscript.lib and object ../../lib\angelscript.exp
  Generating code
  Finished generating code
  angelscript.vcxproj -> D:\x2D Game Engine\lib\angelscript\sdk\angelscript\projects\msvc10\../../lib\angelscript.dll
