c:\users\marcus\documents\github\x2d-game-engine\lib\zlib-1.2.5\lib\zlib_d.bsc
c:\users\marcus\documents\github\x2d-game-engine\lib\lpng154\projects\vstudio\zlib\debug\vc120.pdb
c:\users\marcus\documents\github\x2d-game-engine\lib\lpng154\projects\vstudio\zlib\debug\adler32.sbr
c:\users\marcus\documents\github\x2d-game-engine\lib\lpng154\projects\vstudio\zlib\debug\compress.sbr
c:\users\marcus\documents\github\x2d-game-engine\lib\lpng154\projects\vstudio\zlib\debug\crc32.sbr
c:\users\marcus\documents\github\x2d-game-engine\lib\lpng154\projects\vstudio\zlib\debug\deflate.sbr
c:\users\marcus\documents\github\x2d-game-engine\lib\lpng154\projects\vstudio\zlib\debug\infback.sbr
c:\users\marcus\documents\github\x2d-game-engine\lib\lpng154\projects\vstudio\zlib\debug\inffast.sbr
c:\users\marcus\documents\github\x2d-game-engine\lib\lpng154\projects\vstudio\zlib\debug\inflate.sbr
c:\users\marcus\documents\github\x2d-game-engine\lib\lpng154\projects\vstudio\zlib\debug\inftrees.sbr
c:\users\marcus\documents\github\x2d-game-engine\lib\lpng154\projects\vstudio\zlib\debug\trees.sbr
c:\users\marcus\documents\github\x2d-game-engine\lib\lpng154\projects\vstudio\zlib\debug\uncompr.sbr
c:\users\marcus\documents\github\x2d-game-engine\lib\lpng154\projects\vstudio\zlib\debug\zutil.sbr
c:\users\marcus\documents\github\x2d-game-engine\lib\lpng154\projects\vstudio\zlib\debug\zutil.obj
c:\users\marcus\documents\github\x2d-game-engine\lib\lpng154\projects\vstudio\zlib\debug\uncompr.obj
c:\users\marcus\documents\github\x2d-game-engine\lib\lpng154\projects\vstudio\zlib\debug\trees.obj
c:\users\marcus\documents\github\x2d-game-engine\lib\lpng154\projects\vstudio\zlib\debug\inftrees.obj
c:\users\marcus\documents\github\x2d-game-engine\lib\lpng154\projects\vstudio\zlib\debug\inflate.obj
c:\users\marcus\documents\github\x2d-game-engine\lib\lpng154\projects\vstudio\zlib\debug\inffast.obj
c:\users\marcus\documents\github\x2d-game-engine\lib\lpng154\projects\vstudio\zlib\debug\infback.obj
c:\users\marcus\documents\github\x2d-game-engine\lib\lpng154\projects\vstudio\zlib\debug\deflate.obj
c:\users\marcus\documents\github\x2d-game-engine\lib\lpng154\projects\vstudio\zlib\debug\crc32.obj
c:\users\marcus\documents\github\x2d-game-engine\lib\lpng154\projects\vstudio\zlib\debug\compress.obj
c:\users\marcus\documents\github\x2d-game-engine\lib\lpng154\projects\vstudio\zlib\debug\adler32.obj
c:\users\marcus\documents\github\x2d-game-engine\lib\zlib-1.2.5\lib\zlib_d.ilk
c:\users\marcus\documents\github\x2d-game-engine\lib\zlib-1.2.5\lib\zlib_d.dll
c:\users\marcus\documents\github\x2d-game-engine\lib\zlib-1.2.5\lib\zlib_d.pdb
c:\users\marcus\documents\github\x2d-game-engine\lib\zlib-1.2.5\lib\zlib_d.lib
c:\users\marcus\documents\github\x2d-game-engine\lib\zlib-1.2.5\lib\zlib_d.exp
c:\users\marcus\documents\github\x2d-game-engine\projects\msvc12\..\..\lib\zlib-1.2.5\lib\zlib_d.pdb
c:\users\marcus\documents\github\x2d-game-engine\projects\msvc12\..\..\lib\zlib-1.2.5\lib\zlib_d.dll
c:\users\marcus\documents\github\x2d-game-engine\projects\msvc12\..\..\lib\zlib-1.2.5\lib\zlib_d.bsc
c:\users\marcus\documents\github\x2d-game-engine\projects\msvc12\..\..\lib\zlib-1.2.5\lib\zlib_d.ilk
c:\users\marcus\documents\github\x2d-game-engine\lib\lpng154\projects\vstudio\zlib\debug\zlib.tlog\bscmake.command.1.tlog
c:\users\marcus\documents\github\x2d-game-engine\lib\lpng154\projects\vstudio\zlib\debug\zlib.tlog\bscmake.read.1.tlog
c:\users\marcus\documents\github\x2d-game-engine\lib\lpng154\projects\vstudio\zlib\debug\zlib.tlog\bscmake.write.1.tlog
c:\users\marcus\documents\github\x2d-game-engine\lib\lpng154\projects\vstudio\zlib\debug\zlib.tlog\cl.command.1.tlog
c:\users\marcus\documents\github\x2d-game-engine\lib\lpng154\projects\vstudio\zlib\debug\zlib.tlog\cl.read.1.tlog
c:\users\marcus\documents\github\x2d-game-engine\lib\lpng154\projects\vstudio\zlib\debug\zlib.tlog\cl.write.1.tlog
c:\users\marcus\documents\github\x2d-game-engine\lib\lpng154\projects\vstudio\zlib\debug\zlib.tlog\link.command.1.tlog
c:\users\marcus\documents\github\x2d-game-engine\lib\lpng154\projects\vstudio\zlib\debug\zlib.tlog\link.read.1.tlog
c:\users\marcus\documents\github\x2d-game-engine\lib\lpng154\projects\vstudio\zlib\debug\zlib.tlog\link.write.1.tlog
c:\users\marcus\documents\github\x2d-game-engine\lib\lpng154\projects\vstudio\zlib\debug\zlib.tlog\zlib.write.1u.tlog
