C:\USERS\MARCUS\DOCUMENTS\AURORAX2D\LIB\LPNG154\PROJECTS\VSTUDIO\ZLIB\DEBUG\ADLER32.OBJ
C:\USERS\MARCUS\DOCUMENTS\AURORAX2D\LIB\LPNG154\PROJECTS\VSTUDIO\ZLIB\DEBUG\ADLER32.SBR
C:\Users\Marcus\Documents\Aurorax2D\lib\lpng154\projects\vstudio\zlib\Debug\BscMake.command.1.tlog
C:\Users\Marcus\Documents\Aurorax2D\lib\lpng154\projects\vstudio\zlib\Debug\bscmake.read.1.tlog
C:\Users\Marcus\Documents\Aurorax2D\lib\lpng154\projects\vstudio\zlib\Debug\bscmake.write.1.tlog
C:\Users\Marcus\Documents\Aurorax2D\lib\lpng154\projects\vstudio\zlib\Debug\cl.command.1.tlog
C:\Users\Marcus\Documents\Aurorax2D\lib\lpng154\projects\vstudio\zlib\Debug\CL.read.1.tlog
C:\Users\Marcus\Documents\Aurorax2D\lib\lpng154\projects\vstudio\zlib\Debug\CL.write.1.tlog
C:\USERS\MARCUS\DOCUMENTS\AURORAX2D\LIB\LPNG154\PROJECTS\VSTUDIO\ZLIB\DEBUG\COMPRESS.OBJ
C:\USERS\MARCUS\DOCUMENTS\AURORAX2D\LIB\LPNG154\PROJECTS\VSTUDIO\ZLIB\DEBUG\COMPRESS.SBR
C:\USERS\MARCUS\DOCUMENTS\AURORAX2D\LIB\LPNG154\PROJECTS\VSTUDIO\ZLIB\DEBUG\CRC32.OBJ
C:\USERS\MARCUS\DOCUMENTS\AURORAX2D\LIB\LPNG154\PROJECTS\VSTUDIO\ZLIB\DEBUG\CRC32.SBR
C:\USERS\MARCUS\DOCUMENTS\AURORAX2D\LIB\LPNG154\PROJECTS\VSTUDIO\ZLIB\DEBUG\DEFLATE.OBJ
C:\USERS\MARCUS\DOCUMENTS\AURORAX2D\LIB\LPNG154\PROJECTS\VSTUDIO\ZLIB\DEBUG\DEFLATE.SBR
C:\USERS\MARCUS\DOCUMENTS\AURORAX2D\LIB\LPNG154\PROJECTS\VSTUDIO\ZLIB\DEBUG\INFBACK.OBJ
C:\USERS\MARCUS\DOCUMENTS\AURORAX2D\LIB\LPNG154\PROJECTS\VSTUDIO\ZLIB\DEBUG\INFBACK.SBR
C:\USERS\MARCUS\DOCUMENTS\AURORAX2D\LIB\LPNG154\PROJECTS\VSTUDIO\ZLIB\DEBUG\INFFAST.OBJ
C:\USERS\MARCUS\DOCUMENTS\AURORAX2D\LIB\LPNG154\PROJECTS\VSTUDIO\ZLIB\DEBUG\INFFAST.SBR
C:\USERS\MARCUS\DOCUMENTS\AURORAX2D\LIB\LPNG154\PROJECTS\VSTUDIO\ZLIB\DEBUG\INFLATE.OBJ
C:\USERS\MARCUS\DOCUMENTS\AURORAX2D\LIB\LPNG154\PROJECTS\VSTUDIO\ZLIB\DEBUG\INFLATE.SBR
C:\USERS\MARCUS\DOCUMENTS\AURORAX2D\LIB\LPNG154\PROJECTS\VSTUDIO\ZLIB\DEBUG\INFTREES.OBJ
C:\USERS\MARCUS\DOCUMENTS\AURORAX2D\LIB\LPNG154\PROJECTS\VSTUDIO\ZLIB\DEBUG\INFTREES.SBR
C:\Users\Marcus\Documents\Aurorax2D\lib\lpng154\projects\vstudio\zlib\Debug\lib.command.1.tlog
C:\Users\Marcus\Documents\Aurorax2D\lib\lpng154\projects\vstudio\zlib\Debug\Lib-link.read.1.tlog
C:\Users\Marcus\Documents\Aurorax2D\lib\lpng154\projects\vstudio\zlib\Debug\Lib-link.write.1.tlog
C:\USERS\MARCUS\DOCUMENTS\AURORAX2D\LIB\LPNG154\PROJECTS\VSTUDIO\ZLIB\DEBUG\TREES.OBJ
C:\USERS\MARCUS\DOCUMENTS\AURORAX2D\LIB\LPNG154\PROJECTS\VSTUDIO\ZLIB\DEBUG\TREES.SBR
C:\USERS\MARCUS\DOCUMENTS\AURORAX2D\LIB\LPNG154\PROJECTS\VSTUDIO\ZLIB\DEBUG\UNCOMPR.OBJ
C:\USERS\MARCUS\DOCUMENTS\AURORAX2D\LIB\LPNG154\PROJECTS\VSTUDIO\ZLIB\DEBUG\UNCOMPR.SBR
C:\USERS\MARCUS\DOCUMENTS\AURORAX2D\LIB\LPNG154\PROJECTS\VSTUDIO\ZLIB\DEBUG\VC100.PDB
C:\USERS\MARCUS\DOCUMENTS\AURORAX2D\LIB\LPNG154\PROJECTS\VSTUDIO\ZLIB\DEBUG\ZUTIL.OBJ
C:\USERS\MARCUS\DOCUMENTS\AURORAX2D\LIB\LPNG154\PROJECTS\VSTUDIO\ZLIB\DEBUG\ZUTIL.SBR
C:\USERS\MARCUS\DOCUMENTS\AURORAX2D\LIB\ZLIB-1.2.5\ZLIB.BSC
C:\USERS\MARCUS\DOCUMENTS\AURORAX2D\LIB\ZLIB-1.2.5\ZLIB.LIB
