D:\X2D GAME ENGINE\LIB\GLEW-1.7.0\BUILD\VC10\RELEASE DLL\GLEWINFO.OBJ
D:\X2D GAME ENGINE\LIB\GLEW-1.7.0\BUILD\VC10\RELEASE DLL\GLEW.OBJ
D:\X2D GAME ENGINE\LIB\GLEW-1.7.0\BUILD\VC10\RELEASE DLL\VC110.PDB
D:\x2D Game Engine\lib\glew-1.7.0\lib\glew32.lib
D:\x2D Game Engine\lib\glew-1.7.0\lib\glew32.exp
D:\X2D GAME ENGINE\LIB\GLEW-1.7.0\LIB\GLEW32.DLL
D:\X2D GAME ENGINE\LIB\GLEW-1.7.0\LIB\GLEW32.PDB
D:\x2D Game Engine\lib\glew-1.7.0\build\vc10\Release DLL\glew.obj
D:\x2D Game Engine\lib\glew-1.7.0\build\vc10\Release DLL\glewinfo.obj
D:\x2D Game Engine\lib\glew-1.7.0\build\vc10\Release DLL\cl.command.1.tlog
D:\x2D Game Engine\lib\glew-1.7.0\build\vc10\Release DLL\CL.read.1.tlog
D:\x2D Game Engine\lib\glew-1.7.0\build\vc10\Release DLL\CL.write.1.tlog
D:\x2D Game Engine\lib\glew-1.7.0\build\vc10\Release DLL\glew.write.1.tlog
D:\x2D Game Engine\lib\glew-1.7.0\build\vc10\Release DLL\link-cvtres.read.1.tlog
D:\x2D Game Engine\lib\glew-1.7.0\build\vc10\Release DLL\link-cvtres.write.1.tlog
D:\x2D Game Engine\lib\glew-1.7.0\build\vc10\Release DLL\link-rc.read.1.tlog
D:\x2D Game Engine\lib\glew-1.7.0\build\vc10\Release DLL\link-rc.write.1.tlog
D:\x2D Game Engine\lib\glew-1.7.0\build\vc10\Release DLL\link.command.1.tlog
D:\x2D Game Engine\lib\glew-1.7.0\build\vc10\Release DLL\link.read.1.tlog
D:\x2D Game Engine\lib\glew-1.7.0\build\vc10\Release DLL\link.write.1.tlog
D:\x2D Game Engine\lib\glew-1.7.0\build\vc10\Release DLL\vc110.pdb
D:\x2D Game Engine\projects\msvc11\..\..\lib\glew-1.7.0\lib\glew32.pdb
D:\x2D Game Engine\projects\msvc11\..\..\lib\glew-1.7.0\lib\glew32.dll
