D:\X2D GAME ENGINE\PLUGINS\BOX2D\BOX2D\BUILD\VS2012\OBJ\X32\RELEASE\BOX2D\B2CONTACTMANAGER.OBJ
D:\X2D GAME ENGINE\PLUGINS\BOX2D\BOX2D\BUILD\VS2012\OBJ\X32\RELEASE\BOX2D\B2BODY.OBJ
D:\X2D GAME ENGINE\PLUGINS\BOX2D\BOX2D\BUILD\VS2012\OBJ\X32\RELEASE\BOX2D\B2TIMER.OBJ
D:\X2D GAME ENGINE\PLUGINS\BOX2D\BOX2D\BUILD\VS2012\OBJ\X32\RELEASE\BOX2D\B2STACKALLOCATOR.OBJ
D:\X2D GAME ENGINE\PLUGINS\BOX2D\BOX2D\BUILD\VS2012\OBJ\X32\RELEASE\BOX2D\B2SETTINGS.OBJ
D:\X2D GAME ENGINE\PLUGINS\BOX2D\BOX2D\BUILD\VS2012\OBJ\X32\RELEASE\BOX2D\B2MATH.OBJ
D:\X2D GAME ENGINE\PLUGINS\BOX2D\BOX2D\BUILD\VS2012\OBJ\X32\RELEASE\BOX2D\B2DRAW.OBJ
D:\X2D GAME ENGINE\PLUGINS\BOX2D\BOX2D\BUILD\VS2012\OBJ\X32\RELEASE\BOX2D\B2BLOCKALLOCATOR.OBJ
D:\X2D GAME ENGINE\PLUGINS\BOX2D\BOX2D\BUILD\VS2012\OBJ\X32\RELEASE\BOX2D\B2POLYGONSHAPE.OBJ
D:\X2D GAME ENGINE\PLUGINS\BOX2D\BOX2D\BUILD\VS2012\OBJ\X32\RELEASE\BOX2D\B2EDGESHAPE.OBJ
D:\X2D GAME ENGINE\PLUGINS\BOX2D\BOX2D\BUILD\VS2012\OBJ\X32\RELEASE\BOX2D\B2CIRCLESHAPE.OBJ
D:\X2D GAME ENGINE\PLUGINS\BOX2D\BOX2D\BUILD\VS2012\OBJ\X32\RELEASE\BOX2D\B2CHAINSHAPE.OBJ
D:\X2D GAME ENGINE\PLUGINS\BOX2D\BOX2D\BUILD\VS2012\OBJ\X32\RELEASE\BOX2D\B2TIMEOFIMPACT.OBJ
D:\X2D GAME ENGINE\PLUGINS\BOX2D\BOX2D\BUILD\VS2012\OBJ\X32\RELEASE\BOX2D\B2DYNAMICTREE.OBJ
D:\X2D GAME ENGINE\PLUGINS\BOX2D\BOX2D\BUILD\VS2012\OBJ\X32\RELEASE\BOX2D\B2DISTANCE.OBJ
D:\X2D GAME ENGINE\PLUGINS\BOX2D\BOX2D\BUILD\VS2012\OBJ\X32\RELEASE\BOX2D\B2COLLISION.OBJ
D:\X2D GAME ENGINE\PLUGINS\BOX2D\BOX2D\BUILD\VS2012\OBJ\X32\RELEASE\BOX2D\B2COLLIDEPOLYGON.OBJ
D:\X2D GAME ENGINE\PLUGINS\BOX2D\BOX2D\BUILD\VS2012\OBJ\X32\RELEASE\BOX2D\B2COLLIDEEDGE.OBJ
D:\X2D GAME ENGINE\PLUGINS\BOX2D\BOX2D\BUILD\VS2012\OBJ\X32\RELEASE\BOX2D\B2COLLIDECIRCLE.OBJ
D:\X2D GAME ENGINE\PLUGINS\BOX2D\BOX2D\BUILD\VS2012\OBJ\X32\RELEASE\BOX2D\B2BROADPHASE.OBJ
D:\X2D GAME ENGINE\PLUGINS\BOX2D\BOX2D\BUILD\VS2012\OBJ\X32\RELEASE\BOX2D\B2PRISMATICJOINT.OBJ
D:\X2D GAME ENGINE\PLUGINS\BOX2D\BOX2D\BUILD\VS2012\OBJ\X32\RELEASE\BOX2D\B2MOUSEJOINT.OBJ
D:\X2D GAME ENGINE\PLUGINS\BOX2D\BOX2D\BUILD\VS2012\OBJ\X32\RELEASE\BOX2D\B2MOTORJOINT.OBJ
D:\X2D GAME ENGINE\PLUGINS\BOX2D\BOX2D\BUILD\VS2012\OBJ\X32\RELEASE\BOX2D\B2JOINT.OBJ
D:\X2D GAME ENGINE\PLUGINS\BOX2D\BOX2D\BUILD\VS2012\OBJ\X32\RELEASE\BOX2D\B2GEARJOINT.OBJ
D:\X2D GAME ENGINE\PLUGINS\BOX2D\BOX2D\BUILD\VS2012\OBJ\X32\RELEASE\BOX2D\B2FRICTIONJOINT.OBJ
D:\X2D GAME ENGINE\PLUGINS\BOX2D\BOX2D\BUILD\VS2012\OBJ\X32\RELEASE\BOX2D\B2DISTANCEJOINT.OBJ
D:\X2D GAME ENGINE\PLUGINS\BOX2D\BOX2D\BUILD\VS2012\OBJ\X32\RELEASE\BOX2D\B2POLYGONCONTACT.OBJ
D:\X2D GAME ENGINE\PLUGINS\BOX2D\BOX2D\BUILD\VS2012\OBJ\X32\RELEASE\BOX2D\B2POLYGONANDCIRCLECONTACT.OBJ
D:\X2D GAME ENGINE\PLUGINS\BOX2D\BOX2D\BUILD\VS2012\OBJ\X32\RELEASE\BOX2D\B2EDGEANDPOLYGONCONTACT.OBJ
D:\X2D GAME ENGINE\PLUGINS\BOX2D\BOX2D\BUILD\VS2012\OBJ\X32\RELEASE\BOX2D\B2EDGEANDCIRCLECONTACT.OBJ
D:\X2D GAME ENGINE\PLUGINS\BOX2D\BOX2D\BUILD\VS2012\OBJ\X32\RELEASE\BOX2D\B2CONTACTSOLVER.OBJ
D:\X2D GAME ENGINE\PLUGINS\BOX2D\BOX2D\BUILD\VS2012\OBJ\X32\RELEASE\BOX2D\B2CONTACT.OBJ
D:\X2D GAME ENGINE\PLUGINS\BOX2D\BOX2D\BUILD\VS2012\OBJ\X32\RELEASE\BOX2D\B2CIRCLECONTACT.OBJ
D:\X2D GAME ENGINE\PLUGINS\BOX2D\BOX2D\BUILD\VS2012\OBJ\X32\RELEASE\BOX2D\B2CHAINANDPOLYGONCONTACT.OBJ
D:\X2D GAME ENGINE\PLUGINS\BOX2D\BOX2D\BUILD\VS2012\OBJ\X32\RELEASE\BOX2D\B2CHAINANDCIRCLECONTACT.OBJ
D:\X2D GAME ENGINE\PLUGINS\BOX2D\BOX2D\BUILD\VS2012\OBJ\X32\RELEASE\BOX2D\B2WORLDCALLBACKS.OBJ
D:\X2D GAME ENGINE\PLUGINS\BOX2D\BOX2D\BUILD\VS2012\OBJ\X32\RELEASE\BOX2D\B2WORLD.OBJ
D:\X2D GAME ENGINE\PLUGINS\BOX2D\BOX2D\BUILD\VS2012\OBJ\X32\RELEASE\BOX2D\B2ISLAND.OBJ
D:\X2D GAME ENGINE\PLUGINS\BOX2D\BOX2D\BUILD\VS2012\OBJ\X32\RELEASE\BOX2D\B2FIXTURE.OBJ
D:\X2D GAME ENGINE\PLUGINS\BOX2D\BOX2D\BUILD\VS2012\OBJ\X32\RELEASE\BOX2D\B2WHEELJOINT.OBJ
D:\X2D GAME ENGINE\PLUGINS\BOX2D\BOX2D\BUILD\VS2012\OBJ\X32\RELEASE\BOX2D\B2WELDJOINT.OBJ
D:\X2D GAME ENGINE\PLUGINS\BOX2D\BOX2D\BUILD\VS2012\OBJ\X32\RELEASE\BOX2D\B2ROPEJOINT.OBJ
D:\X2D GAME ENGINE\PLUGINS\BOX2D\BOX2D\BUILD\VS2012\OBJ\X32\RELEASE\BOX2D\B2REVOLUTEJOINT.OBJ
D:\X2D GAME ENGINE\PLUGINS\BOX2D\BOX2D\BUILD\VS2012\OBJ\X32\RELEASE\BOX2D\B2PULLEYJOINT.OBJ
D:\X2D GAME ENGINE\PLUGINS\BOX2D\BOX2D\BUILD\VS2012\BIN\RELEASE\BOX2D.LIB
D:\x2D Game Engine\plugins\Box2D\Box2D\Build\vs2012\obj\x32\Release\Box2D\b2BlockAllocator.obj
D:\x2D Game Engine\plugins\Box2D\Box2D\Build\vs2012\obj\x32\Release\Box2D\b2Body.obj
D:\x2D Game Engine\plugins\Box2D\Box2D\Build\vs2012\obj\x32\Release\Box2D\b2BroadPhase.obj
D:\x2D Game Engine\plugins\Box2D\Box2D\Build\vs2012\obj\x32\Release\Box2D\b2ChainAndCircleContact.obj
D:\x2D Game Engine\plugins\Box2D\Box2D\Build\vs2012\obj\x32\Release\Box2D\b2ChainAndPolygonContact.obj
D:\x2D Game Engine\plugins\Box2D\Box2D\Build\vs2012\obj\x32\Release\Box2D\b2ChainShape.obj
D:\x2D Game Engine\plugins\Box2D\Box2D\Build\vs2012\obj\x32\Release\Box2D\b2CircleContact.obj
D:\x2D Game Engine\plugins\Box2D\Box2D\Build\vs2012\obj\x32\Release\Box2D\b2CircleShape.obj
D:\x2D Game Engine\plugins\Box2D\Box2D\Build\vs2012\obj\x32\Release\Box2D\b2CollideCircle.obj
D:\x2D Game Engine\plugins\Box2D\Box2D\Build\vs2012\obj\x32\Release\Box2D\b2CollideEdge.obj
D:\x2D Game Engine\plugins\Box2D\Box2D\Build\vs2012\obj\x32\Release\Box2D\b2CollidePolygon.obj
D:\x2D Game Engine\plugins\Box2D\Box2D\Build\vs2012\obj\x32\Release\Box2D\b2Collision.obj
D:\x2D Game Engine\plugins\Box2D\Box2D\Build\vs2012\obj\x32\Release\Box2D\b2Contact.obj
D:\x2D Game Engine\plugins\Box2D\Box2D\Build\vs2012\obj\x32\Release\Box2D\b2ContactManager.obj
D:\x2D Game Engine\plugins\Box2D\Box2D\Build\vs2012\obj\x32\Release\Box2D\b2ContactSolver.obj
D:\x2D Game Engine\plugins\Box2D\Box2D\Build\vs2012\obj\x32\Release\Box2D\b2Distance.obj
D:\x2D Game Engine\plugins\Box2D\Box2D\Build\vs2012\obj\x32\Release\Box2D\b2DistanceJoint.obj
D:\x2D Game Engine\plugins\Box2D\Box2D\Build\vs2012\obj\x32\Release\Box2D\b2Draw.obj
D:\x2D Game Engine\plugins\Box2D\Box2D\Build\vs2012\obj\x32\Release\Box2D\b2DynamicTree.obj
D:\x2D Game Engine\plugins\Box2D\Box2D\Build\vs2012\obj\x32\Release\Box2D\b2EdgeAndCircleContact.obj
D:\x2D Game Engine\plugins\Box2D\Box2D\Build\vs2012\obj\x32\Release\Box2D\b2EdgeAndPolygonContact.obj
D:\x2D Game Engine\plugins\Box2D\Box2D\Build\vs2012\obj\x32\Release\Box2D\b2EdgeShape.obj
D:\x2D Game Engine\plugins\Box2D\Box2D\Build\vs2012\obj\x32\Release\Box2D\b2Fixture.obj
D:\x2D Game Engine\plugins\Box2D\Box2D\Build\vs2012\obj\x32\Release\Box2D\b2FrictionJoint.obj
D:\x2D Game Engine\plugins\Box2D\Box2D\Build\vs2012\obj\x32\Release\Box2D\b2GearJoint.obj
D:\x2D Game Engine\plugins\Box2D\Box2D\Build\vs2012\obj\x32\Release\Box2D\b2Island.obj
D:\x2D Game Engine\plugins\Box2D\Box2D\Build\vs2012\obj\x32\Release\Box2D\b2Joint.obj
D:\x2D Game Engine\plugins\Box2D\Box2D\Build\vs2012\obj\x32\Release\Box2D\b2Math.obj
D:\x2D Game Engine\plugins\Box2D\Box2D\Build\vs2012\obj\x32\Release\Box2D\b2MotorJoint.obj
D:\x2D Game Engine\plugins\Box2D\Box2D\Build\vs2012\obj\x32\Release\Box2D\b2MouseJoint.obj
D:\x2D Game Engine\plugins\Box2D\Box2D\Build\vs2012\obj\x32\Release\Box2D\b2PolygonAndCircleContact.obj
D:\x2D Game Engine\plugins\Box2D\Box2D\Build\vs2012\obj\x32\Release\Box2D\b2PolygonContact.obj
D:\x2D Game Engine\plugins\Box2D\Box2D\Build\vs2012\obj\x32\Release\Box2D\b2PolygonShape.obj
D:\x2D Game Engine\plugins\Box2D\Box2D\Build\vs2012\obj\x32\Release\Box2D\b2PrismaticJoint.obj
D:\x2D Game Engine\plugins\Box2D\Box2D\Build\vs2012\obj\x32\Release\Box2D\b2PulleyJoint.obj
D:\x2D Game Engine\plugins\Box2D\Box2D\Build\vs2012\obj\x32\Release\Box2D\b2RevoluteJoint.obj
D:\x2D Game Engine\plugins\Box2D\Box2D\Build\vs2012\obj\x32\Release\Box2D\b2RopeJoint.obj
D:\x2D Game Engine\plugins\Box2D\Box2D\Build\vs2012\obj\x32\Release\Box2D\b2Settings.obj
D:\x2D Game Engine\plugins\Box2D\Box2D\Build\vs2012\obj\x32\Release\Box2D\b2StackAllocator.obj
D:\x2D Game Engine\plugins\Box2D\Box2D\Build\vs2012\obj\x32\Release\Box2D\b2TimeOfImpact.obj
D:\x2D Game Engine\plugins\Box2D\Box2D\Build\vs2012\obj\x32\Release\Box2D\b2Timer.obj
D:\x2D Game Engine\plugins\Box2D\Box2D\Build\vs2012\obj\x32\Release\Box2D\b2WeldJoint.obj
D:\x2D Game Engine\plugins\Box2D\Box2D\Build\vs2012\obj\x32\Release\Box2D\b2WheelJoint.obj
D:\x2D Game Engine\plugins\Box2D\Box2D\Build\vs2012\obj\x32\Release\Box2D\b2World.obj
D:\x2D Game Engine\plugins\Box2D\Box2D\Build\vs2012\obj\x32\Release\Box2D\b2WorldCallbacks.obj
D:\x2D Game Engine\plugins\Box2D\Box2D\Build\vs2012\obj\x32\Release\Box2D\cl.command.1.tlog
D:\x2D Game Engine\plugins\Box2D\Box2D\Build\vs2012\obj\x32\Release\Box2D\CL.read.1.tlog
D:\x2D Game Engine\plugins\Box2D\Box2D\Build\vs2012\obj\x32\Release\Box2D\CL.write.1.tlog
D:\x2D Game Engine\plugins\Box2D\Box2D\Build\vs2012\obj\x32\Release\Box2D\Lib-link.read.1.tlog
D:\x2D Game Engine\plugins\Box2D\Box2D\Build\vs2012\obj\x32\Release\Box2D\Lib-link.write.1.tlog
D:\x2D Game Engine\plugins\Box2D\Box2D\Build\vs2012\obj\x32\Release\Box2D\lib.command.1.tlog
D:\x2D Game Engine\plugins\Box2D\Box2D\Build\vs2012\bin\Release\Box2D.lib
