D:\X2D GAME ENGINE\LIB\LPNG154\LIB\LIBPNG15_D.BSC
D:\X2D GAME ENGINE\LIB\LPNG154\PROJECTS\VSTUDIO\LIBPNG\DEBUG DLL\LIBPNG15_D.PCH
D:\X2D GAME ENGINE\LIB\LPNG154\PROJECTS\VSTUDIO\LIBPNG\DEBUG DLL\PNG.SBR
D:\X2D GAME ENGINE\LIB\LPNG154\PROJECTS\VSTUDIO\LIBPNG\DEBUG DLL\PNG.OBJ
D:\X2D GAME ENGINE\LIB\LPNG154\PROJECTS\VSTUDIO\LIBPNG\DEBUG DLL\VC110.PDB
D:\X2D GAME ENGINE\LIB\LPNG154\PROJECTS\VSTUDIO\LIBPNG\DEBUG DLL\PNGERROR.SBR
D:\X2D GAME ENGINE\LIB\LPNG154\PROJECTS\VSTUDIO\LIBPNG\DEBUG DLL\PNGGET.SBR
D:\X2D GAME ENGINE\LIB\LPNG154\PROJECTS\VSTUDIO\LIBPNG\DEBUG DLL\PNGMEM.SBR
D:\X2D GAME ENGINE\LIB\LPNG154\PROJECTS\VSTUDIO\LIBPNG\DEBUG DLL\PNGPREAD.SBR
D:\X2D GAME ENGINE\LIB\LPNG154\PROJECTS\VSTUDIO\LIBPNG\DEBUG DLL\PNGREAD.SBR
D:\X2D GAME ENGINE\LIB\LPNG154\PROJECTS\VSTUDIO\LIBPNG\DEBUG DLL\PNGRIO.SBR
D:\X2D GAME ENGINE\LIB\LPNG154\PROJECTS\VSTUDIO\LIBPNG\DEBUG DLL\PNGRTRAN.SBR
D:\X2D GAME ENGINE\LIB\LPNG154\PROJECTS\VSTUDIO\LIBPNG\DEBUG DLL\PNGRUTIL.SBR
D:\X2D GAME ENGINE\LIB\LPNG154\PROJECTS\VSTUDIO\LIBPNG\DEBUG DLL\PNGSET.SBR
D:\X2D GAME ENGINE\LIB\LPNG154\PROJECTS\VSTUDIO\LIBPNG\DEBUG DLL\PNGTRANS.SBR
D:\X2D GAME ENGINE\LIB\LPNG154\PROJECTS\VSTUDIO\LIBPNG\DEBUG DLL\PNGWIO.SBR
D:\X2D GAME ENGINE\LIB\LPNG154\PROJECTS\VSTUDIO\LIBPNG\DEBUG DLL\PNGWRITE.SBR
D:\X2D GAME ENGINE\LIB\LPNG154\PROJECTS\VSTUDIO\LIBPNG\DEBUG DLL\PNGWTRAN.SBR
D:\X2D GAME ENGINE\LIB\LPNG154\PROJECTS\VSTUDIO\LIBPNG\DEBUG DLL\PNGWUTIL.SBR
D:\X2D GAME ENGINE\LIB\LPNG154\PROJECTS\VSTUDIO\LIBPNG\DEBUG DLL\PNGWUTIL.OBJ
D:\X2D GAME ENGINE\LIB\LPNG154\PROJECTS\VSTUDIO\LIBPNG\DEBUG DLL\PNGWTRAN.OBJ
D:\X2D GAME ENGINE\LIB\LPNG154\PROJECTS\VSTUDIO\LIBPNG\DEBUG DLL\PNGWRITE.OBJ
D:\X2D GAME ENGINE\LIB\LPNG154\PROJECTS\VSTUDIO\LIBPNG\DEBUG DLL\PNGWIO.OBJ
D:\X2D GAME ENGINE\LIB\LPNG154\PROJECTS\VSTUDIO\LIBPNG\DEBUG DLL\PNGTRANS.OBJ
D:\X2D GAME ENGINE\LIB\LPNG154\PROJECTS\VSTUDIO\LIBPNG\DEBUG DLL\PNGSET.OBJ
D:\X2D GAME ENGINE\LIB\LPNG154\PROJECTS\VSTUDIO\LIBPNG\DEBUG DLL\PNGRUTIL.OBJ
D:\X2D GAME ENGINE\LIB\LPNG154\PROJECTS\VSTUDIO\LIBPNG\DEBUG DLL\PNGRTRAN.OBJ
D:\X2D GAME ENGINE\LIB\LPNG154\PROJECTS\VSTUDIO\LIBPNG\DEBUG DLL\PNGRIO.OBJ
D:\X2D GAME ENGINE\LIB\LPNG154\PROJECTS\VSTUDIO\LIBPNG\DEBUG DLL\PNGREAD.OBJ
D:\X2D GAME ENGINE\LIB\LPNG154\PROJECTS\VSTUDIO\LIBPNG\DEBUG DLL\PNGPREAD.OBJ
D:\X2D GAME ENGINE\LIB\LPNG154\PROJECTS\VSTUDIO\LIBPNG\DEBUG DLL\PNGMEM.OBJ
D:\X2D GAME ENGINE\LIB\LPNG154\PROJECTS\VSTUDIO\LIBPNG\DEBUG DLL\PNGGET.OBJ
D:\X2D GAME ENGINE\LIB\LPNG154\PROJECTS\VSTUDIO\LIBPNG\DEBUG DLL\PNGERROR.OBJ
D:\x2D Game Engine\lib\lpng154\lib\libpng15_d.lib
D:\x2D Game Engine\lib\lpng154\lib\libpng15_d.exp
D:\X2D GAME ENGINE\LIB\LPNG154\LIB\LIBPNG15_D.DLL
D:\X2D GAME ENGINE\LIB\LPNG154\LIB\LIBPNG15_D.PDB
D:\x2D Game Engine\lib\lpng154\projects\vstudio\libpng\Debug DLL\png.obj
D:\x2D Game Engine\lib\lpng154\projects\vstudio\libpng\Debug DLL\pngerror.obj
D:\x2D Game Engine\lib\lpng154\projects\vstudio\libpng\Debug DLL\pngget.obj
D:\x2D Game Engine\lib\lpng154\projects\vstudio\libpng\Debug DLL\pngmem.obj
D:\x2D Game Engine\lib\lpng154\projects\vstudio\libpng\Debug DLL\pngpread.obj
D:\x2D Game Engine\lib\lpng154\projects\vstudio\libpng\Debug DLL\pngread.obj
D:\x2D Game Engine\lib\lpng154\projects\vstudio\libpng\Debug DLL\pngrio.obj
D:\x2D Game Engine\lib\lpng154\projects\vstudio\libpng\Debug DLL\pngrtran.obj
D:\x2D Game Engine\lib\lpng154\projects\vstudio\libpng\Debug DLL\pngrutil.obj
D:\x2D Game Engine\lib\lpng154\projects\vstudio\libpng\Debug DLL\pngset.obj
D:\x2D Game Engine\lib\lpng154\projects\vstudio\libpng\Debug DLL\pngtrans.obj
D:\x2D Game Engine\lib\lpng154\projects\vstudio\libpng\Debug DLL\pngwio.obj
D:\x2D Game Engine\lib\lpng154\projects\vstudio\libpng\Debug DLL\pngwrite.obj
D:\x2D Game Engine\lib\lpng154\projects\vstudio\libpng\Debug DLL\pngwtran.obj
D:\x2D Game Engine\lib\lpng154\projects\vstudio\libpng\Debug DLL\pngwutil.obj
D:\x2D Game Engine\lib\lpng154\projects\vstudio\libpng\Debug DLL\BscMake.command.1.tlog
D:\x2D Game Engine\lib\lpng154\projects\vstudio\libpng\Debug DLL\bscmake.read.1.tlog
D:\x2D Game Engine\lib\lpng154\projects\vstudio\libpng\Debug DLL\bscmake.write.1.tlog
D:\x2D Game Engine\lib\lpng154\projects\vstudio\libpng\Debug DLL\cl.command.1.tlog
D:\x2D Game Engine\lib\lpng154\projects\vstudio\libpng\Debug DLL\CL.read.1.tlog
D:\x2D Game Engine\lib\lpng154\projects\vstudio\libpng\Debug DLL\CL.write.1.tlog
D:\x2D Game Engine\lib\lpng154\projects\vstudio\libpng\Debug DLL\libpng.write.1.tlog
D:\x2D Game Engine\lib\lpng154\projects\vstudio\libpng\Debug DLL\link-cvtres.read.1.tlog
D:\x2D Game Engine\lib\lpng154\projects\vstudio\libpng\Debug DLL\link-cvtres.write.1.tlog
D:\x2D Game Engine\lib\lpng154\projects\vstudio\libpng\Debug DLL\link-rc.read.1.tlog
D:\x2D Game Engine\lib\lpng154\projects\vstudio\libpng\Debug DLL\link-rc.write.1.tlog
D:\x2D Game Engine\lib\lpng154\projects\vstudio\libpng\Debug DLL\link.command.1.tlog
D:\x2D Game Engine\lib\lpng154\projects\vstudio\libpng\Debug DLL\link.read.1.tlog
D:\x2D Game Engine\lib\lpng154\projects\vstudio\libpng\Debug DLL\link.write.1.tlog
D:\x2D Game Engine\lib\lpng154\projects\vstudio\libpng\Debug DLL\libpng15_d.pch
D:\x2D Game Engine\lib\lpng154\projects\vstudio\libpng\Debug DLL\vc110.pdb
D:\x2D Game Engine\lib\lpng154\projects\vstudio\libpng\Debug DLL\png.sbr
D:\x2D Game Engine\lib\lpng154\projects\vstudio\libpng\Debug DLL\pngerror.sbr
D:\x2D Game Engine\lib\lpng154\projects\vstudio\libpng\Debug DLL\pngget.sbr
D:\x2D Game Engine\lib\lpng154\projects\vstudio\libpng\Debug DLL\pngmem.sbr
D:\x2D Game Engine\lib\lpng154\projects\vstudio\libpng\Debug DLL\pngpread.sbr
D:\x2D Game Engine\lib\lpng154\projects\vstudio\libpng\Debug DLL\pngread.sbr
D:\x2D Game Engine\lib\lpng154\projects\vstudio\libpng\Debug DLL\pngrio.sbr
D:\x2D Game Engine\lib\lpng154\projects\vstudio\libpng\Debug DLL\pngrtran.sbr
D:\x2D Game Engine\lib\lpng154\projects\vstudio\libpng\Debug DLL\pngrutil.sbr
D:\x2D Game Engine\lib\lpng154\projects\vstudio\libpng\Debug DLL\pngset.sbr
D:\x2D Game Engine\lib\lpng154\projects\vstudio\libpng\Debug DLL\pngtrans.sbr
D:\x2D Game Engine\lib\lpng154\projects\vstudio\libpng\Debug DLL\pngwio.sbr
D:\x2D Game Engine\lib\lpng154\projects\vstudio\libpng\Debug DLL\pngwrite.sbr
D:\x2D Game Engine\lib\lpng154\projects\vstudio\libpng\Debug DLL\pngwtran.sbr
D:\x2D Game Engine\lib\lpng154\projects\vstudio\libpng\Debug DLL\pngwutil.sbr
D:\x2D Game Engine\projects\msvc11\..\..\lib\lpng154\lib\libpng15_d.pdb
D:\x2D Game Engine\projects\msvc11\..\..\lib\lpng154\lib\libpng15_d.dll
D:\x2D Game Engine\projects\msvc11\..\..\lib\lpng154\lib\libpng15_d.bsc
