D:\X2D GAME ENGINE\LIB\FREETYPE-2.4.8\BUILDS\WIN32\VC2010\RELEASE DLL\FTBITMAP.OBJ
D:\X2D GAME ENGINE\LIB\FREETYPE-2.4.8\BUILDS\WIN32\VC2010\RELEASE DLL\FTTYPE1.OBJ
D:\X2D GAME ENGINE\LIB\FREETYPE-2.4.8\BUILDS\WIN32\VC2010\RELEASE DLL\FTPATENT.OBJ
D:\X2D GAME ENGINE\LIB\FREETYPE-2.4.8\BUILDS\WIN32\VC2010\RELEASE DLL\FTSYNTH.OBJ
D:\X2D GAME ENGINE\LIB\FREETYPE-2.4.8\BUILDS\WIN32\VC2010\RELEASE DLL\FTOTVAL.OBJ
D:\X2D GAME ENGINE\LIB\FREETYPE-2.4.8\BUILDS\WIN32\VC2010\RELEASE DLL\FTSTROKE.OBJ
D:\X2D GAME ENGINE\LIB\FREETYPE-2.4.8\BUILDS\WIN32\VC2010\RELEASE DLL\FTGXVAL.OBJ
D:\X2D GAME ENGINE\LIB\FREETYPE-2.4.8\BUILDS\WIN32\VC2010\RELEASE DLL\FTFSTYPE.OBJ
D:\X2D GAME ENGINE\LIB\FREETYPE-2.4.8\BUILDS\WIN32\VC2010\RELEASE DLL\FTWINFNT.OBJ
D:\X2D GAME ENGINE\LIB\FREETYPE-2.4.8\BUILDS\WIN32\VC2010\RELEASE DLL\AUTOFIT.OBJ
D:\X2D GAME ENGINE\LIB\FREETYPE-2.4.8\BUILDS\WIN32\VC2010\RELEASE DLL\FTBBOX.OBJ
D:\X2D GAME ENGINE\LIB\FREETYPE-2.4.8\BUILDS\WIN32\VC2010\RELEASE DLL\FTXF86.OBJ
D:\X2D GAME ENGINE\LIB\FREETYPE-2.4.8\BUILDS\WIN32\VC2010\RELEASE DLL\FTPFR.OBJ
D:\X2D GAME ENGINE\LIB\FREETYPE-2.4.8\BUILDS\WIN32\VC2010\RELEASE DLL\FTGASP.OBJ
D:\X2D GAME ENGINE\LIB\FREETYPE-2.4.8\BUILDS\WIN32\VC2010\RELEASE DLL\FTLCDFIL.OBJ
D:\X2D GAME ENGINE\LIB\FREETYPE-2.4.8\BUILDS\WIN32\VC2010\RELEASE DLL\FTLZW.OBJ
D:\X2D GAME ENGINE\LIB\FREETYPE-2.4.8\BUILDS\WIN32\VC2010\RELEASE DLL\FTMM.OBJ
D:\X2D GAME ENGINE\LIB\FREETYPE-2.4.8\BUILDS\WIN32\VC2010\RELEASE DLL\TRUETYPE.OBJ
D:\X2D GAME ENGINE\LIB\FREETYPE-2.4.8\BUILDS\WIN32\VC2010\RELEASE DLL\FTGZIP.OBJ
D:\X2D GAME ENGINE\LIB\FREETYPE-2.4.8\BUILDS\WIN32\VC2010\RELEASE DLL\PFR.OBJ
D:\X2D GAME ENGINE\LIB\FREETYPE-2.4.8\BUILDS\WIN32\VC2010\RELEASE DLL\TYPE42.OBJ
D:\X2D GAME ENGINE\LIB\FREETYPE-2.4.8\BUILDS\WIN32\VC2010\RELEASE DLL\BDF.OBJ
D:\X2D GAME ENGINE\LIB\FREETYPE-2.4.8\BUILDS\WIN32\VC2010\RELEASE DLL\PCF.OBJ
D:\X2D GAME ENGINE\LIB\FREETYPE-2.4.8\BUILDS\WIN32\VC2010\RELEASE DLL\TYPE1.OBJ
D:\X2D GAME ENGINE\LIB\FREETYPE-2.4.8\BUILDS\WIN32\VC2010\RELEASE DLL\FTGLYPH.OBJ
D:\X2D GAME ENGINE\LIB\FREETYPE-2.4.8\BUILDS\WIN32\VC2010\RELEASE DLL\FTSYSTEM.OBJ
D:\X2D GAME ENGINE\LIB\FREETYPE-2.4.8\BUILDS\WIN32\VC2010\RELEASE DLL\PSMODULE.OBJ
D:\X2D GAME ENGINE\LIB\FREETYPE-2.4.8\BUILDS\WIN32\VC2010\RELEASE DLL\CFF.OBJ
D:\X2D GAME ENGINE\LIB\FREETYPE-2.4.8\BUILDS\WIN32\VC2010\RELEASE DLL\PSHINTER.OBJ
D:\X2D GAME ENGINE\LIB\FREETYPE-2.4.8\BUILDS\WIN32\VC2010\RELEASE DLL\FTINIT.OBJ
D:\X2D GAME ENGINE\LIB\FREETYPE-2.4.8\BUILDS\WIN32\VC2010\RELEASE DLL\SMOOTH.OBJ
D:\X2D GAME ENGINE\LIB\FREETYPE-2.4.8\BUILDS\WIN32\VC2010\RELEASE DLL\SFNT.OBJ
D:\X2D GAME ENGINE\LIB\FREETYPE-2.4.8\BUILDS\WIN32\VC2010\RELEASE DLL\FTCACHE.OBJ
D:\X2D GAME ENGINE\LIB\FREETYPE-2.4.8\BUILDS\WIN32\VC2010\RELEASE DLL\PSAUX.OBJ
D:\X2D GAME ENGINE\LIB\FREETYPE-2.4.8\BUILDS\WIN32\VC2010\RELEASE DLL\TYPE1CID.OBJ
D:\X2D GAME ENGINE\LIB\FREETYPE-2.4.8\BUILDS\WIN32\VC2010\RELEASE DLL\FTBASE.OBJ
D:\X2D GAME ENGINE\LIB\FREETYPE-2.4.8\BUILDS\WIN32\VC2010\RELEASE DLL\RASTER.OBJ
D:\X2D GAME ENGINE\LIB\FREETYPE-2.4.8\BUILDS\WIN32\VC2010\RELEASE DLL\WINFNT.OBJ
D:\X2D GAME ENGINE\LIB\FREETYPE-2.4.8\BUILDS\WIN32\VC2010\RELEASE DLL\FTDEBUG.OBJ
D:\x2D Game Engine\lib\freetype-2.4.8\lib\freetype248.lib
D:\x2D Game Engine\lib\freetype-2.4.8\lib\freetype248.exp
D:\X2D GAME ENGINE\LIB\FREETYPE-2.4.8\LIB\FREETYPE248.DLL
D:\x2D Game Engine\lib\freetype-2.4.8\builds\win32\vc2010\Release DLL\autofit.obj
D:\x2D Game Engine\lib\freetype-2.4.8\builds\win32\vc2010\Release DLL\bdf.obj
D:\x2D Game Engine\lib\freetype-2.4.8\builds\win32\vc2010\Release DLL\cff.obj
D:\x2D Game Engine\lib\freetype-2.4.8\builds\win32\vc2010\Release DLL\ftbase.obj
D:\x2D Game Engine\lib\freetype-2.4.8\builds\win32\vc2010\Release DLL\ftbbox.obj
D:\x2D Game Engine\lib\freetype-2.4.8\builds\win32\vc2010\Release DLL\ftbitmap.obj
D:\x2D Game Engine\lib\freetype-2.4.8\builds\win32\vc2010\Release DLL\ftcache.obj
D:\x2D Game Engine\lib\freetype-2.4.8\builds\win32\vc2010\Release DLL\ftdebug.obj
D:\x2D Game Engine\lib\freetype-2.4.8\builds\win32\vc2010\Release DLL\ftfstype.obj
D:\x2D Game Engine\lib\freetype-2.4.8\builds\win32\vc2010\Release DLL\ftgasp.obj
D:\x2D Game Engine\lib\freetype-2.4.8\builds\win32\vc2010\Release DLL\ftglyph.obj
D:\x2D Game Engine\lib\freetype-2.4.8\builds\win32\vc2010\Release DLL\ftgxval.obj
D:\x2D Game Engine\lib\freetype-2.4.8\builds\win32\vc2010\Release DLL\ftgzip.obj
D:\x2D Game Engine\lib\freetype-2.4.8\builds\win32\vc2010\Release DLL\ftinit.obj
D:\x2D Game Engine\lib\freetype-2.4.8\builds\win32\vc2010\Release DLL\ftlcdfil.obj
D:\x2D Game Engine\lib\freetype-2.4.8\builds\win32\vc2010\Release DLL\ftlzw.obj
D:\x2D Game Engine\lib\freetype-2.4.8\builds\win32\vc2010\Release DLL\ftmm.obj
D:\x2D Game Engine\lib\freetype-2.4.8\builds\win32\vc2010\Release DLL\ftotval.obj
D:\x2D Game Engine\lib\freetype-2.4.8\builds\win32\vc2010\Release DLL\ftpatent.obj
D:\x2D Game Engine\lib\freetype-2.4.8\builds\win32\vc2010\Release DLL\ftpfr.obj
D:\x2D Game Engine\lib\freetype-2.4.8\builds\win32\vc2010\Release DLL\ftstroke.obj
D:\x2D Game Engine\lib\freetype-2.4.8\builds\win32\vc2010\Release DLL\ftsynth.obj
D:\x2D Game Engine\lib\freetype-2.4.8\builds\win32\vc2010\Release DLL\ftsystem.obj
D:\x2D Game Engine\lib\freetype-2.4.8\builds\win32\vc2010\Release DLL\fttype1.obj
D:\x2D Game Engine\lib\freetype-2.4.8\builds\win32\vc2010\Release DLL\ftwinfnt.obj
D:\x2D Game Engine\lib\freetype-2.4.8\builds\win32\vc2010\Release DLL\ftxf86.obj
D:\x2D Game Engine\lib\freetype-2.4.8\builds\win32\vc2010\Release DLL\pcf.obj
D:\x2D Game Engine\lib\freetype-2.4.8\builds\win32\vc2010\Release DLL\pfr.obj
D:\x2D Game Engine\lib\freetype-2.4.8\builds\win32\vc2010\Release DLL\psaux.obj
D:\x2D Game Engine\lib\freetype-2.4.8\builds\win32\vc2010\Release DLL\pshinter.obj
D:\x2D Game Engine\lib\freetype-2.4.8\builds\win32\vc2010\Release DLL\psmodule.obj
D:\x2D Game Engine\lib\freetype-2.4.8\builds\win32\vc2010\Release DLL\raster.obj
D:\x2D Game Engine\lib\freetype-2.4.8\builds\win32\vc2010\Release DLL\sfnt.obj
D:\x2D Game Engine\lib\freetype-2.4.8\builds\win32\vc2010\Release DLL\smooth.obj
D:\x2D Game Engine\lib\freetype-2.4.8\builds\win32\vc2010\Release DLL\truetype.obj
D:\x2D Game Engine\lib\freetype-2.4.8\builds\win32\vc2010\Release DLL\type1.obj
D:\x2D Game Engine\lib\freetype-2.4.8\builds\win32\vc2010\Release DLL\type1cid.obj
D:\x2D Game Engine\lib\freetype-2.4.8\builds\win32\vc2010\Release DLL\type42.obj
D:\x2D Game Engine\lib\freetype-2.4.8\builds\win32\vc2010\Release DLL\winfnt.obj
D:\x2D Game Engine\lib\freetype-2.4.8\builds\win32\vc2010\Release DLL\CL.1140.read.1.tlog
D:\x2D Game Engine\lib\freetype-2.4.8\builds\win32\vc2010\Release DLL\CL.1140.write.1.tlog
D:\x2D Game Engine\lib\freetype-2.4.8\builds\win32\vc2010\Release DLL\CL.1360.read.1.tlog
D:\x2D Game Engine\lib\freetype-2.4.8\builds\win32\vc2010\Release DLL\CL.1360.write.1.tlog
D:\x2D Game Engine\lib\freetype-2.4.8\builds\win32\vc2010\Release DLL\CL.3024.read.1.tlog
D:\x2D Game Engine\lib\freetype-2.4.8\builds\win32\vc2010\Release DLL\CL.3024.write.1.tlog
D:\x2D Game Engine\lib\freetype-2.4.8\builds\win32\vc2010\Release DLL\CL.3588.read.1.tlog
D:\x2D Game Engine\lib\freetype-2.4.8\builds\win32\vc2010\Release DLL\CL.3588.write.1.tlog
D:\x2D Game Engine\lib\freetype-2.4.8\builds\win32\vc2010\Release DLL\CL.3732.read.1.tlog
D:\x2D Game Engine\lib\freetype-2.4.8\builds\win32\vc2010\Release DLL\CL.3732.write.1.tlog
D:\x2D Game Engine\lib\freetype-2.4.8\builds\win32\vc2010\Release DLL\CL.4348.read.1.tlog
D:\x2D Game Engine\lib\freetype-2.4.8\builds\win32\vc2010\Release DLL\CL.4348.write.1.tlog
D:\x2D Game Engine\lib\freetype-2.4.8\builds\win32\vc2010\Release DLL\CL.5760.read.1.tlog
D:\x2D Game Engine\lib\freetype-2.4.8\builds\win32\vc2010\Release DLL\CL.5760.write.1.tlog
D:\x2D Game Engine\lib\freetype-2.4.8\builds\win32\vc2010\Release DLL\CL.6696.read.1.tlog
D:\x2D Game Engine\lib\freetype-2.4.8\builds\win32\vc2010\Release DLL\CL.6696.write.1.tlog
D:\x2D Game Engine\lib\freetype-2.4.8\builds\win32\vc2010\Release DLL\CL.6764.read.1.tlog
D:\x2D Game Engine\lib\freetype-2.4.8\builds\win32\vc2010\Release DLL\CL.6764.write.1.tlog
D:\x2D Game Engine\lib\freetype-2.4.8\builds\win32\vc2010\Release DLL\CL.7232.read.1.tlog
D:\x2D Game Engine\lib\freetype-2.4.8\builds\win32\vc2010\Release DLL\CL.7232.write.1.tlog
D:\x2D Game Engine\lib\freetype-2.4.8\builds\win32\vc2010\Release DLL\CL.7272.read.1.tlog
D:\x2D Game Engine\lib\freetype-2.4.8\builds\win32\vc2010\Release DLL\CL.7272.write.1.tlog
D:\x2D Game Engine\lib\freetype-2.4.8\builds\win32\vc2010\Release DLL\CL.7344.read.1.tlog
D:\x2D Game Engine\lib\freetype-2.4.8\builds\win32\vc2010\Release DLL\CL.7344.write.1.tlog
D:\x2D Game Engine\lib\freetype-2.4.8\builds\win32\vc2010\Release DLL\CL.7396.read.1.tlog
D:\x2D Game Engine\lib\freetype-2.4.8\builds\win32\vc2010\Release DLL\CL.7396.write.1.tlog
D:\x2D Game Engine\lib\freetype-2.4.8\builds\win32\vc2010\Release DLL\CL.7584.read.1.tlog
D:\x2D Game Engine\lib\freetype-2.4.8\builds\win32\vc2010\Release DLL\CL.7584.write.1.tlog
D:\x2D Game Engine\lib\freetype-2.4.8\builds\win32\vc2010\Release DLL\CL.8096.read.1.tlog
D:\x2D Game Engine\lib\freetype-2.4.8\builds\win32\vc2010\Release DLL\CL.8096.write.1.tlog
D:\x2D Game Engine\lib\freetype-2.4.8\builds\win32\vc2010\Release DLL\CL.8176.read.1.tlog
D:\x2D Game Engine\lib\freetype-2.4.8\builds\win32\vc2010\Release DLL\CL.8176.write.1.tlog
D:\x2D Game Engine\lib\freetype-2.4.8\builds\win32\vc2010\Release DLL\cl.command.1.tlog
D:\x2D Game Engine\lib\freetype-2.4.8\builds\win32\vc2010\Release DLL\CL.read.1.tlog
D:\x2D Game Engine\lib\freetype-2.4.8\builds\win32\vc2010\Release DLL\CL.write.1.tlog
D:\x2D Game Engine\lib\freetype-2.4.8\builds\win32\vc2010\Release DLL\freetype.write.1.tlog
D:\x2D Game Engine\lib\freetype-2.4.8\builds\win32\vc2010\Release DLL\link-cvtres.read.1.tlog
D:\x2D Game Engine\lib\freetype-2.4.8\builds\win32\vc2010\Release DLL\link-cvtres.write.1.tlog
D:\x2D Game Engine\lib\freetype-2.4.8\builds\win32\vc2010\Release DLL\link-rc.read.1.tlog
D:\x2D Game Engine\lib\freetype-2.4.8\builds\win32\vc2010\Release DLL\link-rc.write.1.tlog
D:\x2D Game Engine\lib\freetype-2.4.8\builds\win32\vc2010\Release DLL\link.command.1.tlog
D:\x2D Game Engine\lib\freetype-2.4.8\builds\win32\vc2010\Release DLL\link.read.1.tlog
D:\x2D Game Engine\lib\freetype-2.4.8\builds\win32\vc2010\Release DLL\link.write.1.tlog
D:\x2D Game Engine\projects\msvc11\..\..\lib\freetype-2.4.8\lib\freetype248.dll
