  autofit.c
  ftbitmap.c
  ftfstype.c
  ftgasp.c
  ftstroke.c
  ftbbox.c
  ftpfr.c
  ftsynth.c
  fttype1.c
  ftwinfnt.c
  ftxf86.c
  ftlcdfil.c
  ftgxval.c
  ftotval.c
  ftpatent.c
  bdf.c
  cff.c
  ftbase.c
  ftcache.c
  ftglyph.c
  ftgzip.c
  ftinit.c
  ftlzw.c
  ftsystem.c
  smooth.c
  ftmm.c
  pcf.c
  pfr.c
  psaux.c
  pshinter.c
  psmodule.c
  raster.c
  sfnt.c
  truetype.c
  type1.c
  type1cid.c
  type42.c
  winfnt.c
  ftdebug.c
     Creating library D:\x2D Game Engine\projects\msvc11\..\..\lib\freetype-2.4.8\lib\freetype248.lib and object D:\x2D Game Engine\projects\msvc11\..\..\lib\freetype-2.4.8\lib\freetype248.exp
  Generating code
  Finished generating code
  freetype.vcxproj -> D:\x2D Game Engine\projects\msvc11\..\..\lib\freetype-2.4.8\lib\freetype248.dll
