D:\AURORAX2D\BUILD\WIN32\DEBUG\AURORAX2D_D.EXE
D:\Aurorax2D\build\Win32\Debug\Aurorax2D_d.exp
D:\AURORAX2D\BUILD\WIN32\DEBUG\AURORAX2D_D.ILK
D:\Aurorax2D\build\Win32\Debug\Aurorax2D_d.lib
D:\AURORAX2D\BUILD\WIN32\DEBUG\AURORAX2D_D.PDB
D:\Aurorax2D\projects\msvc10\..\..\build\Win32\Debug\Aurorax2D_d.exe
D:\Aurorax2D\projects\msvc10\..\..\build\Win32\Debug\Aurorax2D_d.ilk
D:\Aurorax2D\projects\msvc10\..\..\build\Win32\Debug\Aurorax2D_d.pdb
D:\AURORAX2D\PROJECTS\MSVC10\DEBUG\APP-ANDROID.OBJ
D:\AURORAX2D\PROJECTS\MSVC10\DEBUG\APPLICATION.OBJ
D:\AURORAX2D\PROJECTS\MSVC10\DEBUG\APP-WIN32.OBJ
D:\Aurorax2D\projects\msvc10\Debug\Aurorax2D.write.1.tlog
D:\AURORAX2D\PROJECTS\MSVC10\DEBUG\AURORAX2D_D.EXE.EMBED.MANIFEST
D:\AURORAX2D\PROJECTS\MSVC10\DEBUG\AURORAX2D_D.EXE.EMBED.MANIFEST.RES
D:\AURORAX2D\PROJECTS\MSVC10\DEBUG\AURORAX2D_D.EXE.INTERMEDIATE.MANIFEST
D:\Aurorax2D\projects\msvc10\Debug\Aurorax2D_d_manifest.rc
D:\Aurorax2D\projects\msvc10\Debug\cl.command.1.tlog
D:\Aurorax2D\projects\msvc10\Debug\CL.read.1.tlog
D:\Aurorax2D\projects\msvc10\Debug\CL.write.1.tlog
D:\AURORAX2D\PROJECTS\MSVC10\DEBUG\COLOR.OBJ
D:\AURORAX2D\PROJECTS\MSVC10\DEBUG\CONSOLE.OBJ
D:\AURORAX2D\PROJECTS\MSVC10\DEBUG\CURSOR.OBJ
D:\AURORAX2D\PROJECTS\MSVC10\DEBUG\DEBUGGER.OBJ
D:\AURORAX2D\PROJECTS\MSVC10\DEBUG\DIRECTORYMONITOR.OBJ
D:\AURORAX2D\PROJECTS\MSVC10\DEBUG\ENGINE.OBJ
D:\AURORAX2D\PROJECTS\MSVC10\DEBUG\GFX.OBJ
D:\AURORAX2D\PROJECTS\MSVC10\DEBUG\IMPORTGL.OBJ
D:\AURORAX2D\PROJECTS\MSVC10\DEBUG\IO.OBJ
D:\AURORAX2D\PROJECTS\MSVC10\DEBUG\JAVA-WRAPPER.OBJ
D:\AURORAX2D\PROJECTS\MSVC10\DEBUG\KEYBIND.OBJ
D:\Aurorax2D\projects\msvc10\Debug\link.12332.read.1.tlog
D:\Aurorax2D\projects\msvc10\Debug\link.12332.write.1.tlog
D:\Aurorax2D\projects\msvc10\Debug\link.12332-cvtres.read.1.tlog
D:\Aurorax2D\projects\msvc10\Debug\link.12332-cvtres.write.1.tlog
D:\Aurorax2D\projects\msvc10\Debug\link.command.1.tlog
D:\Aurorax2D\projects\msvc10\Debug\link.read.1.tlog
D:\Aurorax2D\projects\msvc10\Debug\link.write.1.tlog
D:\Aurorax2D\projects\msvc10\Debug\link-cvtres.read.1.tlog
D:\Aurorax2D\projects\msvc10\Debug\link-cvtres.write.1.tlog
D:\AURORAX2D\PROJECTS\MSVC10\DEBUG\MAIN.OBJ
D:\AURORAX2D\PROJECTS\MSVC10\DEBUG\MATH.OBJ
D:\Aurorax2D\projects\msvc10\Debug\mt.command.1.tlog
D:\Aurorax2D\projects\msvc10\Debug\mt.read.1.tlog
D:\Aurorax2D\projects\msvc10\Debug\mt.write.1.tlog
D:\AURORAX2D\PROJECTS\MSVC10\DEBUG\OPENAL.OBJ
D:\AURORAX2D\PROJECTS\MSVC10\DEBUG\PACKET.OBJ
D:\AURORAX2D\PROJECTS\MSVC10\DEBUG\PBO.OBJ
D:\AURORAX2D\PROJECTS\MSVC10\DEBUG\PLATFORM.OBJ
D:\AURORAX2D\PROJECTS\MSVC10\DEBUG\PROFILER.OBJ
D:\Aurorax2D\projects\msvc10\Debug\rc.command.1.tlog
D:\Aurorax2D\projects\msvc10\Debug\rc.read.1.tlog
D:\Aurorax2D\projects\msvc10\Debug\rc.write.1.tlog
D:\AURORAX2D\PROJECTS\MSVC10\DEBUG\RECT.OBJ
D:\AURORAX2D\PROJECTS\MSVC10\DEBUG\RESOURCES.RES
D:\AURORAX2D\PROJECTS\MSVC10\DEBUG\SCRIPTARRAY.OBJ
D:\AURORAX2D\PROJECTS\MSVC10\DEBUG\SCRIPTBUILDER.OBJ
D:\AURORAX2D\PROJECTS\MSVC10\DEBUG\SCRIPTGRID.OBJ
D:\AURORAX2D\PROJECTS\MSVC10\DEBUG\SCRIPTHELPER.OBJ
D:\AURORAX2D\PROJECTS\MSVC10\DEBUG\SCRIPTS.OBJ
D:\AURORAX2D\PROJECTS\MSVC10\DEBUG\SCRIPTSTDSTRING.OBJ
D:\AURORAX2D\PROJECTS\MSVC10\DEBUG\SCRIPTSTDSTRING_UTILS.OBJ
D:\AURORAX2D\PROJECTS\MSVC10\DEBUG\SERVER.OBJ
D:\AURORAX2D\PROJECTS\MSVC10\DEBUG\SFX.OBJ
D:\AURORAX2D\PROJECTS\MSVC10\DEBUG\SFXWAV.OBJ
D:\AURORAX2D\PROJECTS\MSVC10\DEBUG\SOCKET.OBJ
D:\AURORAX2D\PROJECTS\MSVC10\DEBUG\SOCKETS.OBJ
D:\AURORAX2D\PROJECTS\MSVC10\DEBUG\TEXBMP.OBJ
D:\AURORAX2D\PROJECTS\MSVC10\DEBUG\TEXPNG.OBJ
D:\Aurorax2D\projects\msvc10\Debug\vc100.idb
D:\AURORAX2D\PROJECTS\MSVC10\DEBUG\VC100.PDB
D:\AURORAX2D\PROJECTS\MSVC10\DEBUG\VECTOR.OBJ
