cl : Command line warning D9025: overriding '/W3' with '/W1'
  quaternion.cpp
  glui_window.cpp
  glui_treepanel.cpp
  glui_tree.cpp
  glui_translation.cpp
  glui_textbox.cpp
  glui_string.cpp
  glui_statictext.cpp
  glui_spinner.cpp
  glui_separator.cpp
  glui_scrollbar.cpp
  glui_rotation.cpp
  glui_rollout.cpp
  glui_radio.cpp
  glui_panel.cpp
  glui_node.cpp
  glui_mouse_iaction.cpp
  glui_listbox.cpp
  glui_list.cpp
  glui_filebrowser.cpp
  Generating Code...
  Compiling...
  glui_edittext.cpp
  glui_control.cpp
  glui_commandline.cpp
  glui_column.cpp
  glui_checkbox.cpp
  glui_button.cpp
  glui_bitmap_img_data.cpp
  glui_bitmaps.cpp
  glui_add_controls.cpp
  glui.cpp
  arcball.cpp
  algebra3.cpp
  Generating Code...
  GLUI.vcxproj -> D:\x2D Game Engine\plugins\Box2D\Box2D\Build\vs2012\bin\Debug\GLUI.lib
