D:\X2D GAME ENGINE\PROJECTS\MSVC11\DEBUG\VC110.PDB
D:\X2D GAME ENGINE\PROJECTS\MSVC11\DEBUG\ASSETLOADER.OBJ
D:\X2D GAME ENGINE\PROJECTS\MSVC11\DEBUG\RECT.OBJ
D:\X2D GAME ENGINE\PROJECTS\MSVC11\DEBUG\MAIN.OBJ
D:\X2D GAME ENGINE\PROJECTS\MSVC11\DEBUG\OPENGL.OBJ
D:\X2D GAME ENGINE\PROJECTS\MSVC11\DEBUG\WINAPP.OBJ
D:\X2D GAME ENGINE\PROJECTS\MSVC11\DEBUG\OPENAL.OBJ
D:\X2D GAME ENGINE\PROJECTS\MSVC11\DEBUG\WINASSETLOADER.OBJ
D:\X2D GAME ENGINE\PROJECTS\MSVC11\DEBUG\WINDEBUG.OBJ
D:\X2D GAME ENGINE\PROJECTS\MSVC11\DEBUG\DEBUG.OBJ
D:\X2D GAME ENGINE\PROJECTS\MSVC11\DEBUG\ENGINE.OBJ
D:\X2D GAME ENGINE\PROJECTS\MSVC11\DEBUG\IOSYSTEM.OBJ
D:\X2D GAME ENGINE\PROJECTS\MSVC11\DEBUG\SCRIPTS.OBJ
D:\X2D GAME ENGINE\BUILD\WIN32\DEBUG\X2D GAME ENGINE.ILK
D:\X2D GAME ENGINE\BUILD\WIN32\DEBUG\X2D GAME ENGINE.EXE
D:\X2D GAME ENGINE\BUILD\WIN32\DEBUG\X2D GAME ENGINE.PDB
D:\X2D GAME ENGINE\BUILD\WIN32\DEBUG\X2D_D.ILK
D:\X2D GAME ENGINE\BUILD\WIN32\DEBUG\X2D_D.DLL
D:\X2D GAME ENGINE\BUILD\WIN32\DEBUG\X2D_D.PDB
D:\X2D GAME ENGINE\PROJECTS\MSVC11\DEBUG\RESOURCES.RES
D:\x2D Game Engine\build\Win32\Debug\x2d_d.lib
D:\x2D Game Engine\build\Win32\Debug\x2d_d.exp
D:\x2D Game Engine\projects\msvc11\Debug\array.obj
D:\x2D Game Engine\projects\msvc11\Debug\assetloader.obj
D:\x2D Game Engine\projects\msvc11\Debug\debug.obj
D:\x2D Game Engine\projects\msvc11\Debug\engine.obj
D:\x2D Game Engine\projects\msvc11\Debug\iosystem.obj
D:\x2D Game Engine\projects\msvc11\Debug\main.obj
D:\x2D Game Engine\projects\msvc11\Debug\math.obj
D:\x2D Game Engine\projects\msvc11\Debug\matrix.obj
D:\x2D Game Engine\projects\msvc11\Debug\openal.obj
D:\x2D Game Engine\projects\msvc11\Debug\opengl.obj
D:\x2D Game Engine\projects\msvc11\Debug\profiler.obj
D:\x2D Game Engine\projects\msvc11\Debug\rect.obj
D:\x2D Game Engine\projects\msvc11\Debug\rectPacker.obj
D:\x2D Game Engine\projects\msvc11\Debug\scriptarray.obj
D:\x2D Game Engine\projects\msvc11\Debug\scriptbuilder.obj
D:\x2D Game Engine\projects\msvc11\Debug\scriptgrid.obj
D:\x2D Game Engine\projects\msvc11\Debug\scripthelper.obj
D:\x2D Game Engine\projects\msvc11\Debug\scripts.obj
D:\x2D Game Engine\projects\msvc11\Debug\scriptstdstring.obj
D:\x2D Game Engine\projects\msvc11\Debug\scriptstdstring_utils.obj
D:\x2D Game Engine\projects\msvc11\Debug\vector.obj
D:\x2D Game Engine\projects\msvc11\Debug\winapp.obj
D:\x2D Game Engine\projects\msvc11\Debug\winassetloader.obj
D:\x2D Game Engine\projects\msvc11\Debug\windebug.obj
D:\x2D Game Engine\projects\msvc11\Debug\cl.command.1.tlog
D:\x2D Game Engine\projects\msvc11\Debug\CL.read.1.tlog
D:\x2D Game Engine\projects\msvc11\Debug\CL.write.1.tlog
D:\x2D Game Engine\projects\msvc11\Debug\link-cvtres.read.1.tlog
D:\x2D Game Engine\projects\msvc11\Debug\link-cvtres.write.1.tlog
D:\x2D Game Engine\projects\msvc11\Debug\link-rc.read.1.tlog
D:\x2D Game Engine\projects\msvc11\Debug\link-rc.write.1.tlog
D:\x2D Game Engine\projects\msvc11\Debug\link.1516-cvtres.read.1.tlog
D:\x2D Game Engine\projects\msvc11\Debug\link.1516-cvtres.write.1.tlog
D:\x2D Game Engine\projects\msvc11\Debug\link.1516-rc.read.1.tlog
D:\x2D Game Engine\projects\msvc11\Debug\link.1516-rc.write.1.tlog
D:\x2D Game Engine\projects\msvc11\Debug\link.1516.read.1.tlog
D:\x2D Game Engine\projects\msvc11\Debug\link.1516.write.1.tlog
D:\x2D Game Engine\projects\msvc11\Debug\link.2108-cvtres.read.1.tlog
D:\x2D Game Engine\projects\msvc11\Debug\link.2108-cvtres.write.1.tlog
D:\x2D Game Engine\projects\msvc11\Debug\link.2108-rc.read.1.tlog
D:\x2D Game Engine\projects\msvc11\Debug\link.2108-rc.write.1.tlog
D:\x2D Game Engine\projects\msvc11\Debug\link.2108.read.1.tlog
D:\x2D Game Engine\projects\msvc11\Debug\link.2108.write.1.tlog
D:\x2D Game Engine\projects\msvc11\Debug\link.236-cvtres.read.1.tlog
D:\x2D Game Engine\projects\msvc11\Debug\link.236-cvtres.write.1.tlog
D:\x2D Game Engine\projects\msvc11\Debug\link.236-rc.read.1.tlog
D:\x2D Game Engine\projects\msvc11\Debug\link.236-rc.write.1.tlog
D:\x2D Game Engine\projects\msvc11\Debug\link.236.read.1.tlog
D:\x2D Game Engine\projects\msvc11\Debug\link.236.write.1.tlog
D:\x2D Game Engine\projects\msvc11\Debug\link.2412-cvtres.read.1.tlog
D:\x2D Game Engine\projects\msvc11\Debug\link.2412-cvtres.write.1.tlog
D:\x2D Game Engine\projects\msvc11\Debug\link.2412-rc.read.1.tlog
D:\x2D Game Engine\projects\msvc11\Debug\link.2412-rc.write.1.tlog
D:\x2D Game Engine\projects\msvc11\Debug\link.2412.read.1.tlog
D:\x2D Game Engine\projects\msvc11\Debug\link.2412.write.1.tlog
D:\x2D Game Engine\projects\msvc11\Debug\link.2864-cvtres.read.1.tlog
D:\x2D Game Engine\projects\msvc11\Debug\link.2864-cvtres.write.1.tlog
D:\x2D Game Engine\projects\msvc11\Debug\link.2864-rc.read.1.tlog
D:\x2D Game Engine\projects\msvc11\Debug\link.2864-rc.write.1.tlog
D:\x2D Game Engine\projects\msvc11\Debug\link.2864.read.1.tlog
D:\x2D Game Engine\projects\msvc11\Debug\link.2864.write.1.tlog
D:\x2D Game Engine\projects\msvc11\Debug\link.3200-cvtres.read.1.tlog
D:\x2D Game Engine\projects\msvc11\Debug\link.3200-cvtres.write.1.tlog
D:\x2D Game Engine\projects\msvc11\Debug\link.3200-rc.read.1.tlog
D:\x2D Game Engine\projects\msvc11\Debug\link.3200-rc.write.1.tlog
D:\x2D Game Engine\projects\msvc11\Debug\link.3200.read.1.tlog
D:\x2D Game Engine\projects\msvc11\Debug\link.3200.write.1.tlog
D:\x2D Game Engine\projects\msvc11\Debug\link.3456-cvtres.read.1.tlog
D:\x2D Game Engine\projects\msvc11\Debug\link.3456-cvtres.write.1.tlog
D:\x2D Game Engine\projects\msvc11\Debug\link.3456-rc.read.1.tlog
D:\x2D Game Engine\projects\msvc11\Debug\link.3456-rc.write.1.tlog
D:\x2D Game Engine\projects\msvc11\Debug\link.3456.read.1.tlog
D:\x2D Game Engine\projects\msvc11\Debug\link.3456.write.1.tlog
D:\x2D Game Engine\projects\msvc11\Debug\link.3480-cvtres.read.1.tlog
D:\x2D Game Engine\projects\msvc11\Debug\link.3480-cvtres.write.1.tlog
D:\x2D Game Engine\projects\msvc11\Debug\link.3480-rc.read.1.tlog
D:\x2D Game Engine\projects\msvc11\Debug\link.3480-rc.write.1.tlog
D:\x2D Game Engine\projects\msvc11\Debug\link.3480.read.1.tlog
D:\x2D Game Engine\projects\msvc11\Debug\link.3480.write.1.tlog
D:\x2D Game Engine\projects\msvc11\Debug\link.4228-cvtres.read.1.tlog
D:\x2D Game Engine\projects\msvc11\Debug\link.4228-cvtres.write.1.tlog
D:\x2D Game Engine\projects\msvc11\Debug\link.4228-rc.read.1.tlog
D:\x2D Game Engine\projects\msvc11\Debug\link.4228-rc.write.1.tlog
D:\x2D Game Engine\projects\msvc11\Debug\link.4228.read.1.tlog
D:\x2D Game Engine\projects\msvc11\Debug\link.4228.write.1.tlog
D:\x2D Game Engine\projects\msvc11\Debug\link.5236-cvtres.read.1.tlog
D:\x2D Game Engine\projects\msvc11\Debug\link.5236-cvtres.write.1.tlog
D:\x2D Game Engine\projects\msvc11\Debug\link.5236-rc.read.1.tlog
D:\x2D Game Engine\projects\msvc11\Debug\link.5236-rc.write.1.tlog
D:\x2D Game Engine\projects\msvc11\Debug\link.5236.read.1.tlog
D:\x2D Game Engine\projects\msvc11\Debug\link.5236.write.1.tlog
D:\x2D Game Engine\projects\msvc11\Debug\link.5248-cvtres.read.1.tlog
D:\x2D Game Engine\projects\msvc11\Debug\link.5248-cvtres.write.1.tlog
D:\x2D Game Engine\projects\msvc11\Debug\link.5248-rc.read.1.tlog
D:\x2D Game Engine\projects\msvc11\Debug\link.5248-rc.write.1.tlog
D:\x2D Game Engine\projects\msvc11\Debug\link.5248.read.1.tlog
D:\x2D Game Engine\projects\msvc11\Debug\link.5248.write.1.tlog
D:\x2D Game Engine\projects\msvc11\Debug\link.5252-cvtres.read.1.tlog
D:\x2D Game Engine\projects\msvc11\Debug\link.5252-cvtres.write.1.tlog
D:\x2D Game Engine\projects\msvc11\Debug\link.5252-rc.read.1.tlog
D:\x2D Game Engine\projects\msvc11\Debug\link.5252-rc.write.1.tlog
D:\x2D Game Engine\projects\msvc11\Debug\link.5252.read.1.tlog
D:\x2D Game Engine\projects\msvc11\Debug\link.5252.write.1.tlog
D:\x2D Game Engine\projects\msvc11\Debug\link.5352-cvtres.read.1.tlog
D:\x2D Game Engine\projects\msvc11\Debug\link.5352-cvtres.write.1.tlog
D:\x2D Game Engine\projects\msvc11\Debug\link.5352-rc.read.1.tlog
D:\x2D Game Engine\projects\msvc11\Debug\link.5352-rc.write.1.tlog
D:\x2D Game Engine\projects\msvc11\Debug\link.5352.read.1.tlog
D:\x2D Game Engine\projects\msvc11\Debug\link.5352.write.1.tlog
D:\x2D Game Engine\projects\msvc11\Debug\link.5408-cvtres.read.1.tlog
D:\x2D Game Engine\projects\msvc11\Debug\link.5408-cvtres.write.1.tlog
D:\x2D Game Engine\projects\msvc11\Debug\link.5408-rc.read.1.tlog
D:\x2D Game Engine\projects\msvc11\Debug\link.5408-rc.write.1.tlog
D:\x2D Game Engine\projects\msvc11\Debug\link.5408.read.1.tlog
D:\x2D Game Engine\projects\msvc11\Debug\link.5408.write.1.tlog
D:\x2D Game Engine\projects\msvc11\Debug\link.5508-cvtres.read.1.tlog
D:\x2D Game Engine\projects\msvc11\Debug\link.5508-cvtres.write.1.tlog
D:\x2D Game Engine\projects\msvc11\Debug\link.5508-rc.read.1.tlog
D:\x2D Game Engine\projects\msvc11\Debug\link.5508-rc.write.1.tlog
D:\x2D Game Engine\projects\msvc11\Debug\link.5508.read.1.tlog
D:\x2D Game Engine\projects\msvc11\Debug\link.5508.write.1.tlog
D:\x2D Game Engine\projects\msvc11\Debug\link.5632-cvtres.read.1.tlog
D:\x2D Game Engine\projects\msvc11\Debug\link.5632-cvtres.write.1.tlog
D:\x2D Game Engine\projects\msvc11\Debug\link.5632-rc.read.1.tlog
D:\x2D Game Engine\projects\msvc11\Debug\link.5632-rc.write.1.tlog
D:\x2D Game Engine\projects\msvc11\Debug\link.5632.read.1.tlog
D:\x2D Game Engine\projects\msvc11\Debug\link.5632.write.1.tlog
D:\x2D Game Engine\projects\msvc11\Debug\link.5664-cvtres.read.1.tlog
D:\x2D Game Engine\projects\msvc11\Debug\link.5664-cvtres.write.1.tlog
D:\x2D Game Engine\projects\msvc11\Debug\link.5664-rc.read.1.tlog
D:\x2D Game Engine\projects\msvc11\Debug\link.5664-rc.write.1.tlog
D:\x2D Game Engine\projects\msvc11\Debug\link.5664.read.1.tlog
D:\x2D Game Engine\projects\msvc11\Debug\link.5664.write.1.tlog
D:\x2D Game Engine\projects\msvc11\Debug\link.5776-cvtres.read.1.tlog
D:\x2D Game Engine\projects\msvc11\Debug\link.5776-cvtres.write.1.tlog
D:\x2D Game Engine\projects\msvc11\Debug\link.5776-rc.read.1.tlog
D:\x2D Game Engine\projects\msvc11\Debug\link.5776-rc.write.1.tlog
D:\x2D Game Engine\projects\msvc11\Debug\link.5776.read.1.tlog
D:\x2D Game Engine\projects\msvc11\Debug\link.5776.write.1.tlog
D:\x2D Game Engine\projects\msvc11\Debug\link.5876-cvtres.read.1.tlog
D:\x2D Game Engine\projects\msvc11\Debug\link.5876-cvtres.write.1.tlog
D:\x2D Game Engine\projects\msvc11\Debug\link.5876-rc.read.1.tlog
D:\x2D Game Engine\projects\msvc11\Debug\link.5876-rc.write.1.tlog
D:\x2D Game Engine\projects\msvc11\Debug\link.5876.read.1.tlog
D:\x2D Game Engine\projects\msvc11\Debug\link.5876.write.1.tlog
D:\x2D Game Engine\projects\msvc11\Debug\link.6204-cvtres.read.1.tlog
D:\x2D Game Engine\projects\msvc11\Debug\link.6204-cvtres.write.1.tlog
D:\x2D Game Engine\projects\msvc11\Debug\link.6204-rc.read.1.tlog
D:\x2D Game Engine\projects\msvc11\Debug\link.6204-rc.write.1.tlog
D:\x2D Game Engine\projects\msvc11\Debug\link.6204.read.1.tlog
D:\x2D Game Engine\projects\msvc11\Debug\link.6204.write.1.tlog
D:\x2D Game Engine\projects\msvc11\Debug\link.6524-cvtres.read.1.tlog
D:\x2D Game Engine\projects\msvc11\Debug\link.6524-cvtres.write.1.tlog
D:\x2D Game Engine\projects\msvc11\Debug\link.6524-rc.read.1.tlog
D:\x2D Game Engine\projects\msvc11\Debug\link.6524-rc.write.1.tlog
D:\x2D Game Engine\projects\msvc11\Debug\link.6524.read.1.tlog
D:\x2D Game Engine\projects\msvc11\Debug\link.6524.write.1.tlog
D:\x2D Game Engine\projects\msvc11\Debug\link.6552-cvtres.read.1.tlog
D:\x2D Game Engine\projects\msvc11\Debug\link.6552-cvtres.write.1.tlog
D:\x2D Game Engine\projects\msvc11\Debug\link.6552-rc.read.1.tlog
D:\x2D Game Engine\projects\msvc11\Debug\link.6552-rc.write.1.tlog
D:\x2D Game Engine\projects\msvc11\Debug\link.6552.read.1.tlog
D:\x2D Game Engine\projects\msvc11\Debug\link.6552.write.1.tlog
D:\x2D Game Engine\projects\msvc11\Debug\link.6852-cvtres.read.1.tlog
D:\x2D Game Engine\projects\msvc11\Debug\link.6852-cvtres.write.1.tlog
D:\x2D Game Engine\projects\msvc11\Debug\link.6852-rc.read.1.tlog
D:\x2D Game Engine\projects\msvc11\Debug\link.6852-rc.write.1.tlog
D:\x2D Game Engine\projects\msvc11\Debug\link.6852.read.1.tlog
D:\x2D Game Engine\projects\msvc11\Debug\link.6852.write.1.tlog
D:\x2D Game Engine\projects\msvc11\Debug\link.7704-cvtres.read.1.tlog
D:\x2D Game Engine\projects\msvc11\Debug\link.7704-cvtres.write.1.tlog
D:\x2D Game Engine\projects\msvc11\Debug\link.7704-rc.read.1.tlog
D:\x2D Game Engine\projects\msvc11\Debug\link.7704-rc.write.1.tlog
D:\x2D Game Engine\projects\msvc11\Debug\link.7704.read.1.tlog
D:\x2D Game Engine\projects\msvc11\Debug\link.7704.write.1.tlog
D:\x2D Game Engine\projects\msvc11\Debug\link.7772-cvtres.read.1.tlog
D:\x2D Game Engine\projects\msvc11\Debug\link.7772-cvtres.write.1.tlog
D:\x2D Game Engine\projects\msvc11\Debug\link.7772-rc.read.1.tlog
D:\x2D Game Engine\projects\msvc11\Debug\link.7772-rc.write.1.tlog
D:\x2D Game Engine\projects\msvc11\Debug\link.7772.read.1.tlog
D:\x2D Game Engine\projects\msvc11\Debug\link.7772.write.1.tlog
D:\x2D Game Engine\projects\msvc11\Debug\link.7964-cvtres.read.1.tlog
D:\x2D Game Engine\projects\msvc11\Debug\link.7964-cvtres.write.1.tlog
D:\x2D Game Engine\projects\msvc11\Debug\link.7964-rc.read.1.tlog
D:\x2D Game Engine\projects\msvc11\Debug\link.7964-rc.write.1.tlog
D:\x2D Game Engine\projects\msvc11\Debug\link.7964.read.1.tlog
D:\x2D Game Engine\projects\msvc11\Debug\link.7964.write.1.tlog
D:\x2D Game Engine\projects\msvc11\Debug\link.7980-cvtres.read.1.tlog
D:\x2D Game Engine\projects\msvc11\Debug\link.7980-cvtres.write.1.tlog
D:\x2D Game Engine\projects\msvc11\Debug\link.7980-rc.read.1.tlog
D:\x2D Game Engine\projects\msvc11\Debug\link.7980-rc.write.1.tlog
D:\x2D Game Engine\projects\msvc11\Debug\link.7980.read.1.tlog
D:\x2D Game Engine\projects\msvc11\Debug\link.7980.write.1.tlog
D:\x2D Game Engine\projects\msvc11\Debug\link.8056-cvtres.read.1.tlog
D:\x2D Game Engine\projects\msvc11\Debug\link.8056-cvtres.write.1.tlog
D:\x2D Game Engine\projects\msvc11\Debug\link.8056-rc.read.1.tlog
D:\x2D Game Engine\projects\msvc11\Debug\link.8056-rc.write.1.tlog
D:\x2D Game Engine\projects\msvc11\Debug\link.8056.read.1.tlog
D:\x2D Game Engine\projects\msvc11\Debug\link.8056.write.1.tlog
D:\x2D Game Engine\projects\msvc11\Debug\link.8104-cvtres.read.1.tlog
D:\x2D Game Engine\projects\msvc11\Debug\link.8104-cvtres.write.1.tlog
D:\x2D Game Engine\projects\msvc11\Debug\link.8104-rc.read.1.tlog
D:\x2D Game Engine\projects\msvc11\Debug\link.8104-rc.write.1.tlog
D:\x2D Game Engine\projects\msvc11\Debug\link.8104.read.1.tlog
D:\x2D Game Engine\projects\msvc11\Debug\link.8104.write.1.tlog
D:\x2D Game Engine\projects\msvc11\Debug\link.8152-cvtres.read.1.tlog
D:\x2D Game Engine\projects\msvc11\Debug\link.8152-cvtres.write.1.tlog
D:\x2D Game Engine\projects\msvc11\Debug\link.8152-rc.read.1.tlog
D:\x2D Game Engine\projects\msvc11\Debug\link.8152-rc.write.1.tlog
D:\x2D Game Engine\projects\msvc11\Debug\link.8152.read.1.tlog
D:\x2D Game Engine\projects\msvc11\Debug\link.8152.write.1.tlog
D:\x2D Game Engine\projects\msvc11\Debug\link.command.1.tlog
D:\x2D Game Engine\projects\msvc11\Debug\link.read.1.tlog
D:\x2D Game Engine\projects\msvc11\Debug\link.write.1.tlog
D:\x2D Game Engine\projects\msvc11\Debug\rc.command.1.tlog
D:\x2D Game Engine\projects\msvc11\Debug\rc.read.1.tlog
D:\x2D Game Engine\projects\msvc11\Debug\rc.write.1.tlog
D:\x2D Game Engine\projects\msvc11\Debug\x2d.write.1.tlog
D:\x2D Game Engine\projects\msvc11\Debug\resources.res
D:\x2D Game Engine\projects\msvc11\Debug\vc110.idb
D:\x2D Game Engine\projects\msvc11\Debug\vc110.pdb
D:\x2D Game Engine\projects\msvc11\..\..\build\Win32\Debug\x2D Game Engine.pdb
D:\x2D Game Engine\projects\msvc11\..\..\build\Win32\Debug\x2D Game Engine.exe
D:\x2D Game Engine\projects\msvc11\..\..\build\Win32\Debug\x2D Game Engine.ilk
