Build started 30.01.2014 00:56:30.
     1>Project "C:\Users\Marcus\Documents\GitHub\x2D-Game-Engine\lib\vld-2.2.3\src\vld.vcxproj" on node 4 (Build target(s)).
     1>ClCompile:
         C:\Program Files (x86)\Microsoft Visual Studio 12.0\VC\bin\CL.exe /c /I"C:\Users\Marcus\Documents\GitHub\x2D-Game-Engine\projects\msvc12\..\..\lib\vld-2.2.3\include" /ZI /nologo /W4 /WX- /Od /Oy- /D _DEBUG /D _USRDLL /D WIN32 /D _WIN32_WINNT=0x0502 /D _WINDLL /D _UNICODE /D UNICODE /GF- /Gm- /EHsc /RTC1 /MTd /GS /fp:precise /Zc:wchar_t /Zc:forScope /Yc"stdafx.h" /Fp"Debug\vld_x86.pch" /Fo"Debug\\" /Fd"Debug\vc120.pdb" /Gd /TP /analyze /errorReport:prompt stdafx.cpp
         stdafx.cpp
         C:\Program Files (x86)\Microsoft Visual Studio 12.0\VC\bin\CL.exe /c /I"C:\Users\Marcus\Documents\GitHub\x2D-Game-Engine\projects\msvc12\..\..\lib\vld-2.2.3\include" /ZI /nologo /W4 /WX- /Od /Oy- /D _DEBUG /D _USRDLL /D WIN32 /D _WIN32_WINNT=0x0502 /D _WINDLL /D _UNICODE /D UNICODE /GF- /Gm- /EHsc /RTC1 /MTd /GS /fp:precise /Zc:wchar_t /Zc:forScope /Yu"stdafx.h" /Fp"Debug\vld_x86.pch" /Fo"Debug\\" /Fd"Debug\vc120.pdb" /Gd /TP /analyze /errorReport:prompt callstack.cpp dllspatches.cpp ntapi.cpp utility.cpp vld.cpp vldapi.cpp vldheap.cpp vld_hooks.cpp
         callstack.cpp
         dllspatches.cpp
         ntapi.cpp
         utility.cpp
         vld.cpp
     1>c:\users\marcus\documents\github\x2d-game-engine\lib\vld-2.2.3\src\vld.cpp(74): warning C4996: 'GetVersionExW': was declared deprecated
                 c:\program files (x86)\windows kits\8.1\include\um\sysinfoapi.h(442) : see declaration of 'GetVersionExW'
         vldapi.cpp
         vldheap.cpp
         vld_hooks.cpp
         Running Code Analysis for C/C++...
     1>c:\users\marcus\documents\github\x2d-game-engine\lib\vld-2.2.3\src\criticalsection.h(12): warning C28125: The function 'InitializeCriticalSection' must be called from within a try/except block:  The requirement might be conditional.
     1>c:\users\marcus\documents\github\x2d-game-engine\lib\vld-2.2.3\src\ntapi.h(35): warning C28251: Inconsistent annotation for 'NTSTATUS': this instance has no annotations. See c:\program files (x86)\windows kits\8.1\include\shared\bcrypt.h(29). Note: There are several prototypes for this function. This warning compares the first with instance number 3.
     1>c:\users\marcus\documents\github\x2d-game-engine\lib\vld-2.2.3\src\vld_hooks.cpp(1736): warning C6001: Using uninitialized memory 'mem'.: Lines: 1707, 1710, 1711, 1714, 1715, 1716, 1717, 1718, 1724, 1726, 1729, 1736
     1>c:\users\marcus\documents\github\x2d-game-engine\lib\vld-2.2.3\src\vldint.h(244): warning C28204: 'DidAlloc' : Only one of this override and the one at c:\program files (x86)\windows kits\8.1\include\um\objidlbase.h(1165) are annotated for _Param_(1): both or neither must be annotated.
     1>c:\users\marcus\documents\github\x2d-game-engine\lib\vld-2.2.3\src\vld_hooks.cpp(1983): warning C28204: [Warning applies to VisualLeakDetector::DidAlloc at c:\users\marcus\documents\github\x2d-game-engine\lib\vld-2.2.3\src\vldint.h(244)]'DidAlloc' : Only one of this override and the one at c:\program files (x86)\windows kits\8.1\include\um\objidlbase.h(1165) are annotated for _Param_(1): both or neither must be annotated.
     1>c:\users\marcus\documents\github\x2d-game-engine\lib\vld-2.2.3\src\vldint.h(245): warning C28204: 'Free' : Only one of this override and the one at c:\program files (x86)\windows kits\8.1\include\um\objidlbase.h(1157) are annotated for _Param_(1): both or neither must be annotated.
     1>c:\users\marcus\documents\github\x2d-game-engine\lib\vld-2.2.3\src\vld_hooks.cpp(1998): warning C28204: [Warning applies to VisualLeakDetector::Free at c:\users\marcus\documents\github\x2d-game-engine\lib\vld-2.2.3\src\vldint.h(245)]'Free' : Only one of this override and the one at c:\program files (x86)\windows kits\8.1\include\um\objidlbase.h(1157) are annotated for _Param_(1): both or neither must be annotated.
     1>c:\users\marcus\documents\github\x2d-game-engine\lib\vld-2.2.3\src\vldint.h(246): warning C28204: 'GetSize' : Only one of this override and the one at c:\program files (x86)\windows kits\8.1\include\um\objidlbase.h(1161) are annotated for _Param_(1): both or neither must be annotated.
     1>c:\users\marcus\documents\github\x2d-game-engine\lib\vld-2.2.3\src\vld_hooks.cpp(2014): warning C28204: [Warning applies to VisualLeakDetector::GetSize at c:\users\marcus\documents\github\x2d-game-engine\lib\vld-2.2.3\src\vldint.h(246)]'GetSize' : Only one of this override and the one at c:\program files (x86)\windows kits\8.1\include\um\objidlbase.h(1161) are annotated for _Param_(1): both or neither must be annotated.
     1>c:\users\marcus\documents\github\x2d-game-engine\lib\vld-2.2.3\src\vldint.h(249): warning C28204: 'Realloc' : Only one of this override and the one at c:\program files (x86)\windows kits\8.1\include\um\objidlbase.h(1151) are annotated for _Param_(1): both or neither must be annotated.
     1>c:\users\marcus\documents\github\x2d-game-engine\lib\vld-2.2.3\src\vld_hooks.cpp(2067): warning C28204: [Warning applies to VisualLeakDetector::Realloc at c:\users\marcus\documents\github\x2d-game-engine\lib\vld-2.2.3\src\vldint.h(249)]'Realloc' : Only one of this override and the one at c:\program files (x86)\windows kits\8.1\include\um\objidlbase.h(1151) are annotated for _Param_(1): both or neither must be annotated.
     1>c:\users\marcus\documents\github\x2d-game-engine\lib\vld-2.2.3\src\ntapi.h(35): warning C28251: Inconsistent annotation for 'NTSTATUS': this instance has no annotations. See c:\program files (x86)\windows kits\8.1\include\shared\bcrypt.h(29). Note: There are several prototypes for this function. This warning compares the first with instance number 3.
     1>c:\users\marcus\documents\github\x2d-game-engine\lib\vld-2.2.3\src\criticalsection.h(12): warning C28125: The function 'InitializeCriticalSection' must be called from within a try/except block:  The requirement might be conditional.
     1>c:\users\marcus\documents\github\x2d-game-engine\lib\vld-2.2.3\src\criticalsection.h(12): warning C28125: The function 'InitializeCriticalSection' must be called from within a try/except block:  The requirement might be conditional.
     1>c:\users\marcus\documents\github\x2d-game-engine\lib\vld-2.2.3\src\ntapi.h(35): warning C28251: Inconsistent annotation for 'NTSTATUS': this instance has no annotations. See c:\program files (x86)\windows kits\8.1\include\shared\bcrypt.h(29). Note: There are several prototypes for this function. This warning compares the first with instance number 3.
     1>c:\users\marcus\documents\github\x2d-game-engine\lib\vld-2.2.3\src\criticalsection.h(12): warning C28125: The function 'InitializeCriticalSection' must be called from within a try/except block:  The requirement might be conditional.
     1>c:\users\marcus\documents\github\x2d-game-engine\lib\vld-2.2.3\src\ntapi.h(35): warning C28251: Inconsistent annotation for 'NTSTATUS': this instance has no annotations. See c:\program files (x86)\windows kits\8.1\include\shared\bcrypt.h(29). Note: There are several prototypes for this function. This warning compares the first with instance number 3.
     1>c:\users\marcus\documents\github\x2d-game-engine\lib\vld-2.2.3\src\vld.cpp(74): warning C28159: Consider using 'IsWindows*' instead of 'GetVersionExW'. Reason: Deprecated. Use VerifyVersionInfo* or IsWindows* macros from VersionHelpers.
     1>c:\users\marcus\documents\github\x2d-game-engine\lib\vld-2.2.3\src\vld.cpp(1512): warning C6101: Returning uninitialized memory 'heap'.  A successful path through the function does not set the named _Out_ parameter. : Lines: 1512, 1514, 1516, 1517, 1546, 1512
     1>c:\users\marcus\documents\github\x2d-game-engine\lib\vld-2.2.3\src\vld.cpp(1787): warning C28112: A variable (g_loaderLockCounter) which is accessed via an Interlocked function must always be accessed via an Interlocked function. See line 1784:  It is not always safe to access a variable which is accessed via the Interlocked* family of functions in any other way.
     1>c:\users\marcus\documents\github\x2d-game-engine\lib\vld-2.2.3\src\vld.cpp(2198): warning C6387: 'm_reportFile' could be '0':  this does not adhere to the specification for the function 'fwrite'. : Lines: 2182, 2185, 2189, 2193, 2198
     1>c:\users\marcus\documents\github\x2d-game-engine\lib\vld-2.2.3\src\criticalsection.h(12): warning C28125: The function 'InitializeCriticalSection' must be called from within a try/except block:  The requirement might be conditional.
     1>c:\users\marcus\documents\github\x2d-game-engine\lib\vld-2.2.3\src\ntapi.h(35): warning C28251: Inconsistent annotation for 'NTSTATUS': this instance has no annotations. See c:\program files (x86)\windows kits\8.1\include\shared\bcrypt.h(29). Note: There are several prototypes for this function. This warning compares the first with instance number 3.
     1>c:\users\marcus\documents\github\x2d-game-engine\lib\vld-2.2.3\src\utility.cpp(512): warning C6102: Using 'protect' from failed function call at line '510'.: Lines: 437, 438, 441, 442, 443, 449, 452, 459, 460, 465, 466, 467, 468, 470, 471, 472, 521, 466, 467, 468, 470, 471, 472, 474, 475, 479, 480, 481, 484, 491, 492, 494, 504, 515, 516, 492, 518, 472, 474, 475, 479, 480, 481, 484, 491, 492, 494, 504, 506, 509, 510, 511, 512
     1>c:\users\marcus\documents\github\x2d-game-engine\lib\vld-2.2.3\src\utility.cpp(769): warning C6102: Using 'protect' from failed function call at line '767'.: Lines: 697, 698, 699, 700, 703, 704, 705, 711, 714, 721, 722, 727, 728, 730, 731, 733, 734, 735, 737, 738, 739, 743, 744, 752, 753, 755, 761, 771, 772, 753, 774, 735, 776, 728, 730, 731, 733, 734, 735, 737, 738, 739, 743, 744, 752, 753, 755, 761, 766, 767, 768, 769
     1>c:\users\marcus\documents\github\x2d-game-engine\lib\vld-2.2.3\src\ntapi.h(35): warning C28251: Inconsistent annotation for 'NTSTATUS': this instance has no annotations. See c:\program files (x86)\windows kits\8.1\include\shared\bcrypt.h(29). Note: There are several prototypes for this function. This warning compares the first with instance number 3.
     1>c:\users\marcus\documents\github\x2d-game-engine\lib\vld-2.2.3\src\criticalsection.h(12): warning C28125: The function 'InitializeCriticalSection' must be called from within a try/except block:  The requirement might be conditional.
     1>c:\users\marcus\documents\github\x2d-game-engine\lib\vld-2.2.3\src\ntapi.h(35): warning C28251: Inconsistent annotation for 'NTSTATUS': this instance has no annotations. See c:\program files (x86)\windows kits\8.1\include\shared\bcrypt.h(29). Note: There are several prototypes for this function. This warning compares the first with instance number 3.
     1>c:\users\marcus\documents\github\x2d-game-engine\lib\vld-2.2.3\src\criticalsection.h(12): warning C28125: The function 'InitializeCriticalSection' must be called from within a try/except block:  The requirement might be conditional.
     1>c:\users\marcus\documents\github\x2d-game-engine\lib\vld-2.2.3\src\ntapi.h(35): warning C28251: Inconsistent annotation for 'NTSTATUS': this instance has no annotations. See c:\program files (x86)\windows kits\8.1\include\shared\bcrypt.h(29). Note: There are several prototypes for this function. This warning compares the first with instance number 3.
     1>c:\users\marcus\documents\github\x2d-game-engine\lib\vld-2.2.3\src\callstack.cpp(286): warning C6340: Mismatch on sign: 'unsigned long' passed as _Param_(6) when some signed type is required in call to '_snwprintf_s'.
     1>c:\users\marcus\documents\github\x2d-game-engine\lib\vld-2.2.3\src\callstack.cpp(289): warning C6340: Mismatch on sign: 'unsigned long' passed as _Param_(6) when some signed type is required in call to '_snwprintf_s'.
     1>c:\users\marcus\documents\github\x2d-game-engine\lib\vld-2.2.3\src\callstack.cpp(419): warning C6340: Mismatch on sign: 'unsigned long' passed as _Param_(6) when some signed type is required in call to '_snwprintf_s'.
     1>c:\users\marcus\documents\github\x2d-game-engine\lib\vld-2.2.3\src\callstack.cpp(422): warning C6340: Mismatch on sign: 'unsigned long' passed as _Param_(6) when some signed type is required in call to '_snwprintf_s'.
         Generating Code...
       ResourceCompile:
         C:\Program Files (x86)\Windows Kits\8.1\bin\x86\rc.exe /D _UNICODE /D UNICODE /l"0x0409" /nologo /fo"Debug\vld.res" vld.rc 
       Link:
         C:\Program Files (x86)\Microsoft Visual Studio 12.0\VC\bin\link.exe /ERRORREPORT:PROMPT /OUT:"C:\Users\Marcus\Documents\GitHub\x2D-Game-Engine\projects\msvc12\..\..\lib\vld-2.2.3\lib\vld_x86.dll" /NOLOGO psapi.lib kernel32.lib user32.lib gdi32.lib winspool.lib comdlg32.lib advapi32.lib shell32.lib ole32.lib oleaut32.lib uuid.lib odbc32.lib odbccp32.lib /MANIFEST /MANIFESTUAC:"level='asInvoker' uiAccess='false'" /manifest:embed /DEBUG /PDB:"C:\Users\Marcus\Documents\GitHub\x2D-Game-Engine\projects\msvc12\..\..\lib\vld-2.2.3\lib\vld_x86.pdb" /TLBID:1 /BASE:"0x03200000" /DYNAMICBASE:NO /NXCOMPAT /IMPLIB:"C:\Users\Marcus\Documents\GitHub\x2D-Game-Engine\projects\msvc12\..\..\lib\vld-2.2.3\lib\vld_x86.lib" /MACHINE:X86 /SAFESEH /DLL Debug\vld.res
         Debug\callstack.obj
         Debug\dllspatches.obj
         Debug\ntapi.obj
         Debug\stdafx.obj
         Debug\utility.obj
         Debug\vld.obj
         Debug\vldapi.obj
         Debug\vldheap.obj
         Debug\vld_hooks.obj
     1>callstack.obj : warning LNK4075: ignoring '/EDITANDCONTINUE' due to '/SAFESEH' specification
            Creating library C:\Users\Marcus\Documents\GitHub\x2D-Game-Engine\projects\msvc12\..\..\lib\vld-2.2.3\lib\vld_x86.lib and object C:\Users\Marcus\Documents\GitHub\x2D-Game-Engine\projects\msvc12\..\..\lib\vld-2.2.3\lib\vld_x86.exp
         vld.vcxproj -> C:\Users\Marcus\Documents\GitHub\x2D-Game-Engine\projects\msvc12\..\..\lib\vld-2.2.3\lib\vld_x86.dll
     1>Done Building Project "C:\Users\Marcus\Documents\GitHub\x2D-Game-Engine\lib\vld-2.2.3\src\vld.vcxproj" (Build target(s)).

Build succeeded.

Time Elapsed 00:00:06.76
