D:\X2D GAME ENGINE\LIB\VLD-2.2.3\SRC\DEBUG\VLD_X86.PCH
D:\X2D GAME ENGINE\LIB\VLD-2.2.3\SRC\DEBUG\VLD_X86.PCHAST
D:\X2D GAME ENGINE\LIB\VLD-2.2.3\SRC\DEBUG\STDAFX.OBJ
D:\X2D GAME ENGINE\LIB\VLD-2.2.3\SRC\DEBUG\VC110.PDB
D:\X2D GAME ENGINE\LIB\VLD-2.2.3\SRC\DEBUG\CALLSTACK.OBJ
D:\X2D GAME ENGINE\LIB\VLD-2.2.3\SRC\DEBUG\DLLSPATCHES.OBJ
D:\X2D GAME ENGINE\LIB\VLD-2.2.3\SRC\DEBUG\NTAPI.OBJ
D:\X2D GAME ENGINE\LIB\VLD-2.2.3\SRC\DEBUG\UTILITY.OBJ
D:\X2D GAME ENGINE\LIB\VLD-2.2.3\SRC\DEBUG\VLD.OBJ
D:\X2D GAME ENGINE\LIB\VLD-2.2.3\SRC\DEBUG\VLDAPI.OBJ
D:\X2D GAME ENGINE\LIB\VLD-2.2.3\SRC\DEBUG\VLDHEAP.OBJ
D:\X2D GAME ENGINE\LIB\VLD-2.2.3\SRC\DEBUG\VLD_HOOKS.OBJ
D:\X2D GAME ENGINE\LIB\VLD-2.2.3\LIB\VLD_X86.ILK
D:\X2D GAME ENGINE\LIB\VLD-2.2.3\LIB\VLD_X86.DLL
D:\X2D GAME ENGINE\LIB\VLD-2.2.3\LIB\VLD_X86.PDB
D:\X2D GAME ENGINE\LIB\VLD-2.2.3\SRC\DEBUG\VLD.RES
D:\x2D Game Engine\lib\vld-2.2.3\lib\vld_x86.lib
D:\x2D Game Engine\lib\vld-2.2.3\lib\vld_x86.exp
D:\x2D Game Engine\lib\vld-2.2.3\src\Debug\callstack.obj
D:\x2D Game Engine\lib\vld-2.2.3\src\Debug\dllspatches.obj
D:\x2D Game Engine\lib\vld-2.2.3\src\Debug\ntapi.obj
D:\x2D Game Engine\lib\vld-2.2.3\src\Debug\stdafx.obj
D:\x2D Game Engine\lib\vld-2.2.3\src\Debug\utility.obj
D:\x2D Game Engine\lib\vld-2.2.3\src\Debug\vld.obj
D:\x2D Game Engine\lib\vld-2.2.3\src\Debug\vldapi.obj
D:\x2D Game Engine\lib\vld-2.2.3\src\Debug\vldheap.obj
D:\x2D Game Engine\lib\vld-2.2.3\src\Debug\vld_hooks.obj
D:\x2D Game Engine\lib\vld-2.2.3\src\Debug\cl.command.1.tlog
D:\x2D Game Engine\lib\vld-2.2.3\src\Debug\CL.read.1.tlog
D:\x2D Game Engine\lib\vld-2.2.3\src\Debug\CL.write.1.tlog
D:\x2D Game Engine\lib\vld-2.2.3\src\Debug\link-cvtres.read.1.tlog
D:\x2D Game Engine\lib\vld-2.2.3\src\Debug\link-cvtres.write.1.tlog
D:\x2D Game Engine\lib\vld-2.2.3\src\Debug\link-rc.read.1.tlog
D:\x2D Game Engine\lib\vld-2.2.3\src\Debug\link-rc.write.1.tlog
D:\x2D Game Engine\lib\vld-2.2.3\src\Debug\link.command.1.tlog
D:\x2D Game Engine\lib\vld-2.2.3\src\Debug\link.read.1.tlog
D:\x2D Game Engine\lib\vld-2.2.3\src\Debug\link.write.1.tlog
D:\x2D Game Engine\lib\vld-2.2.3\src\Debug\rc.command.1.tlog
D:\x2D Game Engine\lib\vld-2.2.3\src\Debug\rc.read.1.tlog
D:\x2D Game Engine\lib\vld-2.2.3\src\Debug\rc.write.1.tlog
D:\x2D Game Engine\lib\vld-2.2.3\src\Debug\vld.write.1.tlog
D:\x2D Game Engine\lib\vld-2.2.3\src\Debug\vld.res
D:\x2D Game Engine\lib\vld-2.2.3\src\Debug\vld_x86.pch
D:\x2D Game Engine\lib\vld-2.2.3\src\Debug\vld_x86.pchast
D:\x2D Game Engine\lib\vld-2.2.3\src\Debug\vc110.idb
D:\x2D Game Engine\lib\vld-2.2.3\src\Debug\vc110.pdb
D:\x2D Game Engine\projects\msvc11\..\..\lib\vld-2.2.3\lib\vld_x86.pdb
D:\x2D Game Engine\projects\msvc11\..\..\lib\vld-2.2.3\lib\vld_x86.dll
D:\x2D Game Engine\projects\msvc11\..\..\lib\vld-2.2.3\lib\vld_x86.ilk
