  autofit.c
  bdf.c
  cff.c
  ftbase.c
  ftbitmap.c
  ftcache.c
  ftfstype.c
  ftgasp.c
  ftglyph.c
  ftgzip.c
  ftinit.c
  ftlzw.c
  ftstroke.c
  ftsystem.c
  smooth.c
  ftbbox.c
  ftmm.c
  ftpfr.c
  ftsynth.c
  fttype1.c
  ftwinfnt.c
  ftxf86.c
  ftlcdfil.c
d:\x2d game engine\lib\freetype-2.4.8\src\smooth\ftgrays.c(924): warning C4701: potentially uninitialized local variable 'levels' used
d:\x2d game engine\lib\freetype-2.4.8\src\smooth\ftgrays.c(924): warning C4703: potentially uninitialized local pointer variable 'levels' used
  ftgxval.c
  ftotval.c
  ftpatent.c
  pcf.c
  pfr.c
  psaux.c
  pshinter.c
  psmodule.c
  raster.c
  sfnt.c
  truetype.c
  type1.c
  type1cid.c
  type42.c
  winfnt.c
d:\x2d game engine\lib\freetype-2.4.8\src\type1\t1driver.c(219): warning C4701: potentially uninitialized local variable 'val' used
d:\x2d game engine\lib\freetype-2.4.8\src\type1\t1driver.c(249): warning C4701: potentially uninitialized local variable 'val' used
  ftdebug.c
     Creating library D:\x2D Game Engine\projects\msvc11\..\..\lib\freetype-2.4.8\lib\freetype248_d.lib and object D:\x2D Game Engine\projects\msvc11\..\..\lib\freetype-2.4.8\lib\freetype248_d.exp
  freetype.vcxproj -> D:\x2D Game Engine\projects\msvc11\..\..\lib\freetype-2.4.8\lib\freetype248_d.dll
