D:\X2D GAME ENGINE\LIB\FREETYPE-2.4.8\BUILDS\WIN32\VC2010\DEBUG DLL\BDF.OBJ
D:\X2D GAME ENGINE\LIB\FREETYPE-2.4.8\BUILDS\WIN32\VC2010\DEBUG DLL\FTLZW.OBJ
D:\X2D GAME ENGINE\LIB\FREETYPE-2.4.8\BUILDS\WIN32\VC2010\DEBUG DLL\FTMM.OBJ
D:\X2D GAME ENGINE\LIB\FREETYPE-2.4.8\BUILDS\WIN32\VC2010\DEBUG DLL\FTOTVAL.OBJ
D:\X2D GAME ENGINE\LIB\FREETYPE-2.4.8\BUILDS\WIN32\VC2010\DEBUG DLL\RASTER.OBJ
D:\X2D GAME ENGINE\LIB\FREETYPE-2.4.8\BUILDS\WIN32\VC2010\DEBUG DLL\TYPE1.OBJ
D:\X2D GAME ENGINE\LIB\FREETYPE-2.4.8\BUILDS\WIN32\VC2010\DEBUG DLL\FTCACHE.OBJ
D:\X2D GAME ENGINE\LIB\FREETYPE-2.4.8\BUILDS\WIN32\VC2010\DEBUG DLL\FTSTROKE.OBJ
D:\X2D GAME ENGINE\LIB\FREETYPE-2.4.8\BUILDS\WIN32\VC2010\DEBUG DLL\FTLCDFIL.OBJ
D:\X2D GAME ENGINE\LIB\FREETYPE-2.4.8\BUILDS\WIN32\VC2010\DEBUG DLL\PSHINTER.OBJ
D:\X2D GAME ENGINE\LIB\FREETYPE-2.4.8\BUILDS\WIN32\VC2010\DEBUG DLL\AUTOFIT.OBJ
D:\X2D GAME ENGINE\LIB\FREETYPE-2.4.8\BUILDS\WIN32\VC2010\DEBUG DLL\FTSYSTEM.OBJ
D:\X2D GAME ENGINE\LIB\FREETYPE-2.4.8\BUILDS\WIN32\VC2010\DEBUG DLL\FTTYPE1.OBJ
D:\X2D GAME ENGINE\LIB\FREETYPE-2.4.8\BUILDS\WIN32\VC2010\DEBUG DLL\PFR.OBJ
D:\X2D GAME ENGINE\LIB\FREETYPE-2.4.8\BUILDS\WIN32\VC2010\DEBUG DLL\TYPE1CID.OBJ
D:\X2D GAME ENGINE\LIB\FREETYPE-2.4.8\BUILDS\WIN32\VC2010\DEBUG DLL\CFF.OBJ
D:\X2D GAME ENGINE\LIB\FREETYPE-2.4.8\BUILDS\WIN32\VC2010\DEBUG DLL\FTBBOX.OBJ
D:\X2D GAME ENGINE\LIB\FREETYPE-2.4.8\BUILDS\WIN32\VC2010\DEBUG DLL\FTXF86.OBJ
D:\X2D GAME ENGINE\LIB\FREETYPE-2.4.8\BUILDS\WIN32\VC2010\DEBUG DLL\PSAUX.OBJ
D:\X2D GAME ENGINE\LIB\FREETYPE-2.4.8\BUILDS\WIN32\VC2010\DEBUG DLL\TYPE42.OBJ
D:\X2D GAME ENGINE\LIB\FREETYPE-2.4.8\BUILDS\WIN32\VC2010\DEBUG DLL\FTFSTYPE.OBJ
D:\X2D GAME ENGINE\LIB\FREETYPE-2.4.8\BUILDS\WIN32\VC2010\DEBUG DLL\FTGLYPH.OBJ
D:\X2D GAME ENGINE\LIB\FREETYPE-2.4.8\BUILDS\WIN32\VC2010\DEBUG DLL\SMOOTH.OBJ
D:\X2D GAME ENGINE\LIB\FREETYPE-2.4.8\BUILDS\WIN32\VC2010\DEBUG DLL\FTPATENT.OBJ
D:\X2D GAME ENGINE\LIB\FREETYPE-2.4.8\BUILDS\WIN32\VC2010\DEBUG DLL\TRUETYPE.OBJ
D:\X2D GAME ENGINE\LIB\FREETYPE-2.4.8\BUILDS\WIN32\VC2010\DEBUG DLL\FTBASE.OBJ
D:\X2D GAME ENGINE\LIB\FREETYPE-2.4.8\BUILDS\WIN32\VC2010\DEBUG DLL\FTPFR.OBJ
D:\X2D GAME ENGINE\LIB\FREETYPE-2.4.8\BUILDS\WIN32\VC2010\DEBUG DLL\FTGXVAL.OBJ
D:\X2D GAME ENGINE\LIB\FREETYPE-2.4.8\BUILDS\WIN32\VC2010\DEBUG DLL\SFNT.OBJ
D:\X2D GAME ENGINE\LIB\FREETYPE-2.4.8\BUILDS\WIN32\VC2010\DEBUG DLL\FTGASP.OBJ
D:\X2D GAME ENGINE\LIB\FREETYPE-2.4.8\BUILDS\WIN32\VC2010\DEBUG DLL\FTINIT.OBJ
D:\X2D GAME ENGINE\LIB\FREETYPE-2.4.8\BUILDS\WIN32\VC2010\DEBUG DLL\FTWINFNT.OBJ
D:\X2D GAME ENGINE\LIB\FREETYPE-2.4.8\BUILDS\WIN32\VC2010\DEBUG DLL\PSMODULE.OBJ
D:\X2D GAME ENGINE\LIB\FREETYPE-2.4.8\BUILDS\WIN32\VC2010\DEBUG DLL\FTBITMAP.OBJ
D:\X2D GAME ENGINE\LIB\FREETYPE-2.4.8\BUILDS\WIN32\VC2010\DEBUG DLL\FTGZIP.OBJ
D:\X2D GAME ENGINE\LIB\FREETYPE-2.4.8\BUILDS\WIN32\VC2010\DEBUG DLL\FTSYNTH.OBJ
D:\X2D GAME ENGINE\LIB\FREETYPE-2.4.8\BUILDS\WIN32\VC2010\DEBUG DLL\PCF.OBJ
D:\X2D GAME ENGINE\LIB\FREETYPE-2.4.8\BUILDS\WIN32\VC2010\DEBUG DLL\WINFNT.OBJ
D:\X2D GAME ENGINE\LIB\FREETYPE-2.4.8\BUILDS\WIN32\VC2010\DEBUG DLL\VC110.PDB
D:\X2D GAME ENGINE\LIB\FREETYPE-2.4.8\BUILDS\WIN32\VC2010\DEBUG DLL\FTDEBUG.OBJ
D:\x2D Game Engine\lib\freetype-2.4.8\lib\freetype248_d.lib
D:\x2D Game Engine\lib\freetype-2.4.8\lib\freetype248_d.exp
D:\X2D GAME ENGINE\LIB\FREETYPE-2.4.8\LIB\FREETYPE248_D.DLL
D:\x2D Game Engine\lib\freetype-2.4.8\builds\win32\vc2010\Debug DLL\autofit.obj
D:\x2D Game Engine\lib\freetype-2.4.8\builds\win32\vc2010\Debug DLL\bdf.obj
D:\x2D Game Engine\lib\freetype-2.4.8\builds\win32\vc2010\Debug DLL\cff.obj
D:\x2D Game Engine\lib\freetype-2.4.8\builds\win32\vc2010\Debug DLL\ftbase.obj
D:\x2D Game Engine\lib\freetype-2.4.8\builds\win32\vc2010\Debug DLL\ftbbox.obj
D:\x2D Game Engine\lib\freetype-2.4.8\builds\win32\vc2010\Debug DLL\ftbitmap.obj
D:\x2D Game Engine\lib\freetype-2.4.8\builds\win32\vc2010\Debug DLL\ftcache.obj
D:\x2D Game Engine\lib\freetype-2.4.8\builds\win32\vc2010\Debug DLL\ftdebug.obj
D:\x2D Game Engine\lib\freetype-2.4.8\builds\win32\vc2010\Debug DLL\ftfstype.obj
D:\x2D Game Engine\lib\freetype-2.4.8\builds\win32\vc2010\Debug DLL\ftgasp.obj
D:\x2D Game Engine\lib\freetype-2.4.8\builds\win32\vc2010\Debug DLL\ftglyph.obj
D:\x2D Game Engine\lib\freetype-2.4.8\builds\win32\vc2010\Debug DLL\ftgxval.obj
D:\x2D Game Engine\lib\freetype-2.4.8\builds\win32\vc2010\Debug DLL\ftgzip.obj
D:\x2D Game Engine\lib\freetype-2.4.8\builds\win32\vc2010\Debug DLL\ftinit.obj
D:\x2D Game Engine\lib\freetype-2.4.8\builds\win32\vc2010\Debug DLL\ftlcdfil.obj
D:\x2D Game Engine\lib\freetype-2.4.8\builds\win32\vc2010\Debug DLL\ftlzw.obj
D:\x2D Game Engine\lib\freetype-2.4.8\builds\win32\vc2010\Debug DLL\ftmm.obj
D:\x2D Game Engine\lib\freetype-2.4.8\builds\win32\vc2010\Debug DLL\ftotval.obj
D:\x2D Game Engine\lib\freetype-2.4.8\builds\win32\vc2010\Debug DLL\ftpatent.obj
D:\x2D Game Engine\lib\freetype-2.4.8\builds\win32\vc2010\Debug DLL\ftpfr.obj
D:\x2D Game Engine\lib\freetype-2.4.8\builds\win32\vc2010\Debug DLL\ftstroke.obj
D:\x2D Game Engine\lib\freetype-2.4.8\builds\win32\vc2010\Debug DLL\ftsynth.obj
D:\x2D Game Engine\lib\freetype-2.4.8\builds\win32\vc2010\Debug DLL\ftsystem.obj
D:\x2D Game Engine\lib\freetype-2.4.8\builds\win32\vc2010\Debug DLL\fttype1.obj
D:\x2D Game Engine\lib\freetype-2.4.8\builds\win32\vc2010\Debug DLL\ftwinfnt.obj
D:\x2D Game Engine\lib\freetype-2.4.8\builds\win32\vc2010\Debug DLL\ftxf86.obj
D:\x2D Game Engine\lib\freetype-2.4.8\builds\win32\vc2010\Debug DLL\pcf.obj
D:\x2D Game Engine\lib\freetype-2.4.8\builds\win32\vc2010\Debug DLL\pfr.obj
D:\x2D Game Engine\lib\freetype-2.4.8\builds\win32\vc2010\Debug DLL\psaux.obj
D:\x2D Game Engine\lib\freetype-2.4.8\builds\win32\vc2010\Debug DLL\pshinter.obj
D:\x2D Game Engine\lib\freetype-2.4.8\builds\win32\vc2010\Debug DLL\psmodule.obj
D:\x2D Game Engine\lib\freetype-2.4.8\builds\win32\vc2010\Debug DLL\raster.obj
D:\x2D Game Engine\lib\freetype-2.4.8\builds\win32\vc2010\Debug DLL\sfnt.obj
D:\x2D Game Engine\lib\freetype-2.4.8\builds\win32\vc2010\Debug DLL\smooth.obj
D:\x2D Game Engine\lib\freetype-2.4.8\builds\win32\vc2010\Debug DLL\truetype.obj
D:\x2D Game Engine\lib\freetype-2.4.8\builds\win32\vc2010\Debug DLL\type1.obj
D:\x2D Game Engine\lib\freetype-2.4.8\builds\win32\vc2010\Debug DLL\type1cid.obj
D:\x2D Game Engine\lib\freetype-2.4.8\builds\win32\vc2010\Debug DLL\type42.obj
D:\x2D Game Engine\lib\freetype-2.4.8\builds\win32\vc2010\Debug DLL\winfnt.obj
D:\x2D Game Engine\lib\freetype-2.4.8\builds\win32\vc2010\Debug DLL\CL.4024.read.1.tlog
D:\x2D Game Engine\lib\freetype-2.4.8\builds\win32\vc2010\Debug DLL\CL.4024.write.1.tlog
D:\x2D Game Engine\lib\freetype-2.4.8\builds\win32\vc2010\Debug DLL\CL.5020.read.1.tlog
D:\x2D Game Engine\lib\freetype-2.4.8\builds\win32\vc2010\Debug DLL\CL.5020.write.1.tlog
D:\x2D Game Engine\lib\freetype-2.4.8\builds\win32\vc2010\Debug DLL\CL.5716.read.1.tlog
D:\x2D Game Engine\lib\freetype-2.4.8\builds\win32\vc2010\Debug DLL\CL.5716.write.1.tlog
D:\x2D Game Engine\lib\freetype-2.4.8\builds\win32\vc2010\Debug DLL\CL.7068.read.1.tlog
D:\x2D Game Engine\lib\freetype-2.4.8\builds\win32\vc2010\Debug DLL\CL.7068.write.1.tlog
D:\x2D Game Engine\lib\freetype-2.4.8\builds\win32\vc2010\Debug DLL\CL.7596.read.1.tlog
D:\x2D Game Engine\lib\freetype-2.4.8\builds\win32\vc2010\Debug DLL\CL.7596.write.1.tlog
D:\x2D Game Engine\lib\freetype-2.4.8\builds\win32\vc2010\Debug DLL\CL.8012.read.1.tlog
D:\x2D Game Engine\lib\freetype-2.4.8\builds\win32\vc2010\Debug DLL\CL.8012.write.1.tlog
D:\x2D Game Engine\lib\freetype-2.4.8\builds\win32\vc2010\Debug DLL\CL.8104.read.1.tlog
D:\x2D Game Engine\lib\freetype-2.4.8\builds\win32\vc2010\Debug DLL\CL.8104.write.1.tlog
D:\x2D Game Engine\lib\freetype-2.4.8\builds\win32\vc2010\Debug DLL\CL.8136.read.1.tlog
D:\x2D Game Engine\lib\freetype-2.4.8\builds\win32\vc2010\Debug DLL\CL.8136.write.1.tlog
D:\x2D Game Engine\lib\freetype-2.4.8\builds\win32\vc2010\Debug DLL\cl.command.1.tlog
D:\x2D Game Engine\lib\freetype-2.4.8\builds\win32\vc2010\Debug DLL\CL.read.1.tlog
D:\x2D Game Engine\lib\freetype-2.4.8\builds\win32\vc2010\Debug DLL\CL.write.1.tlog
D:\x2D Game Engine\lib\freetype-2.4.8\builds\win32\vc2010\Debug DLL\freetype.write.1.tlog
D:\x2D Game Engine\lib\freetype-2.4.8\builds\win32\vc2010\Debug DLL\link-cvtres.read.1.tlog
D:\x2D Game Engine\lib\freetype-2.4.8\builds\win32\vc2010\Debug DLL\link-cvtres.write.1.tlog
D:\x2D Game Engine\lib\freetype-2.4.8\builds\win32\vc2010\Debug DLL\link-rc.read.1.tlog
D:\x2D Game Engine\lib\freetype-2.4.8\builds\win32\vc2010\Debug DLL\link-rc.write.1.tlog
D:\x2D Game Engine\lib\freetype-2.4.8\builds\win32\vc2010\Debug DLL\link.command.1.tlog
D:\x2D Game Engine\lib\freetype-2.4.8\builds\win32\vc2010\Debug DLL\link.read.1.tlog
D:\x2D Game Engine\lib\freetype-2.4.8\builds\win32\vc2010\Debug DLL\link.write.1.tlog
D:\x2D Game Engine\lib\freetype-2.4.8\builds\win32\vc2010\Debug DLL\vc110.pdb
D:\x2D Game Engine\projects\msvc11\..\..\lib\freetype-2.4.8\lib\freetype248_d.dll
