D:\X2D GAME ENGINE\LIB\ZLIB-1.2.5\LIB\ZLIB_D.BSC
D:\X2D GAME ENGINE\LIB\LPNG154\PROJECTS\VSTUDIO\ZLIB\DEBUG DLL\ADLER32.SBR
D:\X2D GAME ENGINE\LIB\LPNG154\PROJECTS\VSTUDIO\ZLIB\DEBUG DLL\COMPRESS.SBR
D:\X2D GAME ENGINE\LIB\LPNG154\PROJECTS\VSTUDIO\ZLIB\DEBUG DLL\CRC32.SBR
D:\X2D GAME ENGINE\LIB\LPNG154\PROJECTS\VSTUDIO\ZLIB\DEBUG DLL\DEFLATE.SBR
D:\X2D GAME ENGINE\LIB\LPNG154\PROJECTS\VSTUDIO\ZLIB\DEBUG DLL\INFBACK.SBR
D:\X2D GAME ENGINE\LIB\LPNG154\PROJECTS\VSTUDIO\ZLIB\DEBUG DLL\INFFAST.SBR
D:\X2D GAME ENGINE\LIB\LPNG154\PROJECTS\VSTUDIO\ZLIB\DEBUG DLL\INFLATE.SBR
D:\X2D GAME ENGINE\LIB\LPNG154\PROJECTS\VSTUDIO\ZLIB\DEBUG DLL\INFTREES.SBR
D:\X2D GAME ENGINE\LIB\LPNG154\PROJECTS\VSTUDIO\ZLIB\DEBUG DLL\TREES.SBR
D:\X2D GAME ENGINE\LIB\LPNG154\PROJECTS\VSTUDIO\ZLIB\DEBUG DLL\UNCOMPR.SBR
D:\X2D GAME ENGINE\LIB\LPNG154\PROJECTS\VSTUDIO\ZLIB\DEBUG DLL\ZUTIL.SBR
D:\X2D GAME ENGINE\LIB\LPNG154\PROJECTS\VSTUDIO\ZLIB\DEBUG DLL\ZUTIL.OBJ
D:\X2D GAME ENGINE\LIB\LPNG154\PROJECTS\VSTUDIO\ZLIB\DEBUG DLL\UNCOMPR.OBJ
D:\X2D GAME ENGINE\LIB\LPNG154\PROJECTS\VSTUDIO\ZLIB\DEBUG DLL\TREES.OBJ
D:\X2D GAME ENGINE\LIB\LPNG154\PROJECTS\VSTUDIO\ZLIB\DEBUG DLL\INFTREES.OBJ
D:\X2D GAME ENGINE\LIB\LPNG154\PROJECTS\VSTUDIO\ZLIB\DEBUG DLL\INFLATE.OBJ
D:\X2D GAME ENGINE\LIB\LPNG154\PROJECTS\VSTUDIO\ZLIB\DEBUG DLL\INFFAST.OBJ
D:\X2D GAME ENGINE\LIB\LPNG154\PROJECTS\VSTUDIO\ZLIB\DEBUG DLL\INFBACK.OBJ
D:\X2D GAME ENGINE\LIB\LPNG154\PROJECTS\VSTUDIO\ZLIB\DEBUG DLL\DEFLATE.OBJ
D:\X2D GAME ENGINE\LIB\LPNG154\PROJECTS\VSTUDIO\ZLIB\DEBUG DLL\CRC32.OBJ
D:\X2D GAME ENGINE\LIB\LPNG154\PROJECTS\VSTUDIO\ZLIB\DEBUG DLL\COMPRESS.OBJ
D:\X2D GAME ENGINE\LIB\LPNG154\PROJECTS\VSTUDIO\ZLIB\DEBUG DLL\ADLER32.OBJ
D:\X2D GAME ENGINE\LIB\LPNG154\PROJECTS\VSTUDIO\ZLIB\DEBUG DLL\VC110.PDB
D:\X2D GAME ENGINE\LIB\ZLIB-1.2.5\LIB\ZLIB_D.ILK
D:\X2D GAME ENGINE\LIB\ZLIB-1.2.5\LIB\ZLIB_D.DLL
D:\X2D GAME ENGINE\LIB\ZLIB-1.2.5\LIB\ZLIB_D.PDB
D:\x2D Game Engine\lib\zlib-1.2.5\lib\zlib_d.lib
D:\x2D Game Engine\lib\zlib-1.2.5\lib\zlib_d.exp
D:\x2D Game Engine\lib\lpng154\projects\vstudio\zlib\Debug DLL\adler32.obj
D:\x2D Game Engine\lib\lpng154\projects\vstudio\zlib\Debug DLL\compress.obj
D:\x2D Game Engine\lib\lpng154\projects\vstudio\zlib\Debug DLL\crc32.obj
D:\x2D Game Engine\lib\lpng154\projects\vstudio\zlib\Debug DLL\deflate.obj
D:\x2D Game Engine\lib\lpng154\projects\vstudio\zlib\Debug DLL\infback.obj
D:\x2D Game Engine\lib\lpng154\projects\vstudio\zlib\Debug DLL\inffast.obj
D:\x2D Game Engine\lib\lpng154\projects\vstudio\zlib\Debug DLL\inflate.obj
D:\x2D Game Engine\lib\lpng154\projects\vstudio\zlib\Debug DLL\inftrees.obj
D:\x2D Game Engine\lib\lpng154\projects\vstudio\zlib\Debug DLL\trees.obj
D:\x2D Game Engine\lib\lpng154\projects\vstudio\zlib\Debug DLL\uncompr.obj
D:\x2D Game Engine\lib\lpng154\projects\vstudio\zlib\Debug DLL\zutil.obj
D:\x2D Game Engine\lib\lpng154\projects\vstudio\zlib\Debug DLL\BscMake.command.1.tlog
D:\x2D Game Engine\lib\lpng154\projects\vstudio\zlib\Debug DLL\bscmake.read.1.tlog
D:\x2D Game Engine\lib\lpng154\projects\vstudio\zlib\Debug DLL\bscmake.write.1.tlog
D:\x2D Game Engine\lib\lpng154\projects\vstudio\zlib\Debug DLL\cl.command.1.tlog
D:\x2D Game Engine\lib\lpng154\projects\vstudio\zlib\Debug DLL\CL.read.1.tlog
D:\x2D Game Engine\lib\lpng154\projects\vstudio\zlib\Debug DLL\CL.write.1.tlog
D:\x2D Game Engine\lib\lpng154\projects\vstudio\zlib\Debug DLL\link-cvtres.read.1.tlog
D:\x2D Game Engine\lib\lpng154\projects\vstudio\zlib\Debug DLL\link-cvtres.write.1.tlog
D:\x2D Game Engine\lib\lpng154\projects\vstudio\zlib\Debug DLL\link-rc.read.1.tlog
D:\x2D Game Engine\lib\lpng154\projects\vstudio\zlib\Debug DLL\link-rc.write.1.tlog
D:\x2D Game Engine\lib\lpng154\projects\vstudio\zlib\Debug DLL\link.command.1.tlog
D:\x2D Game Engine\lib\lpng154\projects\vstudio\zlib\Debug DLL\link.read.1.tlog
D:\x2D Game Engine\lib\lpng154\projects\vstudio\zlib\Debug DLL\link.write.1.tlog
D:\x2D Game Engine\lib\lpng154\projects\vstudio\zlib\Debug DLL\zlib.write.1.tlog
D:\x2D Game Engine\lib\lpng154\projects\vstudio\zlib\Debug DLL\vc110.pdb
D:\x2D Game Engine\lib\lpng154\projects\vstudio\zlib\Debug DLL\adler32.sbr
D:\x2D Game Engine\lib\lpng154\projects\vstudio\zlib\Debug DLL\compress.sbr
D:\x2D Game Engine\lib\lpng154\projects\vstudio\zlib\Debug DLL\crc32.sbr
D:\x2D Game Engine\lib\lpng154\projects\vstudio\zlib\Debug DLL\deflate.sbr
D:\x2D Game Engine\lib\lpng154\projects\vstudio\zlib\Debug DLL\infback.sbr
D:\x2D Game Engine\lib\lpng154\projects\vstudio\zlib\Debug DLL\inffast.sbr
D:\x2D Game Engine\lib\lpng154\projects\vstudio\zlib\Debug DLL\inflate.sbr
D:\x2D Game Engine\lib\lpng154\projects\vstudio\zlib\Debug DLL\inftrees.sbr
D:\x2D Game Engine\lib\lpng154\projects\vstudio\zlib\Debug DLL\trees.sbr
D:\x2D Game Engine\lib\lpng154\projects\vstudio\zlib\Debug DLL\uncompr.sbr
D:\x2D Game Engine\lib\lpng154\projects\vstudio\zlib\Debug DLL\zutil.sbr
D:\x2D Game Engine\projects\msvc11\..\..\lib\zlib-1.2.5\lib\zlib_d.pdb
D:\x2D Game Engine\projects\msvc11\..\..\lib\zlib-1.2.5\lib\zlib_d.dll
D:\x2D Game Engine\projects\msvc11\..\..\lib\zlib-1.2.5\lib\zlib_d.bsc
D:\x2D Game Engine\projects\msvc11\..\..\lib\zlib-1.2.5\lib\zlib_d.ilk
