  x2DAndroid.vcxproj -> D:\x2D Game Engine\lib\angelscript\sdk\samples\vs-android\..\..\build\Android\Debug\vsandroid.so
C:\Program Files (x86)\MSBuild\Microsoft.Cpp\v4.0\V110\Platforms\Android\Microsoft.Cpp.Android.Targets(234,5): warning MSB8015: Forcing a rebuild of all source files due to the contents of "D:\x2D Game Engine\lib\angelscript\sdk\samples\vs-android\Android\Debug\ant.command.1.tlog" being invalid.
  Envvar: JAVA_HOME is set to 'C:\Program Files (x86)\Java\jdk1.7.0_45'
  Envvar: ANT_OPTS is set to '-Xms512m -Xmx512m'
  C:\Android\apache-ant-1.9.2\bin\ant.bat  debug
  Buildfile: D:\x2D Game Engine\lib\angelscript\sdk\samples\vs-android\AndroidApk\build.xml
  
  -set-mode-check:
  
  -set-debug-files:
  
  -check-env:
   [checkenv] Android SDK Tools Revision 22.3.0
   [checkenv] Installed at C:\Program Files (x86)\android-studio\sdk
  
  -setup:
       [echo] Project Name: X2DActivity
    [gettype] Project Type: Application
  
  -set-debug-mode:
  
  -debug-obfuscation-check:
  
  -pre-build:
  
  -build-setup:
  [getbuildtools] Using latest Build Tools: 19.0.0
       [echo] Resolving Build Target for X2DActivity...
  [gettarget] Project Target:   Android 4.4.2
  [gettarget] API level:        19
       [echo] ----------
       [echo] Creating output directories if needed...
       [echo] ----------
       [echo] Resolving Dependencies for X2DActivity...
  [dependency] Library dependencies:
  [dependency] No Libraries
  [dependency] 
  [dependency] ------------------
       [echo] ----------
       [echo] Building Libraries with 'debug'...
     [subant] No sub-builds to iterate on
  
  -code-gen:
  [mergemanifest] Found Deleted Target File
  [mergemanifest] Merging AndroidManifest files into one.
  [mergemanifest] Manifest merger disabled. Using project manifest only.
       [echo] hasCode = false. Skipping aidl/renderscript/R.java
  
  -pre-compile:
  
  -compile:
       [echo] hasCode = false. Skipping...
  
  -post-compile:
  
  -obfuscate:
  
  -dex:
       [echo] hasCode = false. Skipping...
  
  -crunch:
     [crunch] Crunching PNG Files in source dir: D:\x2D Game Engine\lib\angelscript\sdk\samples\vs-android\AndroidApk\res
     [crunch] To destination dir: D:\x2D Game Engine\lib\angelscript\sdk\samples\vs-android\AndroidApk\bin\res
     [crunch] Crunched 0 PNG files to update cache
  
  -package-resources:
       [aapt] Found Deleted Target File
       [aapt] Creating full resource package...
  2014-01-05 21:30:51
  Full thread dump Java HotSpot(TM) Client VM (24.45-b08 mixed mode):
  
  "Thread-4" daemon prio=6 tid=0x05102c00 nid=0x1d18 in Object.wait() [0x0562f000]
     java.lang.Thread.State: TIMED_WAITING (on object monitor)
  	at java.lang.Object.wait(Native Method)
  	- waiting on <0x10c08bf0> (a org.apache.tools.ant.taskdefs.StreamPumper)
  	at org.apache.tools.ant.taskdefs.StreamPumper.waitForInput(StreamPumper.java:229)
  	- locked <0x10c08bf0> (a org.apache.tools.ant.taskdefs.StreamPumper)
  	at org.apache.tools.ant.taskdefs.StreamPumper.run(StreamPumper.java:126)
  	at java.lang.Thread.run(Thread.java:744)
  
  "Thread-3" daemon prio=6 tid=0x050ea800 nid=0x1ea0 in Object.wait() [0x047cf000]
     java.lang.Thread.State: TIMED_WAITING (on object monitor)
  	at java.lang.Object.wait(Native Method)
  	- waiting on <0x10c089b8> (a org.apache.tools.ant.taskdefs.StreamPumper)
  	at org.apache.tools.ant.taskdefs.StreamPumper.waitForInput(StreamPumper.java:229)
  	- locked <0x10c089b8> (a org.apache.tools.ant.taskdefs.StreamPumper)
  	at org.apache.tools.ant.taskdefs.StreamPumper.run(StreamPumper.java:126)
  	at java.lang.Thread.run(Thread.java:744)
  
  "Service Thread" daemon prio=6 tid=0x0490c400 nid=0x1e2c runnable [0x00000000]
     java.lang.Thread.State: RUNNABLE
  
  "C1 CompilerThread0" daemon prio=10 tid=0x023ccc00 nid=0x1130 waiting on condition [0x00000000]
     java.lang.Thread.State: RUNNABLE
  
  "Attach Listener" daemon prio=10 tid=0x023cb800 nid=0x1448 runnable [0x00000000]
     java.lang.Thread.State: RUNNABLE
  
  "Signal Dispatcher" daemon prio=10 tid=0x023c8400 nid=0x1af4 waiting on condition [0x00000000]
     java.lang.Thread.State: RUNNABLE
  
  "Finalizer" daemon prio=8 tid=0x023b9c00 nid=0x1b0c in Object.wait() [0x04bdf000]
     java.lang.Thread.State: WAITING (on object monitor)
  	at java.lang.Object.wait(Native Method)
  	- waiting on <0x0f015468> (a java.lang.ref.ReferenceQueue$Lock)
  	at java.lang.ref.ReferenceQueue.remove(ReferenceQueue.java:135)
  	- locked <0x0f015468> (a java.lang.ref.ReferenceQueue$Lock)
  	at java.lang.ref.ReferenceQueue.remove(ReferenceQueue.java:151)
  	at java.lang.ref.Finalizer$FinalizerThread.run(Finalizer.java:189)
  
  "Reference Handler" daemon prio=10 tid=0x023b3c00 nid=0xab0 in Object.wait() [0x0481f000]
     java.lang.Thread.State: WAITING (on object monitor)
  	at java.lang.Object.wait(Native Method)
  	- waiting on <0x0f015040> (a java.lang.ref.Reference$Lock)
  	at java.lang.Object.wait(Object.java:503)
  	at java.lang.ref.Reference$ReferenceHandler.run(Reference.java:133)
  	- locked <0x0f015040> (a java.lang.ref.Reference$Lock)
  
  "main" prio=6 tid=0x024ce400 nid=0x1eb0 in Object.wait() [0x0053e000]
     java.lang.Thread.State: TIMED_WAITING (on object monitor)
  	at java.lang.Object.wait(Native Method)
  	- waiting on <0x10c089d8> (a org.apache.tools.ant.taskdefs.PumpStreamHandler$ThreadWithPumper)
  	at java.lang.Thread.join(Thread.java:1288)
  	- locked <0x10c089d8> (a org.apache.tools.ant.taskdefs.PumpStreamHandler$ThreadWithPumper)
  	at org.apache.tools.ant.taskdefs.PumpStreamHandler.finish(PumpStreamHandler.java:188)
  	at org.apache.tools.ant.taskdefs.PumpStreamHandler.stop(PumpStreamHandler.java:157)
  	at org.apache.tools.ant.taskdefs.Execute.execute(Execute.java:468)
  	at org.apache.tools.ant.taskdefs.ExecTask.runExecute(ExecTask.java:628)
  	at org.apache.tools.ant.taskdefs.ExecTask.runExec(ExecTask.java:669)
  	at org.apache.tools.ant.taskdefs.ExecTask.execute(ExecTask.java:495)
  	at com.android.ant.AaptExecTask.execute(AaptExecTask.java:699)
  	at org.apache.tools.ant.UnknownElement.execute(UnknownElement.java:292)
  	at sun.reflect.GeneratedMethodAccessor4.invoke(Unknown Source)
  	at sun.reflect.DelegatingMethodAccessorImpl.invoke(DelegatingMethodAccessorImpl.java:43)
  	at java.lang.reflect.Method.invoke(Method.java:606)
  	at org.apache.tools.ant.dispatch.DispatchUtils.execute(DispatchUtils.java:106)
  	at org.apache.tools.ant.Task.perform(Task.java:348)
  	at org.apache.tools.ant.taskdefs.Sequential.execute(Sequential.java:68)
  	at com.android.ant.IfElseTask.execute(IfElseTask.java:124)
  	at org.apache.tools.ant.UnknownElement.execute(UnknownElement.java:292)
  	at sun.reflect.GeneratedMethodAccessor4.invoke(Unknown Source)
  	at sun.reflect.DelegatingMethodAccessorImpl.invoke(DelegatingMethodAccessorImpl.java:43)
  	at java.lang.reflect.Method.invoke(Method.java:606)
  	at org.apache.tools.ant.dispatch.DispatchUtils.execute(DispatchUtils.java:106)
  	at org.apache.tools.ant.Task.perform(Task.java:348)
  	at org.apache.tools.ant.taskdefs.Sequential.execute(Sequential.java:68)
  	at org.apache.tools.ant.UnknownElement.execute(UnknownElement.java:292)
  	at sun.reflect.GeneratedMethodAccessor4.invoke(Unknown Source)
  	at sun.reflect.DelegatingMethodAccessorImpl.invoke(DelegatingMethodAccessorImpl.java:43)
  	at java.lang.reflect.Method.invoke(Method.java:606)
  	at org.apache.tools.ant.dispatch.DispatchUtils.execute(DispatchUtils.java:106)
  	at org.apache.tools.ant.Task.perform(Task.java:348)
  	at org.apache.tools.ant.taskdefs.MacroInstance.execute(MacroInstance.java:396)
  	at org.apache.tools.ant.UnknownElement.execute(UnknownElement.java:292)
  	at sun.reflect.GeneratedMethodAccessor4.invoke(Unknown Source)
  	at sun.reflect.DelegatingMethodAccessorImpl.invoke(DelegatingMethodAccessorImpl.java:43)
  	at java.lang.reflect.Method.invoke(Method.java:606)
  	at org.apache.tools.ant.dispatch.DispatchUtils.execute(DispatchUtils.java:106)
  	at org.apache.tools.ant.Task.perform(Task.java:348)
  	at org.apache.tools.ant.Target.execute(Target.java:435)
  	at org.apache.tools.ant.Target.performTasks(Target.java:456)
  	at org.apache.tools.ant.Project.executeSortedTargets(Project.java:1393)
  	at org.apache.tools.ant.Project.executeTarget(Project.java:1364)
  	at org.apache.tools.ant.helper.DefaultExecutor.executeTargets(DefaultExecutor.java:41)
  	at org.apache.tools.ant.Project.executeTargets(Project.java:1248)
  	at org.apache.tools.ant.Main.runBuild(Main.java:851)
  	at org.apache.tools.ant.Main.startAnt(Main.java:235)
  	at org.apache.tools.ant.launch.Launcher.run(Launcher.java:280)
  	at org.apache.tools.ant.launch.Launcher.main(Launcher.java:109)
  
  "VM Thread" prio=10 tid=0x023b2400 nid=0x7d4 runnable 
  
  "VM Periodic Task Thread" prio=10 tid=0x04927000 nid=0x11bc waiting on condition 
  
  JNI global references: 173
  
  Heap
   def new generation   total 78656K, used 34996K [0x0f010000, 0x14560000, 0x19ab0000)
    eden space 69952K,  50% used [0x0f010000, 0x1123d000, 0x13460000)
    from space 8704K,   0% used [0x13460000, 0x13460000, 0x13ce0000)
    to   space 8704K,   0% used [0x13ce0000, 0x13ce0000, 0x14560000)
   tenured generation   total 174784K, used 0K [0x19ab0000, 0x24560000, 0x2f010000)
     the space 174784K,   0% used [0x19ab0000, 0x19ab0000, 0x19ab0200, 0x24560000)
   compacting perm gen  total 12288K, used 6237K [0x2f010000, 0x2fc10000, 0x33010000)
     the space 12288K,  50% used [0x2f010000, 0x2f627588, 0x2f627600, 0x2fc10000)
  No shared spaces configured.
  
  
  -package:
  [apkbuilder] Found Deleted Target File
  [apkbuilder] Creating X2DActivity-debug-unaligned.apk and signing it with a debug key...
C:\Program Files (x86)\MSBuild\Microsoft.Cpp\v4.0\V110\Platforms\Android\Microsoft.Cpp.Android.Targets(234,5): warning MSB4220: Waiting for the currently executing task "AntBuild" to cancel.
  
  -post-package:
  
  -do-debug:
   [zipalign] Running zip align on final apk...
       [echo] Debug Package: D:\x2D Game Engine\lib\angelscript\sdk\samples\vs-android\AndroidApk\bin\X2DActivity-debug.apk
  [propertyfile] Updating property file: D:\x2D Game Engine\lib\angelscript\sdk\samples\vs-android\AndroidApk\bin\build.prop
  [propertyfile] Updating property file: D:\x2D Game Engine\lib\angelscript\sdk\samples\vs-android\AndroidApk\bin\build.prop
  [propertyfile] Updating property file: D:\x2D Game Engine\lib\angelscript\sdk\samples\vs-android\AndroidApk\bin\build.prop
  [propertyfile] Updating property file: D:\x2D Game Engine\lib\angelscript\sdk\samples\vs-android\AndroidApk\bin\build.prop
  
  -post-build:
  
  debug:
  
  BUILD SUCCESSFUL
  Total time: 8 seconds
  Terminate batch job (Y/N)? 
C:\Program Files (x86)\MSBuild\Microsoft.Cpp\v4.0\V110\Platforms\Android\Microsoft.Cpp.Android.Targets(234,5): warning MSB8015: Forcing a rebuild of all source files due to the contents of "D:\x2D Game Engine\lib\angelscript\sdk\samples\vs-android\Android\Debug\ant.command.1.tlog" being invalid.
