D:\AURORAX2D\BUILD\WIN32\RELEASE\AURORAX2D.EXE
D:\Aurorax2D\build\Win32\Release\Aurorax2D.exp
D:\Aurorax2D\build\Win32\Release\Aurorax2D.lib
D:\Aurorax2D\projects\msvc10\..\..\build\Win32\Release\Aurorax2D.exe
D:\AURORAX2D\PROJECTS\MSVC10\RELEASE\APP-ANDROID.OBJ
D:\AURORAX2D\PROJECTS\MSVC10\RELEASE\APPLICATION.OBJ
D:\AURORAX2D\PROJECTS\MSVC10\RELEASE\APP-WIN32.OBJ
D:\AURORAX2D\PROJECTS\MSVC10\RELEASE\AURORAX2D.EXE.INTERMEDIATE.MANIFEST
D:\Aurorax2D\projects\msvc10\Release\Aurorax2D.write.1.tlog
D:\Aurorax2D\projects\msvc10\Release\cl.command.1.tlog
D:\Aurorax2D\projects\msvc10\Release\CL.read.1.tlog
D:\Aurorax2D\projects\msvc10\Release\CL.write.1.tlog
D:\AURORAX2D\PROJECTS\MSVC10\RELEASE\COLOR.OBJ
D:\AURORAX2D\PROJECTS\MSVC10\RELEASE\CONSOLE.OBJ
D:\AURORAX2D\PROJECTS\MSVC10\RELEASE\CURSOR.OBJ
D:\AURORAX2D\PROJECTS\MSVC10\RELEASE\DEBUGGER.OBJ
D:\AURORAX2D\PROJECTS\MSVC10\RELEASE\DIRECTORYMONITOR.OBJ
D:\AURORAX2D\PROJECTS\MSVC10\RELEASE\ENGINE.OBJ
D:\AURORAX2D\PROJECTS\MSVC10\RELEASE\GFX.OBJ
D:\AURORAX2D\PROJECTS\MSVC10\RELEASE\IMPORTGL.OBJ
D:\AURORAX2D\PROJECTS\MSVC10\RELEASE\IO.OBJ
D:\AURORAX2D\PROJECTS\MSVC10\RELEASE\JAVA-WRAPPER.OBJ
D:\AURORAX2D\PROJECTS\MSVC10\RELEASE\KEYBIND.OBJ
D:\Aurorax2D\projects\msvc10\Release\link.command.1.tlog
D:\Aurorax2D\projects\msvc10\Release\link.read.1.tlog
D:\Aurorax2D\projects\msvc10\Release\link.write.1.tlog
D:\Aurorax2D\projects\msvc10\Release\link-cvtres.read.1.tlog
D:\Aurorax2D\projects\msvc10\Release\link-cvtres.write.1.tlog
D:\AURORAX2D\PROJECTS\MSVC10\RELEASE\MAIN.OBJ
D:\AURORAX2D\PROJECTS\MSVC10\RELEASE\MATH.OBJ
D:\Aurorax2D\projects\msvc10\Release\mt.command.1.tlog
D:\Aurorax2D\projects\msvc10\Release\mt.read.1.tlog
D:\Aurorax2D\projects\msvc10\Release\mt.write.1.tlog
D:\AURORAX2D\PROJECTS\MSVC10\RELEASE\OPENAL.OBJ
D:\AURORAX2D\PROJECTS\MSVC10\RELEASE\PACKET.OBJ
D:\AURORAX2D\PROJECTS\MSVC10\RELEASE\PBO.OBJ
D:\AURORAX2D\PROJECTS\MSVC10\RELEASE\PLATFORM.OBJ
D:\AURORAX2D\PROJECTS\MSVC10\RELEASE\PROFILER.OBJ
D:\Aurorax2D\projects\msvc10\Release\rc.command.1.tlog
D:\Aurorax2D\projects\msvc10\Release\rc.read.1.tlog
D:\Aurorax2D\projects\msvc10\Release\rc.write.1.tlog
D:\AURORAX2D\PROJECTS\MSVC10\RELEASE\RECT.OBJ
D:\AURORAX2D\PROJECTS\MSVC10\RELEASE\RESOURCES.RES
D:\AURORAX2D\PROJECTS\MSVC10\RELEASE\SCRIPTARRAY.OBJ
D:\AURORAX2D\PROJECTS\MSVC10\RELEASE\SCRIPTBUILDER.OBJ
D:\AURORAX2D\PROJECTS\MSVC10\RELEASE\SCRIPTGRID.OBJ
D:\AURORAX2D\PROJECTS\MSVC10\RELEASE\SCRIPTHELPER.OBJ
D:\AURORAX2D\PROJECTS\MSVC10\RELEASE\SCRIPTS.OBJ
D:\AURORAX2D\PROJECTS\MSVC10\RELEASE\SCRIPTSTDSTRING.OBJ
D:\AURORAX2D\PROJECTS\MSVC10\RELEASE\SCRIPTSTDSTRING_UTILS.OBJ
D:\AURORAX2D\PROJECTS\MSVC10\RELEASE\SERVER.OBJ
D:\AURORAX2D\PROJECTS\MSVC10\RELEASE\SFX.OBJ
D:\AURORAX2D\PROJECTS\MSVC10\RELEASE\SFXWAV.OBJ
D:\AURORAX2D\PROJECTS\MSVC10\RELEASE\SOCKET.OBJ
D:\AURORAX2D\PROJECTS\MSVC10\RELEASE\SOCKETS.OBJ
D:\AURORAX2D\PROJECTS\MSVC10\RELEASE\TEXBMP.OBJ
D:\AURORAX2D\PROJECTS\MSVC10\RELEASE\TEXPNG.OBJ
D:\AURORAX2D\PROJECTS\MSVC10\RELEASE\VC100.PDB
D:\AURORAX2D\PROJECTS\MSVC10\RELEASE\VECTOR.OBJ
