Build started 03.03.2012 12:43:02.
     1>Project "C:\Users\Marcus\Documents\Aurorax2D\lib\freetype-2.4.8\builds\win32\vc2010\freetype.vcxproj" on node 5 (rebuild target(s)).
     1>PrepareForBuild:
         Creating directory "C:\Users\Marcus\Documents\Aurorax2D\lib\freetype-2.4.8\lib\".
       InitializeBuildStatus:
         Creating "C:\Users\Marcus\Documents\Aurorax2D\lib\freetype-2.4.8\out\Debug\freetype.unsuccessfulbuild" because "AlwaysCreate" was specified.
       ClCompile:
         C:\Program Files (x86)\Microsoft Visual Studio 10.0\VC\bin\CL.exe /c /I..\..\..\include /Zi /nologo /W4 /WX- /MP /Od /Oy- /D _DEBUG /D WIN32 /D _LIB /D _CRT_SECURE_NO_WARNINGS /D FT_DEBUG_LEVEL_ERROR /D FT_DEBUG_LEVEL_TRACE /D FT2_BUILD_LIBRARY /D _MBCS /Gm- /EHsc /RTC1 /MTd /GS /fp:precise /Za /Zc:wchar_t /Zc:forScope /Fo"C:\Users\Marcus\Documents\Aurorax2D\lib\freetype-2.4.8\out\Debug\\" /Fd"C:\Users\Marcus\Documents\Aurorax2D\lib\freetype-2.4.8\out\Debug\vc100.pdb" /Gd /TC /wd4001 /analyze- /errorReport:prompt ..\..\..\src\autofit\autofit.c ..\..\..\src\bdf\bdf.c ..\..\..\src\cff\cff.c ..\..\..\src\base\ftbase.c ..\..\..\src\base\ftbitmap.c ..\..\..\src\cache\ftcache.c ..\..\..\src\base\ftfstype.c ..\..\..\src\base\ftgasp.c ..\..\..\src\base\ftglyph.c ..\..\..\src\gzip\ftgzip.c ..\..\..\src\base\ftinit.c ..\..\..\src\lzw\ftlzw.c ..\..\..\src\base\ftstroke.c ..\..\..\src\base\ftsystem.c ..\..\..\src\smooth\smooth.c ..\..\..\src\base\ftbbox.c ..\..\..\src\base\ftmm.c ..\..\..\src\base\ftpfr.c ..\..\..\src\base\ftsynth.c ..\..\..\src\base\fttype1.c ..\..\..\src\base\ftwinfnt.c ..\..\..\src\base\ftxf86.c ..\..\..\src\base\ftlcdfil.c ..\..\..\src\base\ftgxval.c ..\..\..\src\base\ftotval.c ..\..\..\src\base\ftpatent.c ..\..\..\src\pcf\pcf.c ..\..\..\src\pfr\pfr.c ..\..\..\src\psaux\psaux.c ..\..\..\src\pshinter\pshinter.c ..\..\..\src\psnames\psmodule.c ..\..\..\src\raster\raster.c ..\..\..\src\sfnt\sfnt.c ..\..\..\src\truetype\truetype.c ..\..\..\src\type1\type1.c ..\..\..\src\cid\type1cid.c ..\..\..\src\type42\type42.c ..\..\..\src\winfonts\winfnt.c
         autofit.c
         bdf.c
         cff.c
         ftbase.c
         ftbitmap.c
         ftcache.c
         ftfstype.c
         ftgasp.c
         ftglyph.c
         ftgzip.c
         ftinit.c
         ftlzw.c
         ftstroke.c
         ftsystem.c
         smooth.c
         ftbbox.c
         ftmm.c
         ftpfr.c
         ftsynth.c
         fttype1.c
         ftwinfnt.c
         ftxf86.c
         ftlcdfil.c
     1>c:\users\marcus\documents\aurorax2d\lib\freetype-2.4.8\src\smooth\ftgrays.c(924): warning C4701: potentially uninitialized local variable 'levels' used
         ftgxval.c
         ftotval.c
         ftpatent.c
         pcf.c
         pfr.c
         psaux.c
         pshinter.c
         psmodule.c
         raster.c
         sfnt.c
         truetype.c
         type1.c
         type1cid.c
         type42.c
         winfnt.c
     1>c:\users\marcus\documents\aurorax2d\lib\freetype-2.4.8\src\type1\t1driver.c(219): warning C4701: potentially uninitialized local variable 'val' used
     1>c:\users\marcus\documents\aurorax2d\lib\freetype-2.4.8\src\type1\t1driver.c(249): warning C4701: potentially uninitialized local variable 'val' used
         C:\Program Files (x86)\Microsoft Visual Studio 10.0\VC\bin\CL.exe /c /I..\..\..\include /Zi /nologo /W4 /WX- /MP /Od /Oy- /D _DEBUG /D WIN32 /D _LIB /D _CRT_SECURE_NO_WARNINGS /D FT_DEBUG_LEVEL_ERROR /D FT_DEBUG_LEVEL_TRACE /D FT2_BUILD_LIBRARY /D _MBCS /Gm- /EHsc /RTC1 /MTd /GS /fp:precise /Zc:wchar_t /Zc:forScope /Fo"C:\Users\Marcus\Documents\Aurorax2D\lib\freetype-2.4.8\out\Debug\\" /Fd"C:\Users\Marcus\Documents\Aurorax2D\lib\freetype-2.4.8\out\Debug\vc100.pdb" /Gd /TC /wd4001 /analyze- /errorReport:prompt ..\ftdebug.c
         ftdebug.c
       Lib:
         C:\Program Files (x86)\Microsoft Visual Studio 10.0\VC\bin\Lib.exe /OUT:"C:\Users\Marcus\Documents\Aurorax2D\lib\freetype-2.4.8\lib\freetype248_D.lib" /NOLOGO "C:\Users\Marcus\Documents\Aurorax2D\lib\freetype-2.4.8\out\Debug\autofit.obj"
         "C:\Users\Marcus\Documents\Aurorax2D\lib\freetype-2.4.8\out\Debug\bdf.obj"
         "C:\Users\Marcus\Documents\Aurorax2D\lib\freetype-2.4.8\out\Debug\cff.obj"
         "C:\Users\Marcus\Documents\Aurorax2D\lib\freetype-2.4.8\out\Debug\ftbase.obj"
         "C:\Users\Marcus\Documents\Aurorax2D\lib\freetype-2.4.8\out\Debug\ftbitmap.obj"
         "C:\Users\Marcus\Documents\Aurorax2D\lib\freetype-2.4.8\out\Debug\ftcache.obj"
         "C:\Users\Marcus\Documents\Aurorax2D\lib\freetype-2.4.8\out\Debug\ftdebug.obj"
         "C:\Users\Marcus\Documents\Aurorax2D\lib\freetype-2.4.8\out\Debug\ftfstype.obj"
         "C:\Users\Marcus\Documents\Aurorax2D\lib\freetype-2.4.8\out\Debug\ftgasp.obj"
         "C:\Users\Marcus\Documents\Aurorax2D\lib\freetype-2.4.8\out\Debug\ftglyph.obj"
         "C:\Users\Marcus\Documents\Aurorax2D\lib\freetype-2.4.8\out\Debug\ftgzip.obj"
         "C:\Users\Marcus\Documents\Aurorax2D\lib\freetype-2.4.8\out\Debug\ftinit.obj"
         "C:\Users\Marcus\Documents\Aurorax2D\lib\freetype-2.4.8\out\Debug\ftlzw.obj"
         "C:\Users\Marcus\Documents\Aurorax2D\lib\freetype-2.4.8\out\Debug\ftstroke.obj"
         "C:\Users\Marcus\Documents\Aurorax2D\lib\freetype-2.4.8\out\Debug\ftsystem.obj"
         "C:\Users\Marcus\Documents\Aurorax2D\lib\freetype-2.4.8\out\Debug\smooth.obj"
         "C:\Users\Marcus\Documents\Aurorax2D\lib\freetype-2.4.8\out\Debug\ftbbox.obj"
         "C:\Users\Marcus\Documents\Aurorax2D\lib\freetype-2.4.8\out\Debug\ftmm.obj"
         "C:\Users\Marcus\Documents\Aurorax2D\lib\freetype-2.4.8\out\Debug\ftpfr.obj"
         "C:\Users\Marcus\Documents\Aurorax2D\lib\freetype-2.4.8\out\Debug\ftsynth.obj"
         "C:\Users\Marcus\Documents\Aurorax2D\lib\freetype-2.4.8\out\Debug\fttype1.obj"
         "C:\Users\Marcus\Documents\Aurorax2D\lib\freetype-2.4.8\out\Debug\ftwinfnt.obj"
         "C:\Users\Marcus\Documents\Aurorax2D\lib\freetype-2.4.8\out\Debug\ftxf86.obj"
         "C:\Users\Marcus\Documents\Aurorax2D\lib\freetype-2.4.8\out\Debug\ftlcdfil.obj"
         "C:\Users\Marcus\Documents\Aurorax2D\lib\freetype-2.4.8\out\Debug\ftgxval.obj"
         "C:\Users\Marcus\Documents\Aurorax2D\lib\freetype-2.4.8\out\Debug\ftotval.obj"
         "C:\Users\Marcus\Documents\Aurorax2D\lib\freetype-2.4.8\out\Debug\ftpatent.obj"
         "C:\Users\Marcus\Documents\Aurorax2D\lib\freetype-2.4.8\out\Debug\pcf.obj"
         "C:\Users\Marcus\Documents\Aurorax2D\lib\freetype-2.4.8\out\Debug\pfr.obj"
         "C:\Users\Marcus\Documents\Aurorax2D\lib\freetype-2.4.8\out\Debug\psaux.obj"
         "C:\Users\Marcus\Documents\Aurorax2D\lib\freetype-2.4.8\out\Debug\pshinter.obj"
         "C:\Users\Marcus\Documents\Aurorax2D\lib\freetype-2.4.8\out\Debug\psmodule.obj"
         "C:\Users\Marcus\Documents\Aurorax2D\lib\freetype-2.4.8\out\Debug\raster.obj"
         "C:\Users\Marcus\Documents\Aurorax2D\lib\freetype-2.4.8\out\Debug\sfnt.obj"
         "C:\Users\Marcus\Documents\Aurorax2D\lib\freetype-2.4.8\out\Debug\truetype.obj"
         "C:\Users\Marcus\Documents\Aurorax2D\lib\freetype-2.4.8\out\Debug\type1.obj"
         "C:\Users\Marcus\Documents\Aurorax2D\lib\freetype-2.4.8\out\Debug\type1cid.obj"
         "C:\Users\Marcus\Documents\Aurorax2D\lib\freetype-2.4.8\out\Debug\type42.obj"
         "C:\Users\Marcus\Documents\Aurorax2D\lib\freetype-2.4.8\out\Debug\winfnt.obj"
         freetype.vcxproj -> C:\Users\Marcus\Documents\Aurorax2D\lib\freetype-2.4.8\lib\freetype248_D.lib
       FinalizeBuildStatus:
         Deleting file "C:\Users\Marcus\Documents\Aurorax2D\lib\freetype-2.4.8\out\Debug\freetype.unsuccessfulbuild".
         Touching "C:\Users\Marcus\Documents\Aurorax2D\lib\freetype-2.4.8\out\Debug\freetype.lastbuildstate".
     1>Done Building Project "C:\Users\Marcus\Documents\Aurorax2D\lib\freetype-2.4.8\builds\win32\vc2010\freetype.vcxproj" (rebuild target(s)).

Build succeeded.

Time Elapsed 00:00:06.52
