D:\X2D GAME ENGINE\LIB\VLD-2.2.3\SRC\DEBUG DLL\VLD_X86.PCH
D:\X2D GAME ENGINE\LIB\VLD-2.2.3\SRC\DEBUG DLL\VLD_X86.PCHAST
D:\X2D GAME ENGINE\LIB\VLD-2.2.3\SRC\DEBUG DLL\STDAFX.OBJ
D:\X2D GAME ENGINE\LIB\VLD-2.2.3\SRC\DEBUG DLL\VC110.PDB
D:\X2D GAME ENGINE\LIB\VLD-2.2.3\SRC\DEBUG DLL\CALLSTACK.OBJ
D:\X2D GAME ENGINE\LIB\VLD-2.2.3\SRC\DEBUG DLL\DLLSPATCHES.OBJ
D:\X2D GAME ENGINE\LIB\VLD-2.2.3\SRC\DEBUG DLL\NTAPI.OBJ
D:\X2D GAME ENGINE\LIB\VLD-2.2.3\SRC\DEBUG DLL\UTILITY.OBJ
D:\X2D GAME ENGINE\LIB\VLD-2.2.3\SRC\DEBUG DLL\VLD.OBJ
D:\X2D GAME ENGINE\LIB\VLD-2.2.3\SRC\DEBUG DLL\VLDAPI.OBJ
D:\X2D GAME ENGINE\LIB\VLD-2.2.3\SRC\DEBUG DLL\VLDHEAP.OBJ
D:\X2D GAME ENGINE\LIB\VLD-2.2.3\SRC\DEBUG DLL\VLD_HOOKS.OBJ
D:\X2D GAME ENGINE\LIB\VLD-2.2.3\LIB\VLD_X86.ILK
D:\X2D GAME ENGINE\LIB\VLD-2.2.3\LIB\VLD_X86.DLL
D:\X2D GAME ENGINE\LIB\VLD-2.2.3\LIB\VLD_X86.PDB
D:\X2D GAME ENGINE\LIB\VLD-2.2.3\SRC\DEBUG DLL\VLD.RES
D:\x2D Game Engine\lib\vld-2.2.3\lib\vld_x86.lib
D:\x2D Game Engine\lib\vld-2.2.3\lib\vld_x86.exp
D:\x2D Game Engine\lib\vld-2.2.3\src\Debug DLL\callstack.obj
D:\x2D Game Engine\lib\vld-2.2.3\src\Debug DLL\dllspatches.obj
D:\x2D Game Engine\lib\vld-2.2.3\src\Debug DLL\ntapi.obj
D:\x2D Game Engine\lib\vld-2.2.3\src\Debug DLL\stdafx.obj
D:\x2D Game Engine\lib\vld-2.2.3\src\Debug DLL\utility.obj
D:\x2D Game Engine\lib\vld-2.2.3\src\Debug DLL\vld.obj
D:\x2D Game Engine\lib\vld-2.2.3\src\Debug DLL\vldapi.obj
D:\x2D Game Engine\lib\vld-2.2.3\src\Debug DLL\vldheap.obj
D:\x2D Game Engine\lib\vld-2.2.3\src\Debug DLL\vld_hooks.obj
D:\x2D Game Engine\lib\vld-2.2.3\src\Debug DLL\cl.command.1.tlog
D:\x2D Game Engine\lib\vld-2.2.3\src\Debug DLL\CL.read.1.tlog
D:\x2D Game Engine\lib\vld-2.2.3\src\Debug DLL\CL.write.1.tlog
D:\x2D Game Engine\lib\vld-2.2.3\src\Debug DLL\link-cvtres.read.1.tlog
D:\x2D Game Engine\lib\vld-2.2.3\src\Debug DLL\link-cvtres.write.1.tlog
D:\x2D Game Engine\lib\vld-2.2.3\src\Debug DLL\link-rc.read.1.tlog
D:\x2D Game Engine\lib\vld-2.2.3\src\Debug DLL\link-rc.write.1.tlog
D:\x2D Game Engine\lib\vld-2.2.3\src\Debug DLL\link.command.1.tlog
D:\x2D Game Engine\lib\vld-2.2.3\src\Debug DLL\link.read.1.tlog
D:\x2D Game Engine\lib\vld-2.2.3\src\Debug DLL\link.write.1.tlog
D:\x2D Game Engine\lib\vld-2.2.3\src\Debug DLL\rc.command.1.tlog
D:\x2D Game Engine\lib\vld-2.2.3\src\Debug DLL\rc.read.1.tlog
D:\x2D Game Engine\lib\vld-2.2.3\src\Debug DLL\rc.write.1.tlog
D:\x2D Game Engine\lib\vld-2.2.3\src\Debug DLL\vld.write.1.tlog
D:\x2D Game Engine\lib\vld-2.2.3\src\Debug DLL\vld.res
D:\x2D Game Engine\lib\vld-2.2.3\src\Debug DLL\vld_x86.pch
D:\x2D Game Engine\lib\vld-2.2.3\src\Debug DLL\vld_x86.pchast
D:\x2D Game Engine\lib\vld-2.2.3\src\Debug DLL\vc110.idb
D:\x2D Game Engine\lib\vld-2.2.3\src\Debug DLL\vc110.pdb
D:\x2D Game Engine\projects\msvc11\..\..\lib\vld-2.2.3\lib\vld_x86.pdb
D:\x2D Game Engine\projects\msvc11\..\..\lib\vld-2.2.3\lib\vld_x86.dll
D:\x2D Game Engine\projects\msvc11\..\..\lib\vld-2.2.3\lib\vld_x86.ilk
