D:\X2D GAME ENGINE\PROJECTS\MSVC11\DEBUG DLL\ARRAY.OBJ
D:\X2D GAME ENGINE\PROJECTS\MSVC11\DEBUG DLL\ASSETLOADER.OBJ
D:\X2D GAME ENGINE\PROJECTS\MSVC11\DEBUG DLL\ENGINE.OBJ
D:\X2D GAME ENGINE\PROJECTS\MSVC11\DEBUG DLL\IOSYSTEM.OBJ
D:\X2D GAME ENGINE\PROJECTS\MSVC11\DEBUG DLL\MATH.OBJ
D:\X2D GAME ENGINE\PROJECTS\MSVC11\DEBUG DLL\MATRIX.OBJ
D:\X2D GAME ENGINE\PROJECTS\MSVC11\DEBUG DLL\RECT.OBJ
D:\X2D GAME ENGINE\PROJECTS\MSVC11\DEBUG DLL\RECTPACKER.OBJ
D:\X2D GAME ENGINE\PROJECTS\MSVC11\DEBUG DLL\VECTOR.OBJ
D:\X2D GAME ENGINE\PROJECTS\MSVC11\DEBUG DLL\PROFILER.OBJ
D:\X2D GAME ENGINE\PROJECTS\MSVC11\DEBUG DLL\SCRIPTS.OBJ
D:\X2D GAME ENGINE\PROJECTS\MSVC11\DEBUG DLL\SCRIPTARRAY.OBJ
D:\X2D GAME ENGINE\PROJECTS\MSVC11\DEBUG DLL\SCRIPTBUILDER.OBJ
D:\X2D GAME ENGINE\PROJECTS\MSVC11\DEBUG DLL\SCRIPTGRID.OBJ
D:\X2D GAME ENGINE\PROJECTS\MSVC11\DEBUG DLL\SCRIPTHELPER.OBJ
D:\X2D GAME ENGINE\PROJECTS\MSVC11\DEBUG DLL\SCRIPTSTDSTRING.OBJ
D:\X2D GAME ENGINE\PROJECTS\MSVC11\DEBUG DLL\SCRIPTSTDSTRING_UTILS.OBJ
D:\X2D GAME ENGINE\PROJECTS\MSVC11\DEBUG DLL\VC110.PDB
D:\X2D GAME ENGINE\BUILD\WIN32\DEBUG DLL\X2D_D.ILK
D:\X2D GAME ENGINE\BUILD\WIN32\DEBUG DLL\X2D_D.DLL
D:\X2D GAME ENGINE\BUILD\WIN32\DEBUG DLL\X2D_D.PDB
D:\x2D Game Engine\build\Win32\Debug DLL\x2d_d.lib
D:\x2D Game Engine\build\Win32\Debug DLL\x2d_d.exp
D:\x2D Game Engine\projects\msvc11\Debug DLL\array.obj
D:\x2D Game Engine\projects\msvc11\Debug DLL\assetloader.obj
D:\x2D Game Engine\projects\msvc11\Debug DLL\engine.obj
D:\x2D Game Engine\projects\msvc11\Debug DLL\iosystem.obj
D:\x2D Game Engine\projects\msvc11\Debug DLL\math.obj
D:\x2D Game Engine\projects\msvc11\Debug DLL\matrix.obj
D:\x2D Game Engine\projects\msvc11\Debug DLL\profiler.obj
D:\x2D Game Engine\projects\msvc11\Debug DLL\rect.obj
D:\x2D Game Engine\projects\msvc11\Debug DLL\rectPacker.obj
D:\x2D Game Engine\projects\msvc11\Debug DLL\scriptarray.obj
D:\x2D Game Engine\projects\msvc11\Debug DLL\scriptbuilder.obj
D:\x2D Game Engine\projects\msvc11\Debug DLL\scriptgrid.obj
D:\x2D Game Engine\projects\msvc11\Debug DLL\scripthelper.obj
D:\x2D Game Engine\projects\msvc11\Debug DLL\scripts.obj
D:\x2D Game Engine\projects\msvc11\Debug DLL\scriptstdstring.obj
D:\x2D Game Engine\projects\msvc11\Debug DLL\scriptstdstring_utils.obj
D:\x2D Game Engine\projects\msvc11\Debug DLL\vector.obj
D:\x2D Game Engine\projects\msvc11\Debug DLL\cl.command.1.tlog
D:\x2D Game Engine\projects\msvc11\Debug DLL\CL.read.1.tlog
D:\x2D Game Engine\projects\msvc11\Debug DLL\CL.write.1.tlog
D:\x2D Game Engine\projects\msvc11\Debug DLL\link-cvtres.read.1.tlog
D:\x2D Game Engine\projects\msvc11\Debug DLL\link-cvtres.write.1.tlog
D:\x2D Game Engine\projects\msvc11\Debug DLL\link-rc.read.1.tlog
D:\x2D Game Engine\projects\msvc11\Debug DLL\link-rc.write.1.tlog
D:\x2D Game Engine\projects\msvc11\Debug DLL\link.command.1.tlog
D:\x2D Game Engine\projects\msvc11\Debug DLL\link.read.1.tlog
D:\x2D Game Engine\projects\msvc11\Debug DLL\link.write.1.tlog
D:\x2D Game Engine\projects\msvc11\Debug DLL\x2d.write.1.tlog
D:\x2D Game Engine\projects\msvc11\Debug DLL\vc110.idb
D:\x2D Game Engine\projects\msvc11\Debug DLL\vc110.pdb
