  engine.cpp
d:\x2d game engine\include\x2d\math\rectpacker.h(49): warning C4251: 'RectPacker::Result::rectList' : class 'std::vector<_Ty>' needs to have dll-interface to be used by clients of struct 'RectPacker::Result'
          with
          [
              _Ty=RectPacker::Rect
          ]
d:\x2d game engine\include\x2d\math\rectpacker.h(57): warning C4251: 'RectPacker::rectList' : class 'std::vector<_Ty>' needs to have dll-interface to be used by clients of class 'RectPacker'
          with
          [
              _Ty=RectPacker::Rect
          ]
d:\x2d game engine\include\x2d\gfx.h(167): warning C4244: 'argument' : conversion from 'const int' to 'float', possible loss of data
d:\x2d game engine\include\x2d\math\profiler.h(39): warning C4251: 'X2DProfiler::m_rootName' : class 'std::basic_string<_Elem,_Traits,_Alloc>' needs to have dll-interface to be used by clients of class 'X2DProfiler'
          with
          [
              _Elem=char,
              _Traits=std::char_traits<char>,
              _Alloc=std::allocator<char>
          ]
d:\x2d game engine\include\x2d\math\profiler.h(41): warning C4251: 'X2DProfiler::m_profiles' : class 'std::map<_Kty,_Ty>' needs to have dll-interface to be used by clients of class 'X2DProfiler'
          with
          [
              _Kty=std::string,
              _Ty=Profile
          ]
d:\x2d game engine\source\engine.cpp(610): warning C4996: 'sprintf': This function or variable may be unsafe. Consider using sprintf_s instead. To disable deprecation, use _CRT_SECURE_NO_WARNINGS. See online help for details.
          c:\program files (x86)\microsoft visual studio 11.0\vc\include\stdio.h(357) : see declaration of 'sprintf'
  x2d.vcxproj -> D:\x2D Game Engine\projects\msvc11\..\..\build\Win32\Debug DLL\x2d_d.dll
