D:\X2D GAME ENGINE\PROJECTS\MSVC11\DEBUG DLL\VC110.PDB
D:\X2D GAME ENGINE\PROJECTS\MSVC11\DEBUG DLL\ASSETLOADER.OBJ
D:\X2D GAME ENGINE\PROJECTS\MSVC11\DEBUG DLL\ENGINE.OBJ
D:\X2D GAME ENGINE\PROJECTS\MSVC11\DEBUG DLL\IOSYSTEM.OBJ
D:\X2D GAME ENGINE\PROJECTS\MSVC11\DEBUG DLL\SCRIPTBUILDER.OBJ
D:\X2D GAME ENGINE\PROJECTS\MSVC11\DEBUG DLL\WINASSETLOADER.OBJ
D:\X2D GAME ENGINE\PROJECTS\MSVC11\DEBUG DLL\RECTPACKER.OBJ
D:\X2D GAME ENGINE\PROJECTS\MSVC11\DEBUG DLL\PROFILER.OBJ
D:\X2D GAME ENGINE\PROJECTS\MSVC11\DEBUG DLL\SCRIPTS.OBJ
D:\X2D GAME ENGINE\PROJECTS\MSVC11\DEBUG DLL\MAIN.OBJ
D:\X2D GAME ENGINE\PROJECTS\MSVC11\DEBUG DLL\OPENGL.OBJ
D:\X2D GAME ENGINE\PROJECTS\MSVC11\DEBUG DLL\WINAPP.OBJ
D:\X2D GAME ENGINE\BUILD\WIN32\DEBUG DLL\X2D_D.ILK
D:\X2D GAME ENGINE\BUILD\WIN32\DEBUG DLL\X2D_D.DLL
D:\X2D GAME ENGINE\BUILD\WIN32\DEBUG DLL\X2D_D.PDB
D:\X2D GAME ENGINE\BUILD\WIN32\DEBUG DLL\X2D GAME ENGINE.ILK
D:\X2D GAME ENGINE\BUILD\WIN32\DEBUG DLL\X2D GAME ENGINE.EXE
D:\X2D GAME ENGINE\BUILD\WIN32\DEBUG DLL\X2D GAME ENGINE.PDB
D:\X2D GAME ENGINE\PROJECTS\MSVC11\DEBUG DLL\RESOURCES.RES
D:\x2D Game Engine\build\Win32\Debug DLL\x2d_d.lib
D:\x2D Game Engine\build\Win32\Debug DLL\x2d_d.exp
D:\x2D Game Engine\projects\msvc11\Debug DLL\array.obj
D:\x2D Game Engine\projects\msvc11\Debug DLL\assetloader.obj
D:\x2D Game Engine\projects\msvc11\Debug DLL\engine.obj
D:\x2D Game Engine\projects\msvc11\Debug DLL\iosystem.obj
D:\x2D Game Engine\projects\msvc11\Debug DLL\main.obj
D:\x2D Game Engine\projects\msvc11\Debug DLL\math.obj
D:\x2D Game Engine\projects\msvc11\Debug DLL\matrix.obj
D:\x2D Game Engine\projects\msvc11\Debug DLL\openal.obj
D:\x2D Game Engine\projects\msvc11\Debug DLL\opengl.obj
D:\x2D Game Engine\projects\msvc11\Debug DLL\profiler.obj
D:\x2D Game Engine\projects\msvc11\Debug DLL\rect.obj
D:\x2D Game Engine\projects\msvc11\Debug DLL\rectPacker.obj
D:\x2D Game Engine\projects\msvc11\Debug DLL\scriptarray.obj
D:\x2D Game Engine\projects\msvc11\Debug DLL\scriptbuilder.obj
D:\x2D Game Engine\projects\msvc11\Debug DLL\scriptgrid.obj
D:\x2D Game Engine\projects\msvc11\Debug DLL\scripthelper.obj
D:\x2D Game Engine\projects\msvc11\Debug DLL\scripts.obj
D:\x2D Game Engine\projects\msvc11\Debug DLL\scriptstdstring.obj
D:\x2D Game Engine\projects\msvc11\Debug DLL\scriptstdstring_utils.obj
D:\x2D Game Engine\projects\msvc11\Debug DLL\vector.obj
D:\x2D Game Engine\projects\msvc11\Debug DLL\winapp.obj
D:\x2D Game Engine\projects\msvc11\Debug DLL\winassetloader.obj
D:\x2D Game Engine\projects\msvc11\Debug DLL\windebug.obj
D:\x2D Game Engine\projects\msvc11\Debug DLL\cl.command.1.tlog
D:\x2D Game Engine\projects\msvc11\Debug DLL\CL.read.1.tlog
D:\x2D Game Engine\projects\msvc11\Debug DLL\CL.write.1.tlog
D:\x2D Game Engine\projects\msvc11\Debug DLL\link-cvtres.read.1.tlog
D:\x2D Game Engine\projects\msvc11\Debug DLL\link-cvtres.write.1.tlog
D:\x2D Game Engine\projects\msvc11\Debug DLL\link-rc.read.1.tlog
D:\x2D Game Engine\projects\msvc11\Debug DLL\link-rc.write.1.tlog
D:\x2D Game Engine\projects\msvc11\Debug DLL\link.3772-cvtres.read.1.tlog
D:\x2D Game Engine\projects\msvc11\Debug DLL\link.3772-cvtres.write.1.tlog
D:\x2D Game Engine\projects\msvc11\Debug DLL\link.3772-rc.read.1.tlog
D:\x2D Game Engine\projects\msvc11\Debug DLL\link.3772-rc.write.1.tlog
D:\x2D Game Engine\projects\msvc11\Debug DLL\link.3772.read.1.tlog
D:\x2D Game Engine\projects\msvc11\Debug DLL\link.3772.write.1.tlog
D:\x2D Game Engine\projects\msvc11\Debug DLL\link.4392-cvtres.read.1.tlog
D:\x2D Game Engine\projects\msvc11\Debug DLL\link.4392-cvtres.write.1.tlog
D:\x2D Game Engine\projects\msvc11\Debug DLL\link.4392-rc.read.1.tlog
D:\x2D Game Engine\projects\msvc11\Debug DLL\link.4392-rc.write.1.tlog
D:\x2D Game Engine\projects\msvc11\Debug DLL\link.4392.read.1.tlog
D:\x2D Game Engine\projects\msvc11\Debug DLL\link.4392.write.1.tlog
D:\x2D Game Engine\projects\msvc11\Debug DLL\link.4472-cvtres.read.1.tlog
D:\x2D Game Engine\projects\msvc11\Debug DLL\link.4472-cvtres.write.1.tlog
D:\x2D Game Engine\projects\msvc11\Debug DLL\link.4472-rc.read.1.tlog
D:\x2D Game Engine\projects\msvc11\Debug DLL\link.4472-rc.write.1.tlog
D:\x2D Game Engine\projects\msvc11\Debug DLL\link.4472.read.1.tlog
D:\x2D Game Engine\projects\msvc11\Debug DLL\link.4472.write.1.tlog
D:\x2D Game Engine\projects\msvc11\Debug DLL\link.5548-cvtres.read.1.tlog
D:\x2D Game Engine\projects\msvc11\Debug DLL\link.5548-cvtres.write.1.tlog
D:\x2D Game Engine\projects\msvc11\Debug DLL\link.5548-rc.read.1.tlog
D:\x2D Game Engine\projects\msvc11\Debug DLL\link.5548-rc.write.1.tlog
D:\x2D Game Engine\projects\msvc11\Debug DLL\link.5548.read.1.tlog
D:\x2D Game Engine\projects\msvc11\Debug DLL\link.5548.write.1.tlog
D:\x2D Game Engine\projects\msvc11\Debug DLL\link.6500-cvtres.read.1.tlog
D:\x2D Game Engine\projects\msvc11\Debug DLL\link.6500-cvtres.write.1.tlog
D:\x2D Game Engine\projects\msvc11\Debug DLL\link.6500-rc.read.1.tlog
D:\x2D Game Engine\projects\msvc11\Debug DLL\link.6500-rc.write.1.tlog
D:\x2D Game Engine\projects\msvc11\Debug DLL\link.6500.read.1.tlog
D:\x2D Game Engine\projects\msvc11\Debug DLL\link.6500.write.1.tlog
D:\x2D Game Engine\projects\msvc11\Debug DLL\link.7224-cvtres.read.1.tlog
D:\x2D Game Engine\projects\msvc11\Debug DLL\link.7224-cvtres.write.1.tlog
D:\x2D Game Engine\projects\msvc11\Debug DLL\link.7224-rc.read.1.tlog
D:\x2D Game Engine\projects\msvc11\Debug DLL\link.7224-rc.write.1.tlog
D:\x2D Game Engine\projects\msvc11\Debug DLL\link.7224.read.1.tlog
D:\x2D Game Engine\projects\msvc11\Debug DLL\link.7224.write.1.tlog
D:\x2D Game Engine\projects\msvc11\Debug DLL\link.7516-cvtres.read.1.tlog
D:\x2D Game Engine\projects\msvc11\Debug DLL\link.7516-cvtres.write.1.tlog
D:\x2D Game Engine\projects\msvc11\Debug DLL\link.7516-rc.read.1.tlog
D:\x2D Game Engine\projects\msvc11\Debug DLL\link.7516-rc.write.1.tlog
D:\x2D Game Engine\projects\msvc11\Debug DLL\link.7516.read.1.tlog
D:\x2D Game Engine\projects\msvc11\Debug DLL\link.7516.write.1.tlog
D:\x2D Game Engine\projects\msvc11\Debug DLL\link.8160-cvtres.read.1.tlog
D:\x2D Game Engine\projects\msvc11\Debug DLL\link.8160-cvtres.write.1.tlog
D:\x2D Game Engine\projects\msvc11\Debug DLL\link.8160-rc.read.1.tlog
D:\x2D Game Engine\projects\msvc11\Debug DLL\link.8160-rc.write.1.tlog
D:\x2D Game Engine\projects\msvc11\Debug DLL\link.8160.read.1.tlog
D:\x2D Game Engine\projects\msvc11\Debug DLL\link.8160.write.1.tlog
D:\x2D Game Engine\projects\msvc11\Debug DLL\link.command.1.tlog
D:\x2D Game Engine\projects\msvc11\Debug DLL\link.read.1.tlog
D:\x2D Game Engine\projects\msvc11\Debug DLL\link.write.1.tlog
D:\x2D Game Engine\projects\msvc11\Debug DLL\rc.command.1.tlog
D:\x2D Game Engine\projects\msvc11\Debug DLL\rc.read.1.tlog
D:\x2D Game Engine\projects\msvc11\Debug DLL\rc.write.1.tlog
D:\x2D Game Engine\projects\msvc11\Debug DLL\x2d.write.1.tlog
D:\x2D Game Engine\projects\msvc11\Debug DLL\resources.res
D:\x2D Game Engine\projects\msvc11\Debug DLL\vc110.idb
D:\x2D Game Engine\projects\msvc11\Debug DLL\vc110.pdb
D:\x2D Game Engine\projects\msvc11\..\..\build\Win32\Debug DLL\x2d_d.pdb
D:\x2D Game Engine\projects\msvc11\..\..\build\Win32\Debug DLL\x2d_d.dll
D:\x2D Game Engine\projects\msvc11\..\..\build\Win32\Debug DLL\x2d_d.ilk
