D:\X2D GAME ENGINE\PROJECTS\MSVC11\RELEASE DLL\PACKET.OBJ
D:\X2D GAME ENGINE\PROJECTS\MSVC11\RELEASE DLL\VECTOR.OBJ
D:\X2D GAME ENGINE\PROJECTS\MSVC11\RELEASE DLL\RECT.OBJ
D:\X2D GAME ENGINE\PROJECTS\MSVC11\RELEASE DLL\MATRICES.OBJ
D:\X2D GAME ENGINE\PROJECTS\MSVC11\RELEASE DLL\MATH.OBJ
D:\X2D GAME ENGINE\PROJECTS\MSVC11\RELEASE DLL\SCRIPTS.OBJ
D:\X2D GAME ENGINE\PROJECTS\MSVC11\RELEASE DLL\PROFILER.OBJ
D:\X2D GAME ENGINE\PROJECTS\MSVC11\RELEASE DLL\KEYBIND.OBJ
D:\X2D GAME ENGINE\PROJECTS\MSVC11\RELEASE DLL\IO.OBJ
D:\X2D GAME ENGINE\PROJECTS\MSVC11\RELEASE DLL\INI.OBJ
D:\X2D GAME ENGINE\PROJECTS\MSVC11\RELEASE DLL\ENGINE.OBJ
D:\X2D GAME ENGINE\PROJECTS\MSVC11\RELEASE DLL\DIRECTORYMONITOR.OBJ
D:\X2D GAME ENGINE\PROJECTS\MSVC11\RELEASE DLL\DEBUGGER.OBJ
D:\X2D GAME ENGINE\PROJECTS\MSVC11\RELEASE DLL\CONSOLE.OBJ
D:\X2D GAME ENGINE\PROJECTS\MSVC11\RELEASE DLL\SCRIPTSTDSTRING_UTILS.OBJ
D:\X2D GAME ENGINE\PROJECTS\MSVC11\RELEASE DLL\SCRIPTSTDSTRING.OBJ
D:\X2D GAME ENGINE\PROJECTS\MSVC11\RELEASE DLL\SCRIPTHELPER.OBJ
D:\X2D GAME ENGINE\PROJECTS\MSVC11\RELEASE DLL\SCRIPTGRID.OBJ
D:\X2D GAME ENGINE\PROJECTS\MSVC11\RELEASE DLL\SCRIPTBUILDER.OBJ
D:\X2D GAME ENGINE\PROJECTS\MSVC11\RELEASE DLL\SCRIPTARRAY.OBJ
D:\X2D GAME ENGINE\PROJECTS\MSVC11\RELEASE DLL\SFXWAV.OBJ
D:\X2D GAME ENGINE\PROJECTS\MSVC11\RELEASE DLL\SFX.OBJ
D:\X2D GAME ENGINE\PROJECTS\MSVC11\RELEASE DLL\OPENAL.OBJ
D:\X2D GAME ENGINE\PROJECTS\MSVC11\RELEASE DLL\TEXTUREPACKER.OBJ
D:\X2D GAME ENGINE\PROJECTS\MSVC11\RELEASE DLL\IMAGELOADER.OBJ
D:\X2D GAME ENGINE\PROJECTS\MSVC11\RELEASE DLL\SHADER.OBJ
D:\X2D GAME ENGINE\PROJECTS\MSVC11\RELEASE DLL\GFX.OBJ
D:\X2D GAME ENGINE\PROJECTS\MSVC11\RELEASE DLL\ATLAS.OBJ
D:\X2D GAME ENGINE\PROJECTS\MSVC11\RELEASE DLL\APP-WIN32.OBJ
D:\X2D GAME ENGINE\PROJECTS\MSVC11\RELEASE DLL\PLATFORM.OBJ
D:\X2D GAME ENGINE\PROJECTS\MSVC11\RELEASE DLL\APPLICATION.OBJ
D:\X2D GAME ENGINE\PROJECTS\MSVC11\RELEASE DLL\APP-ANDROID.OBJ
D:\X2D GAME ENGINE\PROJECTS\MSVC11\RELEASE DLL\SOCKETS.OBJ
D:\X2D GAME ENGINE\PROJECTS\MSVC11\RELEASE DLL\SERVER.OBJ
D:\X2D GAME ENGINE\PROJECTS\MSVC11\RELEASE DLL\VC110.PDB
D:\X2D GAME ENGINE\PROJECTS\MSVC11\RELEASE DLL\JAVA-WRAPPER.OBJ
D:\X2D GAME ENGINE\PROJECTS\MSVC11\RELEASE DLL\IMPORTGL.OBJ
D:\X2D GAME ENGINE\PROJECTS\MSVC11\RELEASE DLL\MAIN.OBJ
D:\X2D GAME ENGINE\PROJECTS\MSVC11\RELEASE DLL\RECTPACKER.OBJ
D:\X2D GAME ENGINE\PROJECTS\MSVC11\RELEASE DLL\MATRIX.OBJ
D:\X2D GAME ENGINE\PROJECTS\MSVC11\RELEASE DLL\IOSYSTEM.OBJ
D:\X2D GAME ENGINE\PROJECTS\MSVC11\RELEASE DLL\ASSETLOADER.OBJ
D:\X2D GAME ENGINE\PROJECTS\MSVC11\RELEASE DLL\ARRAY.OBJ
D:\X2D GAME ENGINE\PROJECTS\MSVC11\RELEASE DLL\WINDEBUG.OBJ
D:\X2D GAME ENGINE\PROJECTS\MSVC11\RELEASE DLL\WINAPP.OBJ
D:\X2D GAME ENGINE\PROJECTS\MSVC11\RELEASE DLL\OPENGL.OBJ
D:\X2D GAME ENGINE\PROJECTS\MSVC11\RELEASE DLL\WINASSETLOADER.OBJ
D:\X2D GAME ENGINE\BUILD\WIN32\RELEASE DLL\X2D.DLL
D:\X2D GAME ENGINE\BUILD\WIN32\RELEASE DLL\X2D GAME ENGINE.EXE
D:\X2D GAME ENGINE\PROJECTS\MSVC11\RELEASE DLL\RESOURCES.RES
D:\x2D Game Engine\build\Win32\Release DLL\x2d.lib
D:\x2D Game Engine\build\Win32\Release DLL\x2d.exp
D:\x2D Game Engine\projects\msvc11\Release DLL\app-android.obj
D:\x2D Game Engine\projects\msvc11\Release DLL\app-win32.obj
D:\x2D Game Engine\projects\msvc11\Release DLL\application.obj
D:\x2D Game Engine\projects\msvc11\Release DLL\array.obj
D:\x2D Game Engine\projects\msvc11\Release DLL\assetloader.obj
D:\x2D Game Engine\projects\msvc11\Release DLL\atlas.obj
D:\x2D Game Engine\projects\msvc11\Release DLL\console.obj
D:\x2D Game Engine\projects\msvc11\Release DLL\debugger.obj
D:\x2D Game Engine\projects\msvc11\Release DLL\directoryMonitor.obj
D:\x2D Game Engine\projects\msvc11\Release DLL\engine.obj
D:\x2D Game Engine\projects\msvc11\Release DLL\gfx.obj
D:\x2D Game Engine\projects\msvc11\Release DLL\imageLoader.obj
D:\x2D Game Engine\projects\msvc11\Release DLL\importgl.obj
D:\x2D Game Engine\projects\msvc11\Release DLL\ini.obj
D:\x2D Game Engine\projects\msvc11\Release DLL\io.obj
D:\x2D Game Engine\projects\msvc11\Release DLL\iosystem.obj
D:\x2D Game Engine\projects\msvc11\Release DLL\java-wrapper.obj
D:\x2D Game Engine\projects\msvc11\Release DLL\keybind.obj
D:\x2D Game Engine\projects\msvc11\Release DLL\main.obj
D:\x2D Game Engine\projects\msvc11\Release DLL\math.obj
D:\x2D Game Engine\projects\msvc11\Release DLL\Matrices.obj
D:\x2D Game Engine\projects\msvc11\Release DLL\matrix.obj
D:\x2D Game Engine\projects\msvc11\Release DLL\openAL.obj
D:\x2D Game Engine\projects\msvc11\Release DLL\opengl.obj
D:\x2D Game Engine\projects\msvc11\Release DLL\packet.obj
D:\x2D Game Engine\projects\msvc11\Release DLL\platform.obj
D:\x2D Game Engine\projects\msvc11\Release DLL\profiler.obj
D:\x2D Game Engine\projects\msvc11\Release DLL\rect.obj
D:\x2D Game Engine\projects\msvc11\Release DLL\rectPacker.obj
D:\x2D Game Engine\projects\msvc11\Release DLL\scriptarray.obj
D:\x2D Game Engine\projects\msvc11\Release DLL\scriptbuilder.obj
D:\x2D Game Engine\projects\msvc11\Release DLL\scriptgrid.obj
D:\x2D Game Engine\projects\msvc11\Release DLL\scripthelper.obj
D:\x2D Game Engine\projects\msvc11\Release DLL\scripts.obj
D:\x2D Game Engine\projects\msvc11\Release DLL\scriptstdstring.obj
D:\x2D Game Engine\projects\msvc11\Release DLL\scriptstdstring_utils.obj
D:\x2D Game Engine\projects\msvc11\Release DLL\server.obj
D:\x2D Game Engine\projects\msvc11\Release DLL\sfx.obj
D:\x2D Game Engine\projects\msvc11\Release DLL\sfxWav.obj
D:\x2D Game Engine\projects\msvc11\Release DLL\shader.obj
D:\x2D Game Engine\projects\msvc11\Release DLL\sockets.obj
D:\x2D Game Engine\projects\msvc11\Release DLL\texturePacker.obj
D:\x2D Game Engine\projects\msvc11\Release DLL\vector.obj
D:\x2D Game Engine\projects\msvc11\Release DLL\winapp.obj
D:\x2D Game Engine\projects\msvc11\Release DLL\winassetloader.obj
D:\x2D Game Engine\projects\msvc11\Release DLL\windebug.obj
D:\x2D Game Engine\projects\msvc11\Release DLL\cl.command.1.tlog
D:\x2D Game Engine\projects\msvc11\Release DLL\CL.read.1.tlog
D:\x2D Game Engine\projects\msvc11\Release DLL\CL.write.1.tlog
D:\x2D Game Engine\projects\msvc11\Release DLL\link-cvtres.read.1.tlog
D:\x2D Game Engine\projects\msvc11\Release DLL\link-cvtres.write.1.tlog
D:\x2D Game Engine\projects\msvc11\Release DLL\link-rc.read.1.tlog
D:\x2D Game Engine\projects\msvc11\Release DLL\link-rc.write.1.tlog
D:\x2D Game Engine\projects\msvc11\Release DLL\link.command.1.tlog
D:\x2D Game Engine\projects\msvc11\Release DLL\link.read.1.tlog
D:\x2D Game Engine\projects\msvc11\Release DLL\link.read.4.tlog
D:\x2D Game Engine\projects\msvc11\Release DLL\link.write.1.tlog
D:\x2D Game Engine\projects\msvc11\Release DLL\rc.command.1.tlog
D:\x2D Game Engine\projects\msvc11\Release DLL\rc.read.1.tlog
D:\x2D Game Engine\projects\msvc11\Release DLL\rc.write.1.tlog
D:\x2D Game Engine\projects\msvc11\Release DLL\x2d.write.1.tlog
D:\x2D Game Engine\projects\msvc11\Release DLL\resources.res
D:\x2D Game Engine\projects\msvc11\Release DLL\vc110.pdb
D:\x2D Game Engine\projects\msvc11\..\..\build\Win32\Release DLL\x2D Game Engine.pdb
D:\x2D Game Engine\projects\msvc11\..\..\build\Win32\Release DLL\x2D Game Engine.exe
