D:\X2D GAME ENGINE\PROJECTS\MSVC11\RELEASE\SCRIPTSTDSTRING_UTILS.OBJ
D:\X2D GAME ENGINE\PROJECTS\MSVC11\RELEASE\SCRIPTSTDSTRING.OBJ
D:\X2D GAME ENGINE\PROJECTS\MSVC11\RELEASE\SCRIPTHELPER.OBJ
D:\X2D GAME ENGINE\PROJECTS\MSVC11\RELEASE\SCRIPTGRID.OBJ
D:\X2D GAME ENGINE\PROJECTS\MSVC11\RELEASE\SCRIPTBUILDER.OBJ
D:\X2D GAME ENGINE\PROJECTS\MSVC11\RELEASE\SCRIPTARRAY.OBJ
D:\X2D GAME ENGINE\PROJECTS\MSVC11\RELEASE\SCRIPTS.OBJ
D:\X2D GAME ENGINE\PROJECTS\MSVC11\RELEASE\PROFILER.OBJ
D:\X2D GAME ENGINE\PROJECTS\MSVC11\RELEASE\VECTOR.OBJ
D:\X2D GAME ENGINE\PROJECTS\MSVC11\RELEASE\RECTPACKER.OBJ
D:\X2D GAME ENGINE\PROJECTS\MSVC11\RELEASE\RECT.OBJ
D:\X2D GAME ENGINE\PROJECTS\MSVC11\RELEASE\MATRIX.OBJ
D:\X2D GAME ENGINE\PROJECTS\MSVC11\RELEASE\MATH.OBJ
D:\X2D GAME ENGINE\PROJECTS\MSVC11\RELEASE\IOSYSTEM.OBJ
D:\X2D GAME ENGINE\PROJECTS\MSVC11\RELEASE\ENGINE.OBJ
D:\X2D GAME ENGINE\PROJECTS\MSVC11\RELEASE\ASSETLOADER.OBJ
D:\X2D GAME ENGINE\PROJECTS\MSVC11\RELEASE\ARRAY.OBJ
D:\X2D GAME ENGINE\PROJECTS\MSVC11\RELEASE\VC110.PDB
D:\X2D GAME ENGINE\PROJECTS\MSVC11\RELEASE\WINDEBUG.OBJ
D:\X2D GAME ENGINE\PROJECTS\MSVC11\RELEASE\WINASSETLOADER.OBJ
D:\X2D GAME ENGINE\PROJECTS\MSVC11\RELEASE\WINAPP.OBJ
D:\X2D GAME ENGINE\PROJECTS\MSVC11\RELEASE\OPENGL.OBJ
D:\X2D GAME ENGINE\PROJECTS\MSVC11\RELEASE\OPENAL.OBJ
D:\X2D GAME ENGINE\PROJECTS\MSVC11\RELEASE\MAIN.OBJ
D:\X2D GAME ENGINE\BUILD\WIN32\RELEASE\X2D.DLL
D:\X2D GAME ENGINE\PROJECTS\MSVC11\RELEASE\RESOURCES.RES
D:\x2D Game Engine\build\Win32\Release\x2d.lib
D:\x2D Game Engine\build\Win32\Release\x2d.exp
D:\x2D Game Engine\projects\msvc11\Release\array.obj
D:\x2D Game Engine\projects\msvc11\Release\assetloader.obj
D:\x2D Game Engine\projects\msvc11\Release\engine.obj
D:\x2D Game Engine\projects\msvc11\Release\iosystem.obj
D:\x2D Game Engine\projects\msvc11\Release\main.obj
D:\x2D Game Engine\projects\msvc11\Release\math.obj
D:\x2D Game Engine\projects\msvc11\Release\matrix.obj
D:\x2D Game Engine\projects\msvc11\Release\openal.obj
D:\x2D Game Engine\projects\msvc11\Release\opengl.obj
D:\x2D Game Engine\projects\msvc11\Release\profiler.obj
D:\x2D Game Engine\projects\msvc11\Release\rect.obj
D:\x2D Game Engine\projects\msvc11\Release\rectPacker.obj
D:\x2D Game Engine\projects\msvc11\Release\scriptarray.obj
D:\x2D Game Engine\projects\msvc11\Release\scriptbuilder.obj
D:\x2D Game Engine\projects\msvc11\Release\scriptgrid.obj
D:\x2D Game Engine\projects\msvc11\Release\scripthelper.obj
D:\x2D Game Engine\projects\msvc11\Release\scripts.obj
D:\x2D Game Engine\projects\msvc11\Release\scriptstdstring.obj
D:\x2D Game Engine\projects\msvc11\Release\scriptstdstring_utils.obj
D:\x2D Game Engine\projects\msvc11\Release\vector.obj
D:\x2D Game Engine\projects\msvc11\Release\winapp.obj
D:\x2D Game Engine\projects\msvc11\Release\winassetloader.obj
D:\x2D Game Engine\projects\msvc11\Release\windebug.obj
D:\x2D Game Engine\projects\msvc11\Release\cl.command.1.tlog
D:\x2D Game Engine\projects\msvc11\Release\CL.read.1.tlog
D:\x2D Game Engine\projects\msvc11\Release\CL.write.1.tlog
D:\x2D Game Engine\projects\msvc11\Release\link-cvtres.read.1.tlog
D:\x2D Game Engine\projects\msvc11\Release\link-cvtres.write.1.tlog
D:\x2D Game Engine\projects\msvc11\Release\link-rc.read.1.tlog
D:\x2D Game Engine\projects\msvc11\Release\link-rc.write.1.tlog
D:\x2D Game Engine\projects\msvc11\Release\link.command.1.tlog
D:\x2D Game Engine\projects\msvc11\Release\link.read.1.tlog
D:\x2D Game Engine\projects\msvc11\Release\link.read.5.tlog
D:\x2D Game Engine\projects\msvc11\Release\link.write.1.tlog
D:\x2D Game Engine\projects\msvc11\Release\rc.command.1.tlog
D:\x2D Game Engine\projects\msvc11\Release\rc.read.1.tlog
D:\x2D Game Engine\projects\msvc11\Release\rc.write.1.tlog
D:\x2D Game Engine\projects\msvc11\Release\x2d.write.1.tlog
D:\x2D Game Engine\projects\msvc11\Release\resources.res
D:\x2D Game Engine\projects\msvc11\Release\vc110.pdb
D:\x2D Game Engine\projects\msvc11\..\..\build\Win32\Release\x2d.dll
