C:\USERS\MARCUS\DESKTOP\AURORAX2D\BUILD\WIN32\RELEASE DLL\AURORAX2D.DLL
C:\Users\Marcus\Desktop\Aurorax2D\build\Win32\Release DLL\Aurorax2D.exp
C:\Users\Marcus\Desktop\Aurorax2D\build\Win32\Release DLL\Aurorax2D.lib
C:\USERS\MARCUS\DESKTOP\AURORAX2D\PROJECTS\MSVC10\RELEASE DLL\APP-ANDROID.OBJ
C:\USERS\MARCUS\DESKTOP\AURORAX2D\PROJECTS\MSVC10\RELEASE DLL\APP-WIN32.OBJ
C:\USERS\MARCUS\DESKTOP\AURORAX2D\PROJECTS\MSVC10\RELEASE DLL\ARRAY.OBJ
C:\USERS\MARCUS\DESKTOP\AURORAX2D\PROJECTS\MSVC10\RELEASE DLL\AURORAX2D.DLL.INTERMEDIATE.MANIFEST
C:\USERS\MARCUS\DESKTOP\AURORAX2D\PROJECTS\MSVC10\RELEASE DLL\CAMERA.OBJ
C:\USERS\MARCUS\DESKTOP\AURORAX2D\PROJECTS\MSVC10\RELEASE DLL\CLIENT.OBJ
C:\USERS\MARCUS\DESKTOP\AURORAX2D\PROJECTS\MSVC10\RELEASE DLL\COLLISION.OBJ
C:\USERS\MARCUS\DESKTOP\AURORAX2D\PROJECTS\MSVC10\RELEASE DLL\COLOR.OBJ
C:\USERS\MARCUS\DESKTOP\AURORAX2D\PROJECTS\MSVC10\RELEASE DLL\CONSOLE.OBJ
C:\USERS\MARCUS\DESKTOP\AURORAX2D\PROJECTS\MSVC10\RELEASE DLL\CURSOR.OBJ
C:\USERS\MARCUS\DESKTOP\AURORAX2D\PROJECTS\MSVC10\RELEASE DLL\DEBUGGER.OBJ
C:\USERS\MARCUS\DESKTOP\AURORAX2D\PROJECTS\MSVC10\RELEASE DLL\DIRECTORYMONITOR.OBJ
C:\USERS\MARCUS\DESKTOP\AURORAX2D\PROJECTS\MSVC10\RELEASE DLL\EVENT.OBJ
C:\USERS\MARCUS\DESKTOP\AURORAX2D\PROJECTS\MSVC10\RELEASE DLL\FBO.OBJ
C:\USERS\MARCUS\DESKTOP\AURORAX2D\PROJECTS\MSVC10\RELEASE DLL\FONT.OBJ
C:\USERS\MARCUS\DESKTOP\AURORAX2D\PROJECTS\MSVC10\RELEASE DLL\GAMEBASE.OBJ
C:\USERS\MARCUS\DESKTOP\AURORAX2D\PROJECTS\MSVC10\RELEASE DLL\GFX.OBJ
C:\USERS\MARCUS\DESKTOP\AURORAX2D\PROJECTS\MSVC10\RELEASE DLL\GFXINSTANCE.OBJ
C:\USERS\MARCUS\DESKTOP\AURORAX2D\PROJECTS\MSVC10\RELEASE DLL\GRID.OBJ
C:\USERS\MARCUS\DESKTOP\AURORAX2D\PROJECTS\MSVC10\RELEASE DLL\IMPORTGL.OBJ
C:\USERS\MARCUS\DESKTOP\AURORAX2D\PROJECTS\MSVC10\RELEASE DLL\INI.OBJ
C:\USERS\MARCUS\DESKTOP\AURORAX2D\PROJECTS\MSVC10\RELEASE DLL\INPUTBOX.OBJ
C:\USERS\MARCUS\DESKTOP\AURORAX2D\PROJECTS\MSVC10\RELEASE DLL\IO.OBJ
C:\USERS\MARCUS\DESKTOP\AURORAX2D\PROJECTS\MSVC10\RELEASE DLL\JAVA-WRAPPER.OBJ
C:\USERS\MARCUS\DESKTOP\AURORAX2D\PROJECTS\MSVC10\RELEASE DLL\KEYBIND.OBJ
C:\USERS\MARCUS\DESKTOP\AURORAX2D\PROJECTS\MSVC10\RELEASE DLL\LEVEL.OBJ
C:\USERS\MARCUS\DESKTOP\AURORAX2D\PROJECTS\MSVC10\RELEASE DLL\LINE.OBJ
C:\USERS\MARCUS\DESKTOP\AURORAX2D\PROJECTS\MSVC10\RELEASE DLL\MATH.OBJ
C:\USERS\MARCUS\DESKTOP\AURORAX2D\PROJECTS\MSVC10\RELEASE DLL\MODULE.OBJ
C:\USERS\MARCUS\DESKTOP\AURORAX2D\PROJECTS\MSVC10\RELEASE DLL\PACKET.OBJ
C:\USERS\MARCUS\DESKTOP\AURORAX2D\PROJECTS\MSVC10\RELEASE DLL\PBO.OBJ
C:\USERS\MARCUS\DESKTOP\AURORAX2D\PROJECTS\MSVC10\RELEASE DLL\PLATFORM.OBJ
C:\USERS\MARCUS\DESKTOP\AURORAX2D\PROJECTS\MSVC10\RELEASE DLL\POINT.OBJ
C:\USERS\MARCUS\DESKTOP\AURORAX2D\PROJECTS\MSVC10\RELEASE DLL\PROFILER.OBJ
C:\USERS\MARCUS\DESKTOP\AURORAX2D\PROJECTS\MSVC10\RELEASE DLL\RECT.OBJ
C:\USERS\MARCUS\DESKTOP\AURORAX2D\PROJECTS\MSVC10\RELEASE DLL\SCENEOBJECT.OBJ
C:\USERS\MARCUS\DESKTOP\AURORAX2D\PROJECTS\MSVC10\RELEASE DLL\SCHEDULER.OBJ
C:\USERS\MARCUS\DESKTOP\AURORAX2D\PROJECTS\MSVC10\RELEASE DLL\SCRIPTARRAY.OBJ
C:\USERS\MARCUS\DESKTOP\AURORAX2D\PROJECTS\MSVC10\RELEASE DLL\SCRIPTBUILDER.OBJ
C:\USERS\MARCUS\DESKTOP\AURORAX2D\PROJECTS\MSVC10\RELEASE DLL\SCRIPTDICTIONARY.OBJ
C:\USERS\MARCUS\DESKTOP\AURORAX2D\PROJECTS\MSVC10\RELEASE DLL\SCRIPTFUNCTIONPTR.OBJ
C:\USERS\MARCUS\DESKTOP\AURORAX2D\PROJECTS\MSVC10\RELEASE DLL\SCRIPTHELPER.OBJ
C:\USERS\MARCUS\DESKTOP\AURORAX2D\PROJECTS\MSVC10\RELEASE DLL\SCRIPTMETAOBJECT.OBJ
C:\USERS\MARCUS\DESKTOP\AURORAX2D\PROJECTS\MSVC10\RELEASE DLL\SCRIPTSTDSTRING.OBJ
C:\USERS\MARCUS\DESKTOP\AURORAX2D\PROJECTS\MSVC10\RELEASE DLL\SCRIPTSTDSTRING_UTILS.OBJ
C:\USERS\MARCUS\DESKTOP\AURORAX2D\PROJECTS\MSVC10\RELEASE DLL\SERVER.OBJ
C:\USERS\MARCUS\DESKTOP\AURORAX2D\PROJECTS\MSVC10\RELEASE DLL\SFX.OBJ
C:\USERS\MARCUS\DESKTOP\AURORAX2D\PROJECTS\MSVC10\RELEASE DLL\SFXEMITTER.OBJ
C:\USERS\MARCUS\DESKTOP\AURORAX2D\PROJECTS\MSVC10\RELEASE DLL\SFXWAV.OBJ
C:\USERS\MARCUS\DESKTOP\AURORAX2D\PROJECTS\MSVC10\RELEASE DLL\SIZE.OBJ
C:\USERS\MARCUS\DESKTOP\AURORAX2D\PROJECTS\MSVC10\RELEASE DLL\SOCKET.OBJ
C:\USERS\MARCUS\DESKTOP\AURORAX2D\PROJECTS\MSVC10\RELEASE DLL\SOCKETS.OBJ
C:\USERS\MARCUS\DESKTOP\AURORAX2D\PROJECTS\MSVC10\RELEASE DLL\SPRITE.OBJ
C:\USERS\MARCUS\DESKTOP\AURORAX2D\PROJECTS\MSVC10\RELEASE DLL\TEXBMP.OBJ
C:\USERS\MARCUS\DESKTOP\AURORAX2D\PROJECTS\MSVC10\RELEASE DLL\TEXPNG.OBJ
C:\USERS\MARCUS\DESKTOP\AURORAX2D\PROJECTS\MSVC10\RELEASE DLL\TEXTURE.OBJ
C:\USERS\MARCUS\DESKTOP\AURORAX2D\PROJECTS\MSVC10\RELEASE DLL\VC100.PDB
C:\USERS\MARCUS\DESKTOP\AURORAX2D\PROJECTS\MSVC10\RELEASE DLL\VECTOR.OBJ
C:\USERS\MARCUS\DOCUMENTS\AURORAX2D\BUILD\WIN32\RELEASE DLL\AURORAX2D.DLL
C:\Users\Marcus\Documents\Aurorax2D\build\Win32\Release DLL\Aurorax2D.exp
C:\Users\Marcus\Documents\Aurorax2D\build\Win32\Release DLL\Aurorax2D.lib
C:\USERS\MARCUS\DOCUMENTS\AURORAX2D\PROJECTS\MSVC10\RELEASE DLL\APP-ANDROID.OBJ
C:\USERS\MARCUS\DOCUMENTS\AURORAX2D\PROJECTS\MSVC10\RELEASE DLL\APP-WIN32.OBJ
C:\USERS\MARCUS\DOCUMENTS\AURORAX2D\PROJECTS\MSVC10\RELEASE DLL\ARRAY.OBJ
C:\USERS\MARCUS\DOCUMENTS\AURORAX2D\PROJECTS\MSVC10\RELEASE DLL\AURORAX2D.DLL.INTERMEDIATE.MANIFEST
C:\USERS\MARCUS\DOCUMENTS\AURORAX2D\PROJECTS\MSVC10\RELEASE DLL\CAMERA.OBJ
C:\USERS\MARCUS\DOCUMENTS\AURORAX2D\PROJECTS\MSVC10\RELEASE DLL\CLIENT.OBJ
C:\USERS\MARCUS\DOCUMENTS\AURORAX2D\PROJECTS\MSVC10\RELEASE DLL\COLLISION.OBJ
C:\USERS\MARCUS\DOCUMENTS\AURORAX2D\PROJECTS\MSVC10\RELEASE DLL\COLOR.OBJ
C:\USERS\MARCUS\DOCUMENTS\AURORAX2D\PROJECTS\MSVC10\RELEASE DLL\CONSOLE.OBJ
C:\USERS\MARCUS\DOCUMENTS\AURORAX2D\PROJECTS\MSVC10\RELEASE DLL\CURSOR.OBJ
C:\USERS\MARCUS\DOCUMENTS\AURORAX2D\PROJECTS\MSVC10\RELEASE DLL\DEBUGGER.OBJ
C:\USERS\MARCUS\DOCUMENTS\AURORAX2D\PROJECTS\MSVC10\RELEASE DLL\DIRECTORYMONITOR.OBJ
C:\USERS\MARCUS\DOCUMENTS\AURORAX2D\PROJECTS\MSVC10\RELEASE DLL\EVENT.OBJ
C:\USERS\MARCUS\DOCUMENTS\AURORAX2D\PROJECTS\MSVC10\RELEASE DLL\FBO.OBJ
C:\USERS\MARCUS\DOCUMENTS\AURORAX2D\PROJECTS\MSVC10\RELEASE DLL\FONT.OBJ
C:\USERS\MARCUS\DOCUMENTS\AURORAX2D\PROJECTS\MSVC10\RELEASE DLL\GAMEBASE.OBJ
C:\USERS\MARCUS\DOCUMENTS\AURORAX2D\PROJECTS\MSVC10\RELEASE DLL\GFX.OBJ
C:\USERS\MARCUS\DOCUMENTS\AURORAX2D\PROJECTS\MSVC10\RELEASE DLL\GFXINSTANCE.OBJ
C:\USERS\MARCUS\DOCUMENTS\AURORAX2D\PROJECTS\MSVC10\RELEASE DLL\GRID.OBJ
C:\USERS\MARCUS\DOCUMENTS\AURORAX2D\PROJECTS\MSVC10\RELEASE DLL\IMPORTGL.OBJ
C:\USERS\MARCUS\DOCUMENTS\AURORAX2D\PROJECTS\MSVC10\RELEASE DLL\INI.OBJ
C:\USERS\MARCUS\DOCUMENTS\AURORAX2D\PROJECTS\MSVC10\RELEASE DLL\INPUTBOX.OBJ
C:\USERS\MARCUS\DOCUMENTS\AURORAX2D\PROJECTS\MSVC10\RELEASE DLL\IO.OBJ
C:\USERS\MARCUS\DOCUMENTS\AURORAX2D\PROJECTS\MSVC10\RELEASE DLL\JAVA-WRAPPER.OBJ
C:\USERS\MARCUS\DOCUMENTS\AURORAX2D\PROJECTS\MSVC10\RELEASE DLL\KEYBIND.OBJ
C:\USERS\MARCUS\DOCUMENTS\AURORAX2D\PROJECTS\MSVC10\RELEASE DLL\LEVEL.OBJ
C:\USERS\MARCUS\DOCUMENTS\AURORAX2D\PROJECTS\MSVC10\RELEASE DLL\LINE.OBJ
C:\USERS\MARCUS\DOCUMENTS\AURORAX2D\PROJECTS\MSVC10\RELEASE DLL\MATH.OBJ
C:\USERS\MARCUS\DOCUMENTS\AURORAX2D\PROJECTS\MSVC10\RELEASE DLL\MODULE.OBJ
C:\USERS\MARCUS\DOCUMENTS\AURORAX2D\PROJECTS\MSVC10\RELEASE DLL\PACKET.OBJ
C:\USERS\MARCUS\DOCUMENTS\AURORAX2D\PROJECTS\MSVC10\RELEASE DLL\PBO.OBJ
C:\USERS\MARCUS\DOCUMENTS\AURORAX2D\PROJECTS\MSVC10\RELEASE DLL\PLATFORM.OBJ
C:\USERS\MARCUS\DOCUMENTS\AURORAX2D\PROJECTS\MSVC10\RELEASE DLL\POINT.OBJ
C:\USERS\MARCUS\DOCUMENTS\AURORAX2D\PROJECTS\MSVC10\RELEASE DLL\PROFILER.OBJ
C:\USERS\MARCUS\DOCUMENTS\AURORAX2D\PROJECTS\MSVC10\RELEASE DLL\RECT.OBJ
C:\USERS\MARCUS\DOCUMENTS\AURORAX2D\PROJECTS\MSVC10\RELEASE DLL\SCENEOBJECT.OBJ
C:\USERS\MARCUS\DOCUMENTS\AURORAX2D\PROJECTS\MSVC10\RELEASE DLL\SCHEDULER.OBJ
C:\USERS\MARCUS\DOCUMENTS\AURORAX2D\PROJECTS\MSVC10\RELEASE DLL\SCRIPTARRAY.OBJ
C:\USERS\MARCUS\DOCUMENTS\AURORAX2D\PROJECTS\MSVC10\RELEASE DLL\SCRIPTBUILDER.OBJ
C:\USERS\MARCUS\DOCUMENTS\AURORAX2D\PROJECTS\MSVC10\RELEASE DLL\SCRIPTDICTIONARY.OBJ
C:\USERS\MARCUS\DOCUMENTS\AURORAX2D\PROJECTS\MSVC10\RELEASE DLL\SCRIPTFUNCTIONPTR.OBJ
C:\USERS\MARCUS\DOCUMENTS\AURORAX2D\PROJECTS\MSVC10\RELEASE DLL\SCRIPTHELPER.OBJ
C:\USERS\MARCUS\DOCUMENTS\AURORAX2D\PROJECTS\MSVC10\RELEASE DLL\SCRIPTMETAOBJECT.OBJ
C:\USERS\MARCUS\DOCUMENTS\AURORAX2D\PROJECTS\MSVC10\RELEASE DLL\SCRIPTSTDSTRING.OBJ
C:\USERS\MARCUS\DOCUMENTS\AURORAX2D\PROJECTS\MSVC10\RELEASE DLL\SCRIPTSTDSTRING_UTILS.OBJ
C:\USERS\MARCUS\DOCUMENTS\AURORAX2D\PROJECTS\MSVC10\RELEASE DLL\SERVER.OBJ
C:\USERS\MARCUS\DOCUMENTS\AURORAX2D\PROJECTS\MSVC10\RELEASE DLL\SFX.OBJ
C:\USERS\MARCUS\DOCUMENTS\AURORAX2D\PROJECTS\MSVC10\RELEASE DLL\SFXEMITTER.OBJ
C:\USERS\MARCUS\DOCUMENTS\AURORAX2D\PROJECTS\MSVC10\RELEASE DLL\SFXWAV.OBJ
C:\USERS\MARCUS\DOCUMENTS\AURORAX2D\PROJECTS\MSVC10\RELEASE DLL\SIZE.OBJ
C:\USERS\MARCUS\DOCUMENTS\AURORAX2D\PROJECTS\MSVC10\RELEASE DLL\SOCKET.OBJ
C:\USERS\MARCUS\DOCUMENTS\AURORAX2D\PROJECTS\MSVC10\RELEASE DLL\SOCKETS.OBJ
C:\USERS\MARCUS\DOCUMENTS\AURORAX2D\PROJECTS\MSVC10\RELEASE DLL\SPRITE.OBJ
C:\USERS\MARCUS\DOCUMENTS\AURORAX2D\PROJECTS\MSVC10\RELEASE DLL\TEXBMP.OBJ
C:\USERS\MARCUS\DOCUMENTS\AURORAX2D\PROJECTS\MSVC10\RELEASE DLL\TEXPNG.OBJ
C:\USERS\MARCUS\DOCUMENTS\AURORAX2D\PROJECTS\MSVC10\RELEASE DLL\TEXTURE.OBJ
C:\USERS\MARCUS\DOCUMENTS\AURORAX2D\PROJECTS\MSVC10\RELEASE DLL\VC100.PDB
C:\USERS\MARCUS\DOCUMENTS\AURORAX2D\PROJECTS\MSVC10\RELEASE DLL\VECTOR.OBJ
D:\Aurorax2D\projects\msvc10\Release DLL\app-android.obj
D:\Aurorax2D\projects\msvc10\Release DLL\app-win32.obj
D:\Aurorax2D\projects\msvc10\Release DLL\array.obj
D:\Aurorax2D\projects\msvc10\Release DLL\Aurorax2D.dll.intermediate.manifest
D:\Aurorax2D\projects\msvc10\Release DLL\Aurorax2D.write.1.tlog
D:\Aurorax2D\projects\msvc10\Release DLL\camera.obj
D:\Aurorax2D\projects\msvc10\Release DLL\cl.command.1.tlog
D:\Aurorax2D\projects\msvc10\Release DLL\CL.read.1.tlog
D:\Aurorax2D\projects\msvc10\Release DLL\CL.write.1.tlog
D:\Aurorax2D\projects\msvc10\Release DLL\client.obj
D:\Aurorax2D\projects\msvc10\Release DLL\collision.obj
D:\Aurorax2D\projects\msvc10\Release DLL\color.obj
D:\Aurorax2D\projects\msvc10\Release DLL\console.obj
D:\Aurorax2D\projects\msvc10\Release DLL\cursor.obj
D:\Aurorax2D\projects\msvc10\Release DLL\debugger.obj
D:\Aurorax2D\projects\msvc10\Release DLL\directoryMonitor.obj
D:\Aurorax2D\projects\msvc10\Release DLL\event.obj
D:\Aurorax2D\projects\msvc10\Release DLL\fbo.obj
D:\Aurorax2D\projects\msvc10\Release DLL\font.obj
D:\Aurorax2D\projects\msvc10\Release DLL\gameBase.obj
D:\Aurorax2D\projects\msvc10\Release DLL\gfx.obj
D:\Aurorax2D\projects\msvc10\Release DLL\gfxinstance.obj
D:\Aurorax2D\projects\msvc10\Release DLL\grid.obj
D:\Aurorax2D\projects\msvc10\Release DLL\importgl.obj
D:\Aurorax2D\projects\msvc10\Release DLL\ini.obj
D:\Aurorax2D\projects\msvc10\Release DLL\inputBox.obj
D:\Aurorax2D\projects\msvc10\Release DLL\io.obj
D:\Aurorax2D\projects\msvc10\Release DLL\java-wrapper.obj
D:\Aurorax2D\projects\msvc10\Release DLL\keybind.obj
D:\Aurorax2D\projects\msvc10\Release DLL\level.obj
D:\Aurorax2D\projects\msvc10\Release DLL\line.obj
D:\Aurorax2D\projects\msvc10\Release DLL\link.command.1.tlog
D:\Aurorax2D\projects\msvc10\Release DLL\link.read.1.tlog
D:\Aurorax2D\projects\msvc10\Release DLL\link.write.1.tlog
D:\Aurorax2D\projects\msvc10\Release DLL\math.obj
D:\Aurorax2D\projects\msvc10\Release DLL\module.obj
D:\Aurorax2D\projects\msvc10\Release DLL\mt.command.1.tlog
D:\Aurorax2D\projects\msvc10\Release DLL\mt.read.1.tlog
D:\Aurorax2D\projects\msvc10\Release DLL\mt.write.1.tlog
D:\Aurorax2D\projects\msvc10\Release DLL\packet.obj
D:\Aurorax2D\projects\msvc10\Release DLL\pbo.obj
D:\Aurorax2D\projects\msvc10\Release DLL\platform.obj
D:\Aurorax2D\projects\msvc10\Release DLL\point.obj
D:\Aurorax2D\projects\msvc10\Release DLL\profiler.obj
D:\Aurorax2D\projects\msvc10\Release DLL\rect.obj
D:\Aurorax2D\projects\msvc10\Release DLL\sceneObject.obj
D:\Aurorax2D\projects\msvc10\Release DLL\scheduler.obj
D:\Aurorax2D\projects\msvc10\Release DLL\scriptarray.obj
D:\Aurorax2D\projects\msvc10\Release DLL\scriptbuilder.obj
D:\Aurorax2D\projects\msvc10\Release DLL\scriptdictionary.obj
D:\Aurorax2D\projects\msvc10\Release DLL\scriptfunctionptr.obj
D:\Aurorax2D\projects\msvc10\Release DLL\scripthelper.obj
D:\Aurorax2D\projects\msvc10\Release DLL\scriptmetaobject.obj
D:\Aurorax2D\projects\msvc10\Release DLL\scriptstdstring.obj
D:\Aurorax2D\projects\msvc10\Release DLL\scriptstdstring_utils.obj
D:\Aurorax2D\projects\msvc10\Release DLL\server.obj
D:\Aurorax2D\projects\msvc10\Release DLL\sfx.obj
D:\Aurorax2D\projects\msvc10\Release DLL\sfxEmitter.obj
D:\Aurorax2D\projects\msvc10\Release DLL\sfxWav.obj
D:\Aurorax2D\projects\msvc10\Release DLL\size.obj
D:\Aurorax2D\projects\msvc10\Release DLL\socket.obj
D:\Aurorax2D\projects\msvc10\Release DLL\sockets.obj
D:\Aurorax2D\projects\msvc10\Release DLL\sprite.obj
D:\Aurorax2D\projects\msvc10\Release DLL\texbmp.obj
D:\Aurorax2D\projects\msvc10\Release DLL\texpng.obj
D:\Aurorax2D\projects\msvc10\Release DLL\texture.obj
D:\Aurorax2D\projects\msvc10\Release DLL\vc100.pdb
D:\Aurorax2D\projects\msvc10\Release DLL\vector.obj
