D:\X2D GAME ENGINE\LIB\ZLIB-1.2.5\LIB\ZLIB.BSC
D:\X2D GAME ENGINE\LIB\LPNG154\PROJECTS\VSTUDIO\ZLIB\RELEASE DLL\ADLER32.SBR
D:\X2D GAME ENGINE\LIB\LPNG154\PROJECTS\VSTUDIO\ZLIB\RELEASE DLL\COMPRESS.SBR
D:\X2D GAME ENGINE\LIB\LPNG154\PROJECTS\VSTUDIO\ZLIB\RELEASE DLL\CRC32.SBR
D:\X2D GAME ENGINE\LIB\LPNG154\PROJECTS\VSTUDIO\ZLIB\RELEASE DLL\DEFLATE.SBR
D:\X2D GAME ENGINE\LIB\LPNG154\PROJECTS\VSTUDIO\ZLIB\RELEASE DLL\INFBACK.SBR
D:\X2D GAME ENGINE\LIB\LPNG154\PROJECTS\VSTUDIO\ZLIB\RELEASE DLL\INFFAST.SBR
D:\X2D GAME ENGINE\LIB\LPNG154\PROJECTS\VSTUDIO\ZLIB\RELEASE DLL\INFLATE.SBR
D:\X2D GAME ENGINE\LIB\LPNG154\PROJECTS\VSTUDIO\ZLIB\RELEASE DLL\INFTREES.SBR
D:\X2D GAME ENGINE\LIB\LPNG154\PROJECTS\VSTUDIO\ZLIB\RELEASE DLL\TREES.SBR
D:\X2D GAME ENGINE\LIB\LPNG154\PROJECTS\VSTUDIO\ZLIB\RELEASE DLL\UNCOMPR.SBR
D:\X2D GAME ENGINE\LIB\LPNG154\PROJECTS\VSTUDIO\ZLIB\RELEASE DLL\ZUTIL.SBR
D:\X2D GAME ENGINE\LIB\LPNG154\PROJECTS\VSTUDIO\ZLIB\RELEASE DLL\ZUTIL.OBJ
D:\X2D GAME ENGINE\LIB\LPNG154\PROJECTS\VSTUDIO\ZLIB\RELEASE DLL\UNCOMPR.OBJ
D:\X2D GAME ENGINE\LIB\LPNG154\PROJECTS\VSTUDIO\ZLIB\RELEASE DLL\TREES.OBJ
D:\X2D GAME ENGINE\LIB\LPNG154\PROJECTS\VSTUDIO\ZLIB\RELEASE DLL\INFTREES.OBJ
D:\X2D GAME ENGINE\LIB\LPNG154\PROJECTS\VSTUDIO\ZLIB\RELEASE DLL\INFLATE.OBJ
D:\X2D GAME ENGINE\LIB\LPNG154\PROJECTS\VSTUDIO\ZLIB\RELEASE DLL\INFFAST.OBJ
D:\X2D GAME ENGINE\LIB\LPNG154\PROJECTS\VSTUDIO\ZLIB\RELEASE DLL\INFBACK.OBJ
D:\X2D GAME ENGINE\LIB\LPNG154\PROJECTS\VSTUDIO\ZLIB\RELEASE DLL\DEFLATE.OBJ
D:\X2D GAME ENGINE\LIB\LPNG154\PROJECTS\VSTUDIO\ZLIB\RELEASE DLL\CRC32.OBJ
D:\X2D GAME ENGINE\LIB\LPNG154\PROJECTS\VSTUDIO\ZLIB\RELEASE DLL\COMPRESS.OBJ
D:\X2D GAME ENGINE\LIB\LPNG154\PROJECTS\VSTUDIO\ZLIB\RELEASE DLL\ADLER32.OBJ
D:\X2D GAME ENGINE\LIB\LPNG154\PROJECTS\VSTUDIO\ZLIB\RELEASE DLL\VC110.PDB
D:\X2D GAME ENGINE\LIB\ZLIB-1.2.5\LIB\ZLIB.DLL
D:\x2D Game Engine\lib\zlib-1.2.5\lib\zlib.lib
D:\x2D Game Engine\lib\zlib-1.2.5\lib\zlib.exp
D:\x2D Game Engine\lib\lpng154\projects\vstudio\zlib\Release DLL\adler32.obj
D:\x2D Game Engine\lib\lpng154\projects\vstudio\zlib\Release DLL\compress.obj
D:\x2D Game Engine\lib\lpng154\projects\vstudio\zlib\Release DLL\crc32.obj
D:\x2D Game Engine\lib\lpng154\projects\vstudio\zlib\Release DLL\deflate.obj
D:\x2D Game Engine\lib\lpng154\projects\vstudio\zlib\Release DLL\infback.obj
D:\x2D Game Engine\lib\lpng154\projects\vstudio\zlib\Release DLL\inffast.obj
D:\x2D Game Engine\lib\lpng154\projects\vstudio\zlib\Release DLL\inflate.obj
D:\x2D Game Engine\lib\lpng154\projects\vstudio\zlib\Release DLL\inftrees.obj
D:\x2D Game Engine\lib\lpng154\projects\vstudio\zlib\Release DLL\trees.obj
D:\x2D Game Engine\lib\lpng154\projects\vstudio\zlib\Release DLL\uncompr.obj
D:\x2D Game Engine\lib\lpng154\projects\vstudio\zlib\Release DLL\zutil.obj
D:\x2D Game Engine\lib\lpng154\projects\vstudio\zlib\Release DLL\BscMake.command.1.tlog
D:\x2D Game Engine\lib\lpng154\projects\vstudio\zlib\Release DLL\bscmake.read.1.tlog
D:\x2D Game Engine\lib\lpng154\projects\vstudio\zlib\Release DLL\bscmake.write.1.tlog
D:\x2D Game Engine\lib\lpng154\projects\vstudio\zlib\Release DLL\cl.command.1.tlog
D:\x2D Game Engine\lib\lpng154\projects\vstudio\zlib\Release DLL\CL.read.1.tlog
D:\x2D Game Engine\lib\lpng154\projects\vstudio\zlib\Release DLL\CL.write.1.tlog
D:\x2D Game Engine\lib\lpng154\projects\vstudio\zlib\Release DLL\link-cvtres.read.1.tlog
D:\x2D Game Engine\lib\lpng154\projects\vstudio\zlib\Release DLL\link-cvtres.write.1.tlog
D:\x2D Game Engine\lib\lpng154\projects\vstudio\zlib\Release DLL\link-rc.read.1.tlog
D:\x2D Game Engine\lib\lpng154\projects\vstudio\zlib\Release DLL\link-rc.write.1.tlog
D:\x2D Game Engine\lib\lpng154\projects\vstudio\zlib\Release DLL\link.command.1.tlog
D:\x2D Game Engine\lib\lpng154\projects\vstudio\zlib\Release DLL\link.read.1.tlog
D:\x2D Game Engine\lib\lpng154\projects\vstudio\zlib\Release DLL\link.write.1.tlog
D:\x2D Game Engine\lib\lpng154\projects\vstudio\zlib\Release DLL\zlib.write.1.tlog
D:\x2D Game Engine\lib\lpng154\projects\vstudio\zlib\Release DLL\vc110.pdb
D:\x2D Game Engine\lib\lpng154\projects\vstudio\zlib\Release DLL\adler32.sbr
D:\x2D Game Engine\lib\lpng154\projects\vstudio\zlib\Release DLL\compress.sbr
D:\x2D Game Engine\lib\lpng154\projects\vstudio\zlib\Release DLL\crc32.sbr
D:\x2D Game Engine\lib\lpng154\projects\vstudio\zlib\Release DLL\deflate.sbr
D:\x2D Game Engine\lib\lpng154\projects\vstudio\zlib\Release DLL\infback.sbr
D:\x2D Game Engine\lib\lpng154\projects\vstudio\zlib\Release DLL\inffast.sbr
D:\x2D Game Engine\lib\lpng154\projects\vstudio\zlib\Release DLL\inflate.sbr
D:\x2D Game Engine\lib\lpng154\projects\vstudio\zlib\Release DLL\inftrees.sbr
D:\x2D Game Engine\lib\lpng154\projects\vstudio\zlib\Release DLL\trees.sbr
D:\x2D Game Engine\lib\lpng154\projects\vstudio\zlib\Release DLL\uncompr.sbr
D:\x2D Game Engine\lib\lpng154\projects\vstudio\zlib\Release DLL\zutil.sbr
D:\x2D Game Engine\projects\msvc11\..\..\lib\zlib-1.2.5\lib\zlib.dll
D:\x2D Game Engine\projects\msvc11\..\..\lib\zlib-1.2.5\lib\zlib.bsc
