D:\X2D GAME ENGINE\PLUGINS\BOX2D\BOX2D\BUILD\VS2012\OBJ\X32\RELEASE\GLUI\GLUI_ROLLOUT.OBJ
D:\X2D GAME ENGINE\PLUGINS\BOX2D\BOX2D\BUILD\VS2012\OBJ\X32\RELEASE\GLUI\GLUI_RADIO.OBJ
D:\X2D GAME ENGINE\PLUGINS\BOX2D\BOX2D\BUILD\VS2012\OBJ\X32\RELEASE\GLUI\GLUI_PANEL.OBJ
D:\X2D GAME ENGINE\PLUGINS\BOX2D\BOX2D\BUILD\VS2012\OBJ\X32\RELEASE\GLUI\GLUI_NODE.OBJ
D:\X2D GAME ENGINE\PLUGINS\BOX2D\BOX2D\BUILD\VS2012\OBJ\X32\RELEASE\GLUI\GLUI_MOUSE_IACTION.OBJ
D:\X2D GAME ENGINE\PLUGINS\BOX2D\BOX2D\BUILD\VS2012\OBJ\X32\RELEASE\GLUI\GLUI_LISTBOX.OBJ
D:\X2D GAME ENGINE\PLUGINS\BOX2D\BOX2D\BUILD\VS2012\OBJ\X32\RELEASE\GLUI\GLUI_LIST.OBJ
D:\X2D GAME ENGINE\PLUGINS\BOX2D\BOX2D\BUILD\VS2012\OBJ\X32\RELEASE\GLUI\GLUI_FILEBROWSER.OBJ
D:\X2D GAME ENGINE\PLUGINS\BOX2D\BOX2D\BUILD\VS2012\OBJ\X32\RELEASE\GLUI\GLUI_EDITTEXT.OBJ
D:\X2D GAME ENGINE\PLUGINS\BOX2D\BOX2D\BUILD\VS2012\OBJ\X32\RELEASE\GLUI\GLUI_CONTROL.OBJ
D:\X2D GAME ENGINE\PLUGINS\BOX2D\BOX2D\BUILD\VS2012\OBJ\X32\RELEASE\GLUI\GLUI_COMMANDLINE.OBJ
D:\X2D GAME ENGINE\PLUGINS\BOX2D\BOX2D\BUILD\VS2012\OBJ\X32\RELEASE\GLUI\GLUI_COLUMN.OBJ
D:\X2D GAME ENGINE\PLUGINS\BOX2D\BOX2D\BUILD\VS2012\OBJ\X32\RELEASE\GLUI\GLUI_CHECKBOX.OBJ
D:\X2D GAME ENGINE\PLUGINS\BOX2D\BOX2D\BUILD\VS2012\OBJ\X32\RELEASE\GLUI\GLUI_BUTTON.OBJ
D:\X2D GAME ENGINE\PLUGINS\BOX2D\BOX2D\BUILD\VS2012\OBJ\X32\RELEASE\GLUI\GLUI_BITMAP_IMG_DATA.OBJ
D:\X2D GAME ENGINE\PLUGINS\BOX2D\BOX2D\BUILD\VS2012\OBJ\X32\RELEASE\GLUI\GLUI_BITMAPS.OBJ
D:\X2D GAME ENGINE\PLUGINS\BOX2D\BOX2D\BUILD\VS2012\OBJ\X32\RELEASE\GLUI\GLUI_ADD_CONTROLS.OBJ
D:\X2D GAME ENGINE\PLUGINS\BOX2D\BOX2D\BUILD\VS2012\OBJ\X32\RELEASE\GLUI\GLUI.OBJ
D:\X2D GAME ENGINE\PLUGINS\BOX2D\BOX2D\BUILD\VS2012\OBJ\X32\RELEASE\GLUI\ARCBALL.OBJ
D:\X2D GAME ENGINE\PLUGINS\BOX2D\BOX2D\BUILD\VS2012\OBJ\X32\RELEASE\GLUI\ALGEBRA3.OBJ
D:\X2D GAME ENGINE\PLUGINS\BOX2D\BOX2D\BUILD\VS2012\OBJ\X32\RELEASE\GLUI\QUATERNION.OBJ
D:\X2D GAME ENGINE\PLUGINS\BOX2D\BOX2D\BUILD\VS2012\OBJ\X32\RELEASE\GLUI\GLUI_WINDOW.OBJ
D:\X2D GAME ENGINE\PLUGINS\BOX2D\BOX2D\BUILD\VS2012\OBJ\X32\RELEASE\GLUI\GLUI_TREEPANEL.OBJ
D:\X2D GAME ENGINE\PLUGINS\BOX2D\BOX2D\BUILD\VS2012\OBJ\X32\RELEASE\GLUI\GLUI_TREE.OBJ
D:\X2D GAME ENGINE\PLUGINS\BOX2D\BOX2D\BUILD\VS2012\OBJ\X32\RELEASE\GLUI\GLUI_TRANSLATION.OBJ
D:\X2D GAME ENGINE\PLUGINS\BOX2D\BOX2D\BUILD\VS2012\OBJ\X32\RELEASE\GLUI\GLUI_TEXTBOX.OBJ
D:\X2D GAME ENGINE\PLUGINS\BOX2D\BOX2D\BUILD\VS2012\OBJ\X32\RELEASE\GLUI\GLUI_STRING.OBJ
D:\X2D GAME ENGINE\PLUGINS\BOX2D\BOX2D\BUILD\VS2012\OBJ\X32\RELEASE\GLUI\GLUI_STATICTEXT.OBJ
D:\X2D GAME ENGINE\PLUGINS\BOX2D\BOX2D\BUILD\VS2012\OBJ\X32\RELEASE\GLUI\GLUI_SPINNER.OBJ
D:\X2D GAME ENGINE\PLUGINS\BOX2D\BOX2D\BUILD\VS2012\OBJ\X32\RELEASE\GLUI\GLUI_SEPARATOR.OBJ
D:\X2D GAME ENGINE\PLUGINS\BOX2D\BOX2D\BUILD\VS2012\OBJ\X32\RELEASE\GLUI\GLUI_SCROLLBAR.OBJ
D:\X2D GAME ENGINE\PLUGINS\BOX2D\BOX2D\BUILD\VS2012\OBJ\X32\RELEASE\GLUI\GLUI_ROTATION.OBJ
D:\X2D GAME ENGINE\PLUGINS\BOX2D\BOX2D\BUILD\VS2012\BIN\RELEASE\GLUI.LIB
D:\x2D Game Engine\plugins\Box2D\Box2D\Build\vs2012\obj\x32\Release\GLUI\algebra3.obj
D:\x2D Game Engine\plugins\Box2D\Box2D\Build\vs2012\obj\x32\Release\GLUI\arcball.obj
D:\x2D Game Engine\plugins\Box2D\Box2D\Build\vs2012\obj\x32\Release\GLUI\glui.obj
D:\x2D Game Engine\plugins\Box2D\Box2D\Build\vs2012\obj\x32\Release\GLUI\glui_add_controls.obj
D:\x2D Game Engine\plugins\Box2D\Box2D\Build\vs2012\obj\x32\Release\GLUI\glui_bitmaps.obj
D:\x2D Game Engine\plugins\Box2D\Box2D\Build\vs2012\obj\x32\Release\GLUI\glui_bitmap_img_data.obj
D:\x2D Game Engine\plugins\Box2D\Box2D\Build\vs2012\obj\x32\Release\GLUI\glui_button.obj
D:\x2D Game Engine\plugins\Box2D\Box2D\Build\vs2012\obj\x32\Release\GLUI\glui_checkbox.obj
D:\x2D Game Engine\plugins\Box2D\Box2D\Build\vs2012\obj\x32\Release\GLUI\glui_column.obj
D:\x2D Game Engine\plugins\Box2D\Box2D\Build\vs2012\obj\x32\Release\GLUI\glui_commandline.obj
D:\x2D Game Engine\plugins\Box2D\Box2D\Build\vs2012\obj\x32\Release\GLUI\glui_control.obj
D:\x2D Game Engine\plugins\Box2D\Box2D\Build\vs2012\obj\x32\Release\GLUI\glui_edittext.obj
D:\x2D Game Engine\plugins\Box2D\Box2D\Build\vs2012\obj\x32\Release\GLUI\glui_filebrowser.obj
D:\x2D Game Engine\plugins\Box2D\Box2D\Build\vs2012\obj\x32\Release\GLUI\glui_list.obj
D:\x2D Game Engine\plugins\Box2D\Box2D\Build\vs2012\obj\x32\Release\GLUI\glui_listbox.obj
D:\x2D Game Engine\plugins\Box2D\Box2D\Build\vs2012\obj\x32\Release\GLUI\glui_mouse_iaction.obj
D:\x2D Game Engine\plugins\Box2D\Box2D\Build\vs2012\obj\x32\Release\GLUI\glui_node.obj
D:\x2D Game Engine\plugins\Box2D\Box2D\Build\vs2012\obj\x32\Release\GLUI\glui_panel.obj
D:\x2D Game Engine\plugins\Box2D\Box2D\Build\vs2012\obj\x32\Release\GLUI\glui_radio.obj
D:\x2D Game Engine\plugins\Box2D\Box2D\Build\vs2012\obj\x32\Release\GLUI\glui_rollout.obj
D:\x2D Game Engine\plugins\Box2D\Box2D\Build\vs2012\obj\x32\Release\GLUI\glui_rotation.obj
D:\x2D Game Engine\plugins\Box2D\Box2D\Build\vs2012\obj\x32\Release\GLUI\glui_scrollbar.obj
D:\x2D Game Engine\plugins\Box2D\Box2D\Build\vs2012\obj\x32\Release\GLUI\glui_separator.obj
D:\x2D Game Engine\plugins\Box2D\Box2D\Build\vs2012\obj\x32\Release\GLUI\glui_spinner.obj
D:\x2D Game Engine\plugins\Box2D\Box2D\Build\vs2012\obj\x32\Release\GLUI\glui_statictext.obj
D:\x2D Game Engine\plugins\Box2D\Box2D\Build\vs2012\obj\x32\Release\GLUI\glui_string.obj
D:\x2D Game Engine\plugins\Box2D\Box2D\Build\vs2012\obj\x32\Release\GLUI\glui_textbox.obj
D:\x2D Game Engine\plugins\Box2D\Box2D\Build\vs2012\obj\x32\Release\GLUI\glui_translation.obj
D:\x2D Game Engine\plugins\Box2D\Box2D\Build\vs2012\obj\x32\Release\GLUI\glui_tree.obj
D:\x2D Game Engine\plugins\Box2D\Box2D\Build\vs2012\obj\x32\Release\GLUI\glui_treepanel.obj
D:\x2D Game Engine\plugins\Box2D\Box2D\Build\vs2012\obj\x32\Release\GLUI\glui_window.obj
D:\x2D Game Engine\plugins\Box2D\Box2D\Build\vs2012\obj\x32\Release\GLUI\quaternion.obj
D:\x2D Game Engine\plugins\Box2D\Box2D\Build\vs2012\obj\x32\Release\GLUI\cl.command.1.tlog
D:\x2D Game Engine\plugins\Box2D\Box2D\Build\vs2012\obj\x32\Release\GLUI\CL.read.1.tlog
D:\x2D Game Engine\plugins\Box2D\Box2D\Build\vs2012\obj\x32\Release\GLUI\CL.write.1.tlog
D:\x2D Game Engine\plugins\Box2D\Box2D\Build\vs2012\obj\x32\Release\GLUI\Lib-link.read.1.tlog
D:\x2D Game Engine\plugins\Box2D\Box2D\Build\vs2012\obj\x32\Release\GLUI\Lib-link.write.1.tlog
D:\x2D Game Engine\plugins\Box2D\Box2D\Build\vs2012\obj\x32\Release\GLUI\lib.command.1.tlog
D:\x2D Game Engine\plugins\Box2D\Box2D\Build\vs2012\bin\Release\GLUI.lib
