D:\X2D GAME ENGINE\LIB\LPNG154\LIB\LIBPNG15.BSC
D:\X2D GAME ENGINE\LIB\LPNG154\PROJECTS\VSTUDIO\LIBPNG\RELEASE DLL\LIBPNG15.PCH
D:\X2D GAME ENGINE\LIB\LPNG154\PROJECTS\VSTUDIO\LIBPNG\RELEASE DLL\PNG.SBR
D:\X2D GAME ENGINE\LIB\LPNG154\PROJECTS\VSTUDIO\LIBPNG\RELEASE DLL\PNG.OBJ
D:\X2D GAME ENGINE\LIB\LPNG154\PROJECTS\VSTUDIO\LIBPNG\RELEASE DLL\VC110.PDB
D:\X2D GAME ENGINE\LIB\LPNG154\PROJECTS\VSTUDIO\LIBPNG\RELEASE DLL\PNGERROR.SBR
D:\X2D GAME ENGINE\LIB\LPNG154\PROJECTS\VSTUDIO\LIBPNG\RELEASE DLL\PNGGET.SBR
D:\X2D GAME ENGINE\LIB\LPNG154\PROJECTS\VSTUDIO\LIBPNG\RELEASE DLL\PNGMEM.SBR
D:\X2D GAME ENGINE\LIB\LPNG154\PROJECTS\VSTUDIO\LIBPNG\RELEASE DLL\PNGPREAD.SBR
D:\X2D GAME ENGINE\LIB\LPNG154\PROJECTS\VSTUDIO\LIBPNG\RELEASE DLL\PNGREAD.SBR
D:\X2D GAME ENGINE\LIB\LPNG154\PROJECTS\VSTUDIO\LIBPNG\RELEASE DLL\PNGRIO.SBR
D:\X2D GAME ENGINE\LIB\LPNG154\PROJECTS\VSTUDIO\LIBPNG\RELEASE DLL\PNGRTRAN.SBR
D:\X2D GAME ENGINE\LIB\LPNG154\PROJECTS\VSTUDIO\LIBPNG\RELEASE DLL\PNGRUTIL.SBR
D:\X2D GAME ENGINE\LIB\LPNG154\PROJECTS\VSTUDIO\LIBPNG\RELEASE DLL\PNGSET.SBR
D:\X2D GAME ENGINE\LIB\LPNG154\PROJECTS\VSTUDIO\LIBPNG\RELEASE DLL\PNGTRANS.SBR
D:\X2D GAME ENGINE\LIB\LPNG154\PROJECTS\VSTUDIO\LIBPNG\RELEASE DLL\PNGWIO.SBR
D:\X2D GAME ENGINE\LIB\LPNG154\PROJECTS\VSTUDIO\LIBPNG\RELEASE DLL\PNGWRITE.SBR
D:\X2D GAME ENGINE\LIB\LPNG154\PROJECTS\VSTUDIO\LIBPNG\RELEASE DLL\PNGWTRAN.SBR
D:\X2D GAME ENGINE\LIB\LPNG154\PROJECTS\VSTUDIO\LIBPNG\RELEASE DLL\PNGWUTIL.SBR
D:\X2D GAME ENGINE\LIB\LPNG154\PROJECTS\VSTUDIO\LIBPNG\RELEASE DLL\PNGWUTIL.OBJ
D:\X2D GAME ENGINE\LIB\LPNG154\PROJECTS\VSTUDIO\LIBPNG\RELEASE DLL\PNGWTRAN.OBJ
D:\X2D GAME ENGINE\LIB\LPNG154\PROJECTS\VSTUDIO\LIBPNG\RELEASE DLL\PNGWRITE.OBJ
D:\X2D GAME ENGINE\LIB\LPNG154\PROJECTS\VSTUDIO\LIBPNG\RELEASE DLL\PNGWIO.OBJ
D:\X2D GAME ENGINE\LIB\LPNG154\PROJECTS\VSTUDIO\LIBPNG\RELEASE DLL\PNGTRANS.OBJ
D:\X2D GAME ENGINE\LIB\LPNG154\PROJECTS\VSTUDIO\LIBPNG\RELEASE DLL\PNGSET.OBJ
D:\X2D GAME ENGINE\LIB\LPNG154\PROJECTS\VSTUDIO\LIBPNG\RELEASE DLL\PNGRUTIL.OBJ
D:\X2D GAME ENGINE\LIB\LPNG154\PROJECTS\VSTUDIO\LIBPNG\RELEASE DLL\PNGRTRAN.OBJ
D:\X2D GAME ENGINE\LIB\LPNG154\PROJECTS\VSTUDIO\LIBPNG\RELEASE DLL\PNGRIO.OBJ
D:\X2D GAME ENGINE\LIB\LPNG154\PROJECTS\VSTUDIO\LIBPNG\RELEASE DLL\PNGREAD.OBJ
D:\X2D GAME ENGINE\LIB\LPNG154\PROJECTS\VSTUDIO\LIBPNG\RELEASE DLL\PNGPREAD.OBJ
D:\X2D GAME ENGINE\LIB\LPNG154\PROJECTS\VSTUDIO\LIBPNG\RELEASE DLL\PNGMEM.OBJ
D:\X2D GAME ENGINE\LIB\LPNG154\PROJECTS\VSTUDIO\LIBPNG\RELEASE DLL\PNGGET.OBJ
D:\X2D GAME ENGINE\LIB\LPNG154\PROJECTS\VSTUDIO\LIBPNG\RELEASE DLL\PNGERROR.OBJ
D:\x2D Game Engine\lib\lpng154\lib\libpng15.lib
D:\x2D Game Engine\lib\lpng154\lib\libpng15.exp
D:\X2D GAME ENGINE\LIB\LPNG154\LIB\LIBPNG15.DLL
D:\X2D GAME ENGINE\LIB\LPNG154\LIB\LIBPNG15.PDB
D:\X2D GAME ENGINE\LIB\LPNG154\PROJECTS\VSTUDIO\LIBPNG\RELEASE DLL\PNGWIN.RES
D:\x2D Game Engine\lib\lpng154\projects\vstudio\libpng\Release DLL\png.obj
D:\x2D Game Engine\lib\lpng154\projects\vstudio\libpng\Release DLL\pngerror.obj
D:\x2D Game Engine\lib\lpng154\projects\vstudio\libpng\Release DLL\pngget.obj
D:\x2D Game Engine\lib\lpng154\projects\vstudio\libpng\Release DLL\pngmem.obj
D:\x2D Game Engine\lib\lpng154\projects\vstudio\libpng\Release DLL\pngpread.obj
D:\x2D Game Engine\lib\lpng154\projects\vstudio\libpng\Release DLL\pngread.obj
D:\x2D Game Engine\lib\lpng154\projects\vstudio\libpng\Release DLL\pngrio.obj
D:\x2D Game Engine\lib\lpng154\projects\vstudio\libpng\Release DLL\pngrtran.obj
D:\x2D Game Engine\lib\lpng154\projects\vstudio\libpng\Release DLL\pngrutil.obj
D:\x2D Game Engine\lib\lpng154\projects\vstudio\libpng\Release DLL\pngset.obj
D:\x2D Game Engine\lib\lpng154\projects\vstudio\libpng\Release DLL\pngtrans.obj
D:\x2D Game Engine\lib\lpng154\projects\vstudio\libpng\Release DLL\pngwio.obj
D:\x2D Game Engine\lib\lpng154\projects\vstudio\libpng\Release DLL\pngwrite.obj
D:\x2D Game Engine\lib\lpng154\projects\vstudio\libpng\Release DLL\pngwtran.obj
D:\x2D Game Engine\lib\lpng154\projects\vstudio\libpng\Release DLL\pngwutil.obj
D:\x2D Game Engine\lib\lpng154\projects\vstudio\libpng\Release DLL\BscMake.command.1.tlog
D:\x2D Game Engine\lib\lpng154\projects\vstudio\libpng\Release DLL\bscmake.read.1.tlog
D:\x2D Game Engine\lib\lpng154\projects\vstudio\libpng\Release DLL\bscmake.write.1.tlog
D:\x2D Game Engine\lib\lpng154\projects\vstudio\libpng\Release DLL\cl.command.1.tlog
D:\x2D Game Engine\lib\lpng154\projects\vstudio\libpng\Release DLL\CL.read.1.tlog
D:\x2D Game Engine\lib\lpng154\projects\vstudio\libpng\Release DLL\CL.write.1.tlog
D:\x2D Game Engine\lib\lpng154\projects\vstudio\libpng\Release DLL\libpng.write.1.tlog
D:\x2D Game Engine\lib\lpng154\projects\vstudio\libpng\Release DLL\link-cvtres.read.1.tlog
D:\x2D Game Engine\lib\lpng154\projects\vstudio\libpng\Release DLL\link-cvtres.write.1.tlog
D:\x2D Game Engine\lib\lpng154\projects\vstudio\libpng\Release DLL\link-rc.read.1.tlog
D:\x2D Game Engine\lib\lpng154\projects\vstudio\libpng\Release DLL\link-rc.write.1.tlog
D:\x2D Game Engine\lib\lpng154\projects\vstudio\libpng\Release DLL\link.command.1.tlog
D:\x2D Game Engine\lib\lpng154\projects\vstudio\libpng\Release DLL\link.read.1.tlog
D:\x2D Game Engine\lib\lpng154\projects\vstudio\libpng\Release DLL\link.write.1.tlog
D:\x2D Game Engine\lib\lpng154\projects\vstudio\libpng\Release DLL\rc.command.1.tlog
D:\x2D Game Engine\lib\lpng154\projects\vstudio\libpng\Release DLL\rc.read.1.tlog
D:\x2D Game Engine\lib\lpng154\projects\vstudio\libpng\Release DLL\rc.write.1.tlog
D:\x2D Game Engine\lib\lpng154\projects\vstudio\libpng\Release DLL\pngwin.res
D:\x2D Game Engine\lib\lpng154\projects\vstudio\libpng\Release DLL\libpng15.pch
D:\x2D Game Engine\lib\lpng154\projects\vstudio\libpng\Release DLL\vc110.pdb
D:\x2D Game Engine\lib\lpng154\projects\vstudio\libpng\Release DLL\png.sbr
D:\x2D Game Engine\lib\lpng154\projects\vstudio\libpng\Release DLL\pngerror.sbr
D:\x2D Game Engine\lib\lpng154\projects\vstudio\libpng\Release DLL\pngget.sbr
D:\x2D Game Engine\lib\lpng154\projects\vstudio\libpng\Release DLL\pngmem.sbr
D:\x2D Game Engine\lib\lpng154\projects\vstudio\libpng\Release DLL\pngpread.sbr
D:\x2D Game Engine\lib\lpng154\projects\vstudio\libpng\Release DLL\pngread.sbr
D:\x2D Game Engine\lib\lpng154\projects\vstudio\libpng\Release DLL\pngrio.sbr
D:\x2D Game Engine\lib\lpng154\projects\vstudio\libpng\Release DLL\pngrtran.sbr
D:\x2D Game Engine\lib\lpng154\projects\vstudio\libpng\Release DLL\pngrutil.sbr
D:\x2D Game Engine\lib\lpng154\projects\vstudio\libpng\Release DLL\pngset.sbr
D:\x2D Game Engine\lib\lpng154\projects\vstudio\libpng\Release DLL\pngtrans.sbr
D:\x2D Game Engine\lib\lpng154\projects\vstudio\libpng\Release DLL\pngwio.sbr
D:\x2D Game Engine\lib\lpng154\projects\vstudio\libpng\Release DLL\pngwrite.sbr
D:\x2D Game Engine\lib\lpng154\projects\vstudio\libpng\Release DLL\pngwtran.sbr
D:\x2D Game Engine\lib\lpng154\projects\vstudio\libpng\Release DLL\pngwutil.sbr
D:\x2D Game Engine\projects\msvc11\..\..\lib\lpng154\lib\libpng15.pdb
D:\x2D Game Engine\projects\msvc11\..\..\lib\lpng154\lib\libpng15.dll
D:\x2D Game Engine\projects\msvc11\..\..\lib\lpng154\lib\libpng15.bsc
