D:\x2D Game Engine\plugins\Box2D\Box2D\plugin\lib\box2d.lib
D:\x2D Game Engine\plugins\Box2D\Box2D\plugin\lib\box2d.exp
D:\X2D GAME ENGINE\PLUGINS\BOX2D\BOX2D\BUILD\VS2012\RELEASE\PLUGIN.OBJ
D:\X2D GAME ENGINE\PLUGINS\BOX2D\BOX2D\BUILD\VS2012\RELEASE\VC110.PDB
D:\X2D GAME ENGINE\PLUGINS\BOX2D\BOX2D\PLUGIN\LIB\BOX2D.DLL
D:\X2D GAME ENGINE\PLUGINS\BOX2D\BOX2D\PLUGIN\LIB\BOX2D.PDB
D:\x2D Game Engine\plugins\Box2D\Box2D\Build\vs2012\Release\plugin.obj
D:\x2D Game Engine\plugins\Box2D\Box2D\Build\vs2012\Release\Box2D Plugin.write.1.tlog
D:\x2D Game Engine\plugins\Box2D\Box2D\Build\vs2012\Release\cl.command.1.tlog
D:\x2D Game Engine\plugins\Box2D\Box2D\Build\vs2012\Release\CL.read.1.tlog
D:\x2D Game Engine\plugins\Box2D\Box2D\Build\vs2012\Release\CL.write.1.tlog
D:\x2D Game Engine\plugins\Box2D\Box2D\Build\vs2012\Release\link-cvtres.read.1.tlog
D:\x2D Game Engine\plugins\Box2D\Box2D\Build\vs2012\Release\link-cvtres.write.1.tlog
D:\x2D Game Engine\plugins\Box2D\Box2D\Build\vs2012\Release\link-rc.read.1.tlog
D:\x2D Game Engine\plugins\Box2D\Box2D\Build\vs2012\Release\link-rc.write.1.tlog
D:\x2D Game Engine\plugins\Box2D\Box2D\Build\vs2012\Release\link.command.1.tlog
D:\x2D Game Engine\plugins\Box2D\Box2D\Build\vs2012\Release\link.read.1.tlog
D:\x2D Game Engine\plugins\Box2D\Box2D\Build\vs2012\Release\link.write.1.tlog
D:\x2D Game Engine\plugins\Box2D\Box2D\Build\vs2012\Release\vc110.pdb
D:\x2D Game Engine\plugins\Box2D\Box2D\Build\vs2012\..\..\plugin\lib\box2d.pdb
D:\x2D Game Engine\plugins\Box2D\Box2D\Build\vs2012\..\..\plugin\lib\box2d.dll
