D:\X2D GAME ENGINE\LIB\ANGELSCRIPT\SDK\SAMPLES\VS-ANDROID\ANGELSCRIPTD.A
D:\X2D GAME ENGINE\LIB\ANGELSCRIPT\SDK\ANGELSCRIPT\PROJECTS\MSVC10\ANDROID\DEBUG\AS_CALLFUNC_ARM_ANDROID.O
D:\X2D GAME ENGINE\LIB\ANGELSCRIPT\SDK\ANGELSCRIPT\PROJECTS\MSVC10\ANDROID\DEBUG\AS_ATOMIC.O
D:\X2D GAME ENGINE\LIB\ANGELSCRIPT\SDK\ANGELSCRIPT\PROJECTS\MSVC10\ANDROID\DEBUG\AS_BUILDER.O
D:\X2D GAME ENGINE\LIB\ANGELSCRIPT\SDK\ANGELSCRIPT\PROJECTS\MSVC10\ANDROID\DEBUG\AS_BYTECODE.O
D:\X2D GAME ENGINE\LIB\ANGELSCRIPT\SDK\ANGELSCRIPT\PROJECTS\MSVC10\ANDROID\DEBUG\AS_CALLFUNC.O
D:\X2D GAME ENGINE\LIB\ANGELSCRIPT\SDK\ANGELSCRIPT\PROJECTS\MSVC10\ANDROID\DEBUG\AS_CALLFUNC_ARM.O
D:\X2D GAME ENGINE\LIB\ANGELSCRIPT\SDK\ANGELSCRIPT\PROJECTS\MSVC10\ANDROID\DEBUG\AS_CALLFUNC_MIPS.O
D:\X2D GAME ENGINE\LIB\ANGELSCRIPT\SDK\ANGELSCRIPT\PROJECTS\MSVC10\ANDROID\DEBUG\AS_CALLFUNC_PPC.O
D:\X2D GAME ENGINE\LIB\ANGELSCRIPT\SDK\ANGELSCRIPT\PROJECTS\MSVC10\ANDROID\DEBUG\AS_CALLFUNC_PPC_64.O
D:\X2D GAME ENGINE\LIB\ANGELSCRIPT\SDK\ANGELSCRIPT\PROJECTS\MSVC10\ANDROID\DEBUG\AS_CALLFUNC_SH4.O
D:\X2D GAME ENGINE\LIB\ANGELSCRIPT\SDK\ANGELSCRIPT\PROJECTS\MSVC10\ANDROID\DEBUG\AS_CALLFUNC_X64_GCC.O
D:\X2D GAME ENGINE\LIB\ANGELSCRIPT\SDK\ANGELSCRIPT\PROJECTS\MSVC10\ANDROID\DEBUG\AS_CALLFUNC_X64_MINGW.O
D:\X2D GAME ENGINE\LIB\ANGELSCRIPT\SDK\ANGELSCRIPT\PROJECTS\MSVC10\ANDROID\DEBUG\AS_CALLFUNC_X64_MSVC.O
D:\X2D GAME ENGINE\LIB\ANGELSCRIPT\SDK\ANGELSCRIPT\PROJECTS\MSVC10\ANDROID\DEBUG\AS_CALLFUNC_X86.O
D:\X2D GAME ENGINE\LIB\ANGELSCRIPT\SDK\ANGELSCRIPT\PROJECTS\MSVC10\ANDROID\DEBUG\AS_CALLFUNC_XENON.O
D:\X2D GAME ENGINE\LIB\ANGELSCRIPT\SDK\ANGELSCRIPT\PROJECTS\MSVC10\ANDROID\DEBUG\AS_COMPILER.O
D:\X2D GAME ENGINE\LIB\ANGELSCRIPT\SDK\ANGELSCRIPT\PROJECTS\MSVC10\ANDROID\DEBUG\AS_CONFIGGROUP.O
D:\X2D GAME ENGINE\LIB\ANGELSCRIPT\SDK\ANGELSCRIPT\PROJECTS\MSVC10\ANDROID\DEBUG\AS_CONTEXT.O
D:\X2D GAME ENGINE\LIB\ANGELSCRIPT\SDK\ANGELSCRIPT\PROJECTS\MSVC10\ANDROID\DEBUG\AS_DATATYPE.O
D:\X2D GAME ENGINE\LIB\ANGELSCRIPT\SDK\ANGELSCRIPT\PROJECTS\MSVC10\ANDROID\DEBUG\AS_GC.O
D:\X2D GAME ENGINE\LIB\ANGELSCRIPT\SDK\ANGELSCRIPT\PROJECTS\MSVC10\ANDROID\DEBUG\AS_GENERIC.O
D:\X2D GAME ENGINE\LIB\ANGELSCRIPT\SDK\ANGELSCRIPT\PROJECTS\MSVC10\ANDROID\DEBUG\AS_GLOBALPROPERTY.O
D:\X2D GAME ENGINE\LIB\ANGELSCRIPT\SDK\ANGELSCRIPT\PROJECTS\MSVC10\ANDROID\DEBUG\AS_MEMORY.O
D:\X2D GAME ENGINE\LIB\ANGELSCRIPT\SDK\ANGELSCRIPT\PROJECTS\MSVC10\ANDROID\DEBUG\AS_MODULE.O
D:\X2D GAME ENGINE\LIB\ANGELSCRIPT\SDK\ANGELSCRIPT\PROJECTS\MSVC10\ANDROID\DEBUG\AS_OBJECTTYPE.O
D:\X2D GAME ENGINE\LIB\ANGELSCRIPT\SDK\ANGELSCRIPT\PROJECTS\MSVC10\ANDROID\DEBUG\AS_OUTPUTBUFFER.O
D:\X2D GAME ENGINE\LIB\ANGELSCRIPT\SDK\ANGELSCRIPT\PROJECTS\MSVC10\ANDROID\DEBUG\AS_PARSER.O
D:\X2D GAME ENGINE\LIB\ANGELSCRIPT\SDK\ANGELSCRIPT\PROJECTS\MSVC10\ANDROID\DEBUG\AS_RESTORE.O
D:\X2D GAME ENGINE\LIB\ANGELSCRIPT\SDK\ANGELSCRIPT\PROJECTS\MSVC10\ANDROID\DEBUG\AS_SCRIPTCODE.O
D:\X2D GAME ENGINE\LIB\ANGELSCRIPT\SDK\ANGELSCRIPT\PROJECTS\MSVC10\ANDROID\DEBUG\AS_SCRIPTENGINE.O
D:\X2D GAME ENGINE\LIB\ANGELSCRIPT\SDK\ANGELSCRIPT\PROJECTS\MSVC10\ANDROID\DEBUG\AS_SCRIPTFUNCTION.O
D:\X2D GAME ENGINE\LIB\ANGELSCRIPT\SDK\ANGELSCRIPT\PROJECTS\MSVC10\ANDROID\DEBUG\AS_SCRIPTNODE.O
D:\X2D GAME ENGINE\LIB\ANGELSCRIPT\SDK\ANGELSCRIPT\PROJECTS\MSVC10\ANDROID\DEBUG\AS_SCRIPTOBJECT.O
D:\X2D GAME ENGINE\LIB\ANGELSCRIPT\SDK\ANGELSCRIPT\PROJECTS\MSVC10\ANDROID\DEBUG\AS_STRING.O
D:\X2D GAME ENGINE\LIB\ANGELSCRIPT\SDK\ANGELSCRIPT\PROJECTS\MSVC10\ANDROID\DEBUG\AS_STRING_UTIL.O
D:\X2D GAME ENGINE\LIB\ANGELSCRIPT\SDK\ANGELSCRIPT\PROJECTS\MSVC10\ANDROID\DEBUG\AS_THREAD.O
D:\X2D GAME ENGINE\LIB\ANGELSCRIPT\SDK\ANGELSCRIPT\PROJECTS\MSVC10\ANDROID\DEBUG\AS_TOKENIZER.O
D:\X2D GAME ENGINE\LIB\ANGELSCRIPT\SDK\ANGELSCRIPT\PROJECTS\MSVC10\ANDROID\DEBUG\AS_TYPEINFO.O
D:\X2D GAME ENGINE\LIB\ANGELSCRIPT\SDK\ANGELSCRIPT\PROJECTS\MSVC10\ANDROID\DEBUG\AS_VARIABLESCOPE.O
D:\x2D Game Engine\lib\angelscript\sdk\samples\vs-android\angelscriptd.a
