D:\X2D GAME ENGINE\PLUGINS\BOX2D\BOX2D\BUILD\VS2012\OBJ\X32\RELEASE\FREEGLUT\FREEGLUT_STROKE_ROMAN.OBJ
D:\X2D GAME ENGINE\PLUGINS\BOX2D\BOX2D\BUILD\VS2012\OBJ\X32\RELEASE\FREEGLUT\FREEGLUT_STROKE_MONO_ROMAN.OBJ
D:\X2D GAME ENGINE\PLUGINS\BOX2D\BOX2D\BUILD\VS2012\OBJ\X32\RELEASE\FREEGLUT\FREEGLUT_STATE.OBJ
D:\X2D GAME ENGINE\PLUGINS\BOX2D\BOX2D\BUILD\VS2012\OBJ\X32\RELEASE\FREEGLUT\FREEGLUT_SPACEBALL.OBJ
D:\X2D GAME ENGINE\PLUGINS\BOX2D\BOX2D\BUILD\VS2012\OBJ\X32\RELEASE\FREEGLUT\FREEGLUT_OVERLAY.OBJ
D:\X2D GAME ENGINE\PLUGINS\BOX2D\BOX2D\BUILD\VS2012\OBJ\X32\RELEASE\FREEGLUT\FREEGLUT_MISC.OBJ
D:\X2D GAME ENGINE\PLUGINS\BOX2D\BOX2D\BUILD\VS2012\OBJ\X32\RELEASE\FREEGLUT\FREEGLUT_MENU.OBJ
D:\X2D GAME ENGINE\PLUGINS\BOX2D\BOX2D\BUILD\VS2012\OBJ\X32\RELEASE\FREEGLUT\FREEGLUT_MAIN.OBJ
D:\X2D GAME ENGINE\PLUGINS\BOX2D\BOX2D\BUILD\VS2012\OBJ\X32\RELEASE\FREEGLUT\FREEGLUT_JOYSTICK.OBJ
D:\X2D GAME ENGINE\PLUGINS\BOX2D\BOX2D\BUILD\VS2012\OBJ\X32\RELEASE\FREEGLUT\FREEGLUT_INPUT_DEVICES.OBJ
D:\X2D GAME ENGINE\PLUGINS\BOX2D\BOX2D\BUILD\VS2012\OBJ\X32\RELEASE\FREEGLUT\FREEGLUT_INIT.OBJ
D:\X2D GAME ENGINE\PLUGINS\BOX2D\BOX2D\BUILD\VS2012\OBJ\X32\RELEASE\FREEGLUT\FREEGLUT_GLUTFONT_DEFINITIONS.OBJ
D:\X2D GAME ENGINE\PLUGINS\BOX2D\BOX2D\BUILD\VS2012\OBJ\X32\RELEASE\FREEGLUT\FREEGLUT_GEOMETRY.OBJ
D:\X2D GAME ENGINE\PLUGINS\BOX2D\BOX2D\BUILD\VS2012\OBJ\X32\RELEASE\FREEGLUT\FREEGLUT_GAMEMODE.OBJ
D:\X2D GAME ENGINE\PLUGINS\BOX2D\BOX2D\BUILD\VS2012\OBJ\X32\RELEASE\FREEGLUT\FREEGLUT_FONT_DATA.OBJ
D:\X2D GAME ENGINE\PLUGINS\BOX2D\BOX2D\BUILD\VS2012\OBJ\X32\RELEASE\FREEGLUT\FREEGLUT_FONT.OBJ
D:\X2D GAME ENGINE\PLUGINS\BOX2D\BOX2D\BUILD\VS2012\OBJ\X32\RELEASE\FREEGLUT\FREEGLUT_EXT.OBJ
D:\X2D GAME ENGINE\PLUGINS\BOX2D\BOX2D\BUILD\VS2012\OBJ\X32\RELEASE\FREEGLUT\FREEGLUT_DISPLAY.OBJ
D:\X2D GAME ENGINE\PLUGINS\BOX2D\BOX2D\BUILD\VS2012\OBJ\X32\RELEASE\FREEGLUT\FREEGLUT_CURSOR.OBJ
D:\X2D GAME ENGINE\PLUGINS\BOX2D\BOX2D\BUILD\VS2012\OBJ\X32\RELEASE\FREEGLUT\FREEGLUT_CALLBACKS.OBJ
D:\X2D GAME ENGINE\PLUGINS\BOX2D\BOX2D\BUILD\VS2012\OBJ\X32\RELEASE\FREEGLUT\FREEGLUT_WINDOW.OBJ
D:\X2D GAME ENGINE\PLUGINS\BOX2D\BOX2D\BUILD\VS2012\OBJ\X32\RELEASE\FREEGLUT\FREEGLUT_VIDEORESIZE.OBJ
D:\X2D GAME ENGINE\PLUGINS\BOX2D\BOX2D\BUILD\VS2012\OBJ\X32\RELEASE\FREEGLUT\FREEGLUT_TEAPOT.OBJ
D:\X2D GAME ENGINE\PLUGINS\BOX2D\BOX2D\BUILD\VS2012\OBJ\X32\RELEASE\FREEGLUT\FREEGLUT_STRUCTURE.OBJ
D:\X2D GAME ENGINE\PLUGINS\BOX2D\BOX2D\BUILD\VS2012\BIN\RELEASE\FREEGLUT.LIB
D:\x2D Game Engine\plugins\Box2D\Box2D\Build\vs2012\obj\x32\Release\FreeGLUT\freeglut_callbacks.obj
D:\x2D Game Engine\plugins\Box2D\Box2D\Build\vs2012\obj\x32\Release\FreeGLUT\freeglut_cursor.obj
D:\x2D Game Engine\plugins\Box2D\Box2D\Build\vs2012\obj\x32\Release\FreeGLUT\freeglut_display.obj
D:\x2D Game Engine\plugins\Box2D\Box2D\Build\vs2012\obj\x32\Release\FreeGLUT\freeglut_ext.obj
D:\x2D Game Engine\plugins\Box2D\Box2D\Build\vs2012\obj\x32\Release\FreeGLUT\freeglut_font.obj
D:\x2D Game Engine\plugins\Box2D\Box2D\Build\vs2012\obj\x32\Release\FreeGLUT\freeglut_font_data.obj
D:\x2D Game Engine\plugins\Box2D\Box2D\Build\vs2012\obj\x32\Release\FreeGLUT\freeglut_gamemode.obj
D:\x2D Game Engine\plugins\Box2D\Box2D\Build\vs2012\obj\x32\Release\FreeGLUT\freeglut_geometry.obj
D:\x2D Game Engine\plugins\Box2D\Box2D\Build\vs2012\obj\x32\Release\FreeGLUT\freeglut_glutfont_definitions.obj
D:\x2D Game Engine\plugins\Box2D\Box2D\Build\vs2012\obj\x32\Release\FreeGLUT\freeglut_init.obj
D:\x2D Game Engine\plugins\Box2D\Box2D\Build\vs2012\obj\x32\Release\FreeGLUT\freeglut_input_devices.obj
D:\x2D Game Engine\plugins\Box2D\Box2D\Build\vs2012\obj\x32\Release\FreeGLUT\freeglut_joystick.obj
D:\x2D Game Engine\plugins\Box2D\Box2D\Build\vs2012\obj\x32\Release\FreeGLUT\freeglut_main.obj
D:\x2D Game Engine\plugins\Box2D\Box2D\Build\vs2012\obj\x32\Release\FreeGLUT\freeglut_menu.obj
D:\x2D Game Engine\plugins\Box2D\Box2D\Build\vs2012\obj\x32\Release\FreeGLUT\freeglut_misc.obj
D:\x2D Game Engine\plugins\Box2D\Box2D\Build\vs2012\obj\x32\Release\FreeGLUT\freeglut_overlay.obj
D:\x2D Game Engine\plugins\Box2D\Box2D\Build\vs2012\obj\x32\Release\FreeGLUT\freeglut_spaceball.obj
D:\x2D Game Engine\plugins\Box2D\Box2D\Build\vs2012\obj\x32\Release\FreeGLUT\freeglut_state.obj
D:\x2D Game Engine\plugins\Box2D\Box2D\Build\vs2012\obj\x32\Release\FreeGLUT\freeglut_stroke_mono_roman.obj
D:\x2D Game Engine\plugins\Box2D\Box2D\Build\vs2012\obj\x32\Release\FreeGLUT\freeglut_stroke_roman.obj
D:\x2D Game Engine\plugins\Box2D\Box2D\Build\vs2012\obj\x32\Release\FreeGLUT\freeglut_structure.obj
D:\x2D Game Engine\plugins\Box2D\Box2D\Build\vs2012\obj\x32\Release\FreeGLUT\freeglut_teapot.obj
D:\x2D Game Engine\plugins\Box2D\Box2D\Build\vs2012\obj\x32\Release\FreeGLUT\freeglut_videoresize.obj
D:\x2D Game Engine\plugins\Box2D\Box2D\Build\vs2012\obj\x32\Release\FreeGLUT\freeglut_window.obj
D:\x2D Game Engine\plugins\Box2D\Box2D\Build\vs2012\obj\x32\Release\FreeGLUT\cl.command.1.tlog
D:\x2D Game Engine\plugins\Box2D\Box2D\Build\vs2012\obj\x32\Release\FreeGLUT\CL.read.1.tlog
D:\x2D Game Engine\plugins\Box2D\Box2D\Build\vs2012\obj\x32\Release\FreeGLUT\CL.write.1.tlog
D:\x2D Game Engine\plugins\Box2D\Box2D\Build\vs2012\obj\x32\Release\FreeGLUT\Lib-link.read.1.tlog
D:\x2D Game Engine\plugins\Box2D\Box2D\Build\vs2012\obj\x32\Release\FreeGLUT\Lib-link.write.1.tlog
D:\x2D Game Engine\plugins\Box2D\Box2D\Build\vs2012\obj\x32\Release\FreeGLUT\lib.command.1.tlog
D:\x2D Game Engine\plugins\Box2D\Box2D\Build\vs2012\bin\Release\FreeGLUT.lib
