C:\Users\Marcus\Documents\Aurorax2D\lib\freetype-2.4.8\builds\win32\vc2010\Debug\autofit.obj
C:\Users\Marcus\Documents\Aurorax2D\lib\freetype-2.4.8\builds\win32\vc2010\Debug\bdf.obj
C:\Users\Marcus\Documents\Aurorax2D\lib\freetype-2.4.8\builds\win32\vc2010\Debug\cff.obj
C:\Users\Marcus\Documents\Aurorax2D\lib\freetype-2.4.8\builds\win32\vc2010\Debug\CL.4636.read.1.tlog
C:\Users\Marcus\Documents\Aurorax2D\lib\freetype-2.4.8\builds\win32\vc2010\Debug\CL.4636.write.1.tlog
C:\Users\Marcus\Documents\Aurorax2D\lib\freetype-2.4.8\builds\win32\vc2010\Debug\CL.5840.read.1.tlog
C:\Users\Marcus\Documents\Aurorax2D\lib\freetype-2.4.8\builds\win32\vc2010\Debug\CL.5840.write.1.tlog
C:\Users\Marcus\Documents\Aurorax2D\lib\freetype-2.4.8\builds\win32\vc2010\Debug\CL.6356.read.1.tlog
C:\Users\Marcus\Documents\Aurorax2D\lib\freetype-2.4.8\builds\win32\vc2010\Debug\CL.6356.write.1.tlog
C:\Users\Marcus\Documents\Aurorax2D\lib\freetype-2.4.8\builds\win32\vc2010\Debug\CL.6628.read.1.tlog
C:\Users\Marcus\Documents\Aurorax2D\lib\freetype-2.4.8\builds\win32\vc2010\Debug\CL.6628.write.1.tlog
C:\Users\Marcus\Documents\Aurorax2D\lib\freetype-2.4.8\builds\win32\vc2010\Debug\CL.7084.read.1.tlog
C:\Users\Marcus\Documents\Aurorax2D\lib\freetype-2.4.8\builds\win32\vc2010\Debug\CL.7084.write.1.tlog
C:\Users\Marcus\Documents\Aurorax2D\lib\freetype-2.4.8\builds\win32\vc2010\Debug\CL.7592.read.1.tlog
C:\Users\Marcus\Documents\Aurorax2D\lib\freetype-2.4.8\builds\win32\vc2010\Debug\CL.7592.write.1.tlog
C:\Users\Marcus\Documents\Aurorax2D\lib\freetype-2.4.8\builds\win32\vc2010\Debug\CL.7708.read.1.tlog
C:\Users\Marcus\Documents\Aurorax2D\lib\freetype-2.4.8\builds\win32\vc2010\Debug\CL.7708.write.1.tlog
C:\Users\Marcus\Documents\Aurorax2D\lib\freetype-2.4.8\builds\win32\vc2010\Debug\CL.8028.read.1.tlog
C:\Users\Marcus\Documents\Aurorax2D\lib\freetype-2.4.8\builds\win32\vc2010\Debug\CL.8028.write.1.tlog
C:\Users\Marcus\Documents\Aurorax2D\lib\freetype-2.4.8\builds\win32\vc2010\Debug\cl.command.1.tlog
C:\Users\Marcus\Documents\Aurorax2D\lib\freetype-2.4.8\builds\win32\vc2010\Debug\CL.read.1.tlog
C:\Users\Marcus\Documents\Aurorax2D\lib\freetype-2.4.8\builds\win32\vc2010\Debug\cl.write.1.tlog
C:\Users\Marcus\Documents\Aurorax2D\lib\freetype-2.4.8\builds\win32\vc2010\Debug\ftbase.obj
C:\Users\Marcus\Documents\Aurorax2D\lib\freetype-2.4.8\builds\win32\vc2010\Debug\ftbbox.obj
C:\Users\Marcus\Documents\Aurorax2D\lib\freetype-2.4.8\builds\win32\vc2010\Debug\ftbitmap.obj
C:\Users\Marcus\Documents\Aurorax2D\lib\freetype-2.4.8\builds\win32\vc2010\Debug\ftcache.obj
C:\USERS\MARCUS\DOCUMENTS\AURORAX2D\LIB\FREETYPE-2.4.8\BUILDS\WIN32\VC2010\DEBUG\FTDEBUG.OBJ
C:\Users\Marcus\Documents\Aurorax2D\lib\freetype-2.4.8\builds\win32\vc2010\Debug\ftfstype.obj
C:\Users\Marcus\Documents\Aurorax2D\lib\freetype-2.4.8\builds\win32\vc2010\Debug\ftgasp.obj
C:\Users\Marcus\Documents\Aurorax2D\lib\freetype-2.4.8\builds\win32\vc2010\Debug\ftglyph.obj
C:\Users\Marcus\Documents\Aurorax2D\lib\freetype-2.4.8\builds\win32\vc2010\Debug\ftgxval.obj
C:\Users\Marcus\Documents\Aurorax2D\lib\freetype-2.4.8\builds\win32\vc2010\Debug\ftgzip.obj
C:\Users\Marcus\Documents\Aurorax2D\lib\freetype-2.4.8\builds\win32\vc2010\Debug\ftinit.obj
C:\Users\Marcus\Documents\Aurorax2D\lib\freetype-2.4.8\builds\win32\vc2010\Debug\ftlcdfil.obj
C:\Users\Marcus\Documents\Aurorax2D\lib\freetype-2.4.8\builds\win32\vc2010\Debug\ftlzw.obj
C:\Users\Marcus\Documents\Aurorax2D\lib\freetype-2.4.8\builds\win32\vc2010\Debug\ftmm.obj
C:\Users\Marcus\Documents\Aurorax2D\lib\freetype-2.4.8\builds\win32\vc2010\Debug\ftotval.obj
C:\Users\Marcus\Documents\Aurorax2D\lib\freetype-2.4.8\builds\win32\vc2010\Debug\ftpatent.obj
C:\Users\Marcus\Documents\Aurorax2D\lib\freetype-2.4.8\builds\win32\vc2010\Debug\ftpfr.obj
C:\Users\Marcus\Documents\Aurorax2D\lib\freetype-2.4.8\builds\win32\vc2010\Debug\ftstroke.obj
C:\Users\Marcus\Documents\Aurorax2D\lib\freetype-2.4.8\builds\win32\vc2010\Debug\ftsynth.obj
C:\Users\Marcus\Documents\Aurorax2D\lib\freetype-2.4.8\builds\win32\vc2010\Debug\ftsystem.obj
C:\Users\Marcus\Documents\Aurorax2D\lib\freetype-2.4.8\builds\win32\vc2010\Debug\fttype1.obj
C:\Users\Marcus\Documents\Aurorax2D\lib\freetype-2.4.8\builds\win32\vc2010\Debug\ftwinfnt.obj
C:\Users\Marcus\Documents\Aurorax2D\lib\freetype-2.4.8\builds\win32\vc2010\Debug\ftxf86.obj
C:\Users\Marcus\Documents\Aurorax2D\lib\freetype-2.4.8\builds\win32\vc2010\Debug\lib.command.1.tlog
C:\Users\Marcus\Documents\Aurorax2D\lib\freetype-2.4.8\builds\win32\vc2010\Debug\Lib-link.read.1.tlog
C:\Users\Marcus\Documents\Aurorax2D\lib\freetype-2.4.8\builds\win32\vc2010\Debug\Lib-link.write.1.tlog
C:\Users\Marcus\Documents\Aurorax2D\lib\freetype-2.4.8\builds\win32\vc2010\Debug\pcf.obj
C:\Users\Marcus\Documents\Aurorax2D\lib\freetype-2.4.8\builds\win32\vc2010\Debug\pfr.obj
C:\Users\Marcus\Documents\Aurorax2D\lib\freetype-2.4.8\builds\win32\vc2010\Debug\psaux.obj
C:\Users\Marcus\Documents\Aurorax2D\lib\freetype-2.4.8\builds\win32\vc2010\Debug\pshinter.obj
C:\Users\Marcus\Documents\Aurorax2D\lib\freetype-2.4.8\builds\win32\vc2010\Debug\psmodule.obj
C:\Users\Marcus\Documents\Aurorax2D\lib\freetype-2.4.8\builds\win32\vc2010\Debug\raster.obj
C:\Users\Marcus\Documents\Aurorax2D\lib\freetype-2.4.8\builds\win32\vc2010\Debug\sfnt.obj
C:\Users\Marcus\Documents\Aurorax2D\lib\freetype-2.4.8\builds\win32\vc2010\Debug\smooth.obj
C:\Users\Marcus\Documents\Aurorax2D\lib\freetype-2.4.8\builds\win32\vc2010\Debug\truetype.obj
C:\Users\Marcus\Documents\Aurorax2D\lib\freetype-2.4.8\builds\win32\vc2010\Debug\type1.obj
C:\Users\Marcus\Documents\Aurorax2D\lib\freetype-2.4.8\builds\win32\vc2010\Debug\type1cid.obj
C:\Users\Marcus\Documents\Aurorax2D\lib\freetype-2.4.8\builds\win32\vc2010\Debug\type42.obj
C:\USERS\MARCUS\DOCUMENTS\AURORAX2D\LIB\FREETYPE-2.4.8\BUILDS\WIN32\VC2010\DEBUG\VC100.PDB
C:\Users\Marcus\Documents\Aurorax2D\lib\freetype-2.4.8\builds\win32\vc2010\Debug\winfnt.obj
C:\USERS\MARCUS\DOCUMENTS\AURORAX2D\LIB\FREETYPE-2.4.8\LIB\FREETYPEFREETYPE248_D.LIB
