c:\users\marcus\documents\github\x2d-game-engine\lib\freetype-2.4.8\builds\win32\vc2010\debug\vc120.pdb
c:\users\marcus\documents\github\x2d-game-engine\lib\freetype-2.4.8\builds\win32\vc2010\debug\ftdebug.obj
c:\users\marcus\documents\github\x2d-game-engine\lib\freetype-2.4.8\lib\freetype248_d.lib
c:\users\marcus\documents\github\x2d-game-engine\lib\freetype-2.4.8\lib\freetype248_d.exp
c:\users\marcus\documents\github\x2d-game-engine\lib\freetype-2.4.8\lib\freetype248_d.dll
c:\users\marcus\documents\github\x2d-game-engine\lib\freetype-2.4.8\builds\win32\vc2010\debug\autofit.obj
c:\users\marcus\documents\github\x2d-game-engine\lib\freetype-2.4.8\builds\win32\vc2010\debug\bdf.obj
c:\users\marcus\documents\github\x2d-game-engine\lib\freetype-2.4.8\builds\win32\vc2010\debug\cff.obj
c:\users\marcus\documents\github\x2d-game-engine\lib\freetype-2.4.8\builds\win32\vc2010\debug\ftbase.obj
c:\users\marcus\documents\github\x2d-game-engine\lib\freetype-2.4.8\builds\win32\vc2010\debug\ftbbox.obj
c:\users\marcus\documents\github\x2d-game-engine\lib\freetype-2.4.8\builds\win32\vc2010\debug\ftbitmap.obj
c:\users\marcus\documents\github\x2d-game-engine\lib\freetype-2.4.8\builds\win32\vc2010\debug\ftcache.obj
c:\users\marcus\documents\github\x2d-game-engine\lib\freetype-2.4.8\builds\win32\vc2010\debug\ftfstype.obj
c:\users\marcus\documents\github\x2d-game-engine\lib\freetype-2.4.8\builds\win32\vc2010\debug\ftgasp.obj
c:\users\marcus\documents\github\x2d-game-engine\lib\freetype-2.4.8\builds\win32\vc2010\debug\ftglyph.obj
c:\users\marcus\documents\github\x2d-game-engine\lib\freetype-2.4.8\builds\win32\vc2010\debug\ftgxval.obj
c:\users\marcus\documents\github\x2d-game-engine\lib\freetype-2.4.8\builds\win32\vc2010\debug\ftgzip.obj
c:\users\marcus\documents\github\x2d-game-engine\lib\freetype-2.4.8\builds\win32\vc2010\debug\ftinit.obj
c:\users\marcus\documents\github\x2d-game-engine\lib\freetype-2.4.8\builds\win32\vc2010\debug\ftlcdfil.obj
c:\users\marcus\documents\github\x2d-game-engine\lib\freetype-2.4.8\builds\win32\vc2010\debug\ftlzw.obj
c:\users\marcus\documents\github\x2d-game-engine\lib\freetype-2.4.8\builds\win32\vc2010\debug\ftmm.obj
c:\users\marcus\documents\github\x2d-game-engine\lib\freetype-2.4.8\builds\win32\vc2010\debug\ftotval.obj
c:\users\marcus\documents\github\x2d-game-engine\lib\freetype-2.4.8\builds\win32\vc2010\debug\ftpatent.obj
c:\users\marcus\documents\github\x2d-game-engine\lib\freetype-2.4.8\builds\win32\vc2010\debug\ftpfr.obj
c:\users\marcus\documents\github\x2d-game-engine\lib\freetype-2.4.8\builds\win32\vc2010\debug\ftstroke.obj
c:\users\marcus\documents\github\x2d-game-engine\lib\freetype-2.4.8\builds\win32\vc2010\debug\ftsynth.obj
c:\users\marcus\documents\github\x2d-game-engine\lib\freetype-2.4.8\builds\win32\vc2010\debug\ftsystem.obj
c:\users\marcus\documents\github\x2d-game-engine\lib\freetype-2.4.8\builds\win32\vc2010\debug\fttype1.obj
c:\users\marcus\documents\github\x2d-game-engine\lib\freetype-2.4.8\builds\win32\vc2010\debug\ftwinfnt.obj
c:\users\marcus\documents\github\x2d-game-engine\lib\freetype-2.4.8\builds\win32\vc2010\debug\ftxf86.obj
c:\users\marcus\documents\github\x2d-game-engine\lib\freetype-2.4.8\builds\win32\vc2010\debug\pcf.obj
c:\users\marcus\documents\github\x2d-game-engine\lib\freetype-2.4.8\builds\win32\vc2010\debug\pfr.obj
c:\users\marcus\documents\github\x2d-game-engine\lib\freetype-2.4.8\builds\win32\vc2010\debug\psaux.obj
c:\users\marcus\documents\github\x2d-game-engine\lib\freetype-2.4.8\builds\win32\vc2010\debug\pshinter.obj
c:\users\marcus\documents\github\x2d-game-engine\lib\freetype-2.4.8\builds\win32\vc2010\debug\psmodule.obj
c:\users\marcus\documents\github\x2d-game-engine\lib\freetype-2.4.8\builds\win32\vc2010\debug\raster.obj
c:\users\marcus\documents\github\x2d-game-engine\lib\freetype-2.4.8\builds\win32\vc2010\debug\sfnt.obj
c:\users\marcus\documents\github\x2d-game-engine\lib\freetype-2.4.8\builds\win32\vc2010\debug\smooth.obj
c:\users\marcus\documents\github\x2d-game-engine\lib\freetype-2.4.8\builds\win32\vc2010\debug\truetype.obj
c:\users\marcus\documents\github\x2d-game-engine\lib\freetype-2.4.8\builds\win32\vc2010\debug\type1.obj
c:\users\marcus\documents\github\x2d-game-engine\lib\freetype-2.4.8\builds\win32\vc2010\debug\type1cid.obj
c:\users\marcus\documents\github\x2d-game-engine\lib\freetype-2.4.8\builds\win32\vc2010\debug\type42.obj
c:\users\marcus\documents\github\x2d-game-engine\lib\freetype-2.4.8\builds\win32\vc2010\debug\winfnt.obj
c:\users\marcus\documents\github\x2d-game-engine\projects\msvc12\..\..\lib\freetype-2.4.8\lib\freetype248_d.dll
c:\users\marcus\documents\github\x2d-game-engine\lib\freetype-2.4.8\builds\win32\vc2010\debug\freetype.tlog\cl.command.1.tlog
c:\users\marcus\documents\github\x2d-game-engine\lib\freetype-2.4.8\builds\win32\vc2010\debug\freetype.tlog\cl.read.1.tlog
c:\users\marcus\documents\github\x2d-game-engine\lib\freetype-2.4.8\builds\win32\vc2010\debug\freetype.tlog\cl.write.1.tlog
c:\users\marcus\documents\github\x2d-game-engine\lib\freetype-2.4.8\builds\win32\vc2010\debug\freetype.tlog\freetype.write.1u.tlog
c:\users\marcus\documents\github\x2d-game-engine\lib\freetype-2.4.8\builds\win32\vc2010\debug\freetype.tlog\link.command.1.tlog
c:\users\marcus\documents\github\x2d-game-engine\lib\freetype-2.4.8\builds\win32\vc2010\debug\freetype.tlog\link.read.1.tlog
c:\users\marcus\documents\github\x2d-game-engine\lib\freetype-2.4.8\builds\win32\vc2010\debug\freetype.tlog\link.write.1.tlog
