Build started 30.01.2014 00:56:30.
     1>Project "C:\Users\Marcus\Documents\GitHub\x2D-Game-Engine\lib\freetype-2.4.8\builds\win32\vc2010\freetype.vcxproj" on node 3 (Build target(s)).
     1>ClCompile:
         C:\Program Files (x86)\Microsoft Visual Studio 12.0\VC\bin\CL.exe /c /I"C:\Users\Marcus\Documents\GitHub\x2D-Game-Engine\projects\msvc12\..\..\lib\freetype-2.4.8\include" /Zi /nologo /W4 /WX- /MP /Od /Oy- /D _DEBUG /D WIN32 /D _LIB /D _CRT_SECURE_NO_WARNINGS /D FT_DEBUG_LEVEL_ERROR /D FT_DEBUG_LEVEL_TRACE /D FT2_BUILD_LIBRARY /D FT_DLL /Gm- /EHsc /RTC1 /MTd /GS /fp:precise /Za /Zc:wchar_t /Zc:forScope /Fo"Debug\\" /Fd"Debug\vc120.pdb" /Gd /TC /wd4001 /analyze- /errorReport:prompt ..\..\..\src\autofit\autofit.c ..\..\..\src\bdf\bdf.c ..\..\..\src\cff\cff.c ..\..\..\src\base\ftbase.c ..\..\..\src\base\ftbitmap.c ..\..\..\src\cache\ftcache.c ..\..\..\src\base\ftfstype.c ..\..\..\src\base\ftgasp.c ..\..\..\src\base\ftglyph.c ..\..\..\src\gzip\ftgzip.c ..\..\..\src\base\ftinit.c ..\..\..\src\lzw\ftlzw.c ..\..\..\src\base\ftstroke.c ..\..\..\src\base\ftsystem.c ..\..\..\src\smooth\smooth.c ..\..\..\src\base\ftbbox.c ..\..\..\src\base\ftmm.c ..\..\..\src\base\ftpfr.c ..\..\..\src\base\ftsynth.c ..\..\..\src\base\fttype1.c ..\..\..\src\base\ftwinfnt.c ..\..\..\src\base\ftxf86.c ..\..\..\src\base\ftlcdfil.c ..\..\..\src\base\ftgxval.c ..\..\..\src\base\ftotval.c ..\..\..\src\base\ftpatent.c ..\..\..\src\pcf\pcf.c ..\..\..\src\pfr\pfr.c ..\..\..\src\psaux\psaux.c ..\..\..\src\pshinter\pshinter.c ..\..\..\src\psnames\psmodule.c ..\..\..\src\raster\raster.c ..\..\..\src\sfnt\sfnt.c ..\..\..\src\truetype\truetype.c ..\..\..\src\type1\type1.c ..\..\..\src\cid\type1cid.c ..\..\..\src\type42\type42.c ..\..\..\src\winfonts\winfnt.c
         autofit.c
         bdf.c
         cff.c
         ftbase.c
         ftbitmap.c
         ftcache.c
         ftfstype.c
         ftgasp.c
         ftglyph.c
         ftgzip.c
         ftinit.c
         ftlzw.c
         ftstroke.c
         ftsystem.c
         smooth.c
         ftbbox.c
         ftmm.c
         ftpfr.c
         ftsynth.c
         fttype1.c
     1>c:\users\marcus\documents\github\x2d-game-engine\lib\freetype-2.4.8\src\smooth\ftgrays.c(924): warning C4701: potentially uninitialized local variable 'levels' used
     1>c:\users\marcus\documents\github\x2d-game-engine\lib\freetype-2.4.8\src\smooth\ftgrays.c(924): warning C4703: potentially uninitialized local pointer variable 'levels' used
         ftwinfnt.c
         ftxf86.c
         ftlcdfil.c
         ftgxval.c
         ftotval.c
         ftpatent.c
         pcf.c
         pfr.c
         psaux.c
         pshinter.c
         psmodule.c
         raster.c
         sfnt.c
         truetype.c
         type1.c
         type1cid.c
     1>c:\users\marcus\documents\github\x2d-game-engine\lib\freetype-2.4.8\src\type1\t1driver.c(219): warning C4701: potentially uninitialized local variable 'val' used
     1>c:\users\marcus\documents\github\x2d-game-engine\lib\freetype-2.4.8\src\type1\t1driver.c(249): warning C4701: potentially uninitialized local variable 'val' used
         type42.c
         winfnt.c
         C:\Program Files (x86)\Microsoft Visual Studio 12.0\VC\bin\CL.exe /c /I"C:\Users\Marcus\Documents\GitHub\x2D-Game-Engine\projects\msvc12\..\..\lib\freetype-2.4.8\include" /Zi /nologo /W4 /WX- /MP /Od /Oy- /D _DEBUG /D WIN32 /D _LIB /D _CRT_SECURE_NO_WARNINGS /D FT_DEBUG_LEVEL_ERROR /D FT_DEBUG_LEVEL_TRACE /D FT2_BUILD_LIBRARY /D FT_DLL /Gm- /EHsc /RTC1 /MTd /GS /fp:precise /Zc:wchar_t /Zc:forScope /Fo"Debug\\" /Fd"Debug\vc120.pdb" /Gd /TC /wd4001 /analyze- /errorReport:prompt ..\ftdebug.c
         ftdebug.c
       Link:
         C:\Program Files (x86)\Microsoft Visual Studio 12.0\VC\bin\link.exe /ERRORREPORT:PROMPT /OUT:"C:\Users\Marcus\Documents\GitHub\x2D-Game-Engine\projects\msvc12\..\..\lib\freetype-2.4.8\lib\freetype248_d.dll" /NOLOGO kernel32.lib user32.lib gdi32.lib winspool.lib comdlg32.lib advapi32.lib shell32.lib ole32.lib oleaut32.lib uuid.lib odbc32.lib odbccp32.lib /MANIFEST /MANIFESTUAC:"level='asInvoker' uiAccess='false'" /manifest:embed /PDB:"C:\Users\Marcus\Documents\GitHub\x2D-Game-Engine\projects\msvc12\..\..\lib\freetype-2.4.8\lib\freetype248_d.pdb" /TLBID:1 /DYNAMICBASE /NXCOMPAT /IMPLIB:"C:\Users\Marcus\Documents\GitHub\x2D-Game-Engine\projects\msvc12\..\..\lib\freetype-2.4.8\lib\freetype248_d.lib" /MACHINE:X86 /SAFESEH /DLL Debug\autofit.obj
         Debug\bdf.obj
         Debug\cff.obj
         Debug\ftbase.obj
         Debug\ftbitmap.obj
         Debug\ftcache.obj
         Debug\ftdebug.obj
         Debug\ftfstype.obj
         Debug\ftgasp.obj
         Debug\ftglyph.obj
         Debug\ftgzip.obj
         Debug\ftinit.obj
         Debug\ftlzw.obj
         Debug\ftstroke.obj
         Debug\ftsystem.obj
         Debug\smooth.obj
         Debug\ftbbox.obj
         Debug\ftmm.obj
         Debug\ftpfr.obj
         Debug\ftsynth.obj
         Debug\fttype1.obj
         Debug\ftwinfnt.obj
         Debug\ftxf86.obj
         Debug\ftlcdfil.obj
         Debug\ftgxval.obj
         Debug\ftotval.obj
         Debug\ftpatent.obj
         Debug\pcf.obj
         Debug\pfr.obj
         Debug\psaux.obj
         Debug\pshinter.obj
         Debug\psmodule.obj
         Debug\raster.obj
         Debug\sfnt.obj
         Debug\truetype.obj
         Debug\type1.obj
         Debug\type1cid.obj
         Debug\type42.obj
         Debug\winfnt.obj
            Creating library C:\Users\Marcus\Documents\GitHub\x2D-Game-Engine\projects\msvc12\..\..\lib\freetype-2.4.8\lib\freetype248_d.lib and object C:\Users\Marcus\Documents\GitHub\x2D-Game-Engine\projects\msvc12\..\..\lib\freetype-2.4.8\lib\freetype248_d.exp
         freetype.vcxproj -> C:\Users\Marcus\Documents\GitHub\x2D-Game-Engine\projects\msvc12\..\..\lib\freetype-2.4.8\lib\freetype248_d.dll
     1>Done Building Project "C:\Users\Marcus\Documents\GitHub\x2D-Game-Engine\lib\freetype-2.4.8\builds\win32\vc2010\freetype.vcxproj" (Build target(s)).

Build succeeded.

Time Elapsed 00:00:09.75
