c:\users\marcus\documents\github\x2d-game-engine\lib\lpng154\lib\libpng15_d.bsc
c:\users\marcus\documents\github\x2d-game-engine\lib\lpng154\projects\vstudio\libpng\debug\libpng15_d.pch
c:\users\marcus\documents\github\x2d-game-engine\lib\lpng154\projects\vstudio\libpng\debug\vc120.pdb
c:\users\marcus\documents\github\x2d-game-engine\lib\lpng154\projects\vstudio\libpng\debug\png.sbr
c:\users\marcus\documents\github\x2d-game-engine\lib\lpng154\projects\vstudio\libpng\debug\png.obj
c:\users\marcus\documents\github\x2d-game-engine\lib\lpng154\projects\vstudio\libpng\debug\pngerror.sbr
c:\users\marcus\documents\github\x2d-game-engine\lib\lpng154\projects\vstudio\libpng\debug\pngget.sbr
c:\users\marcus\documents\github\x2d-game-engine\lib\lpng154\projects\vstudio\libpng\debug\pngmem.sbr
c:\users\marcus\documents\github\x2d-game-engine\lib\lpng154\projects\vstudio\libpng\debug\pngpread.sbr
c:\users\marcus\documents\github\x2d-game-engine\lib\lpng154\projects\vstudio\libpng\debug\pngread.sbr
c:\users\marcus\documents\github\x2d-game-engine\lib\lpng154\projects\vstudio\libpng\debug\pngrio.sbr
c:\users\marcus\documents\github\x2d-game-engine\lib\lpng154\projects\vstudio\libpng\debug\pngrtran.sbr
c:\users\marcus\documents\github\x2d-game-engine\lib\lpng154\projects\vstudio\libpng\debug\pngrutil.sbr
c:\users\marcus\documents\github\x2d-game-engine\lib\lpng154\projects\vstudio\libpng\debug\pngset.sbr
c:\users\marcus\documents\github\x2d-game-engine\lib\lpng154\projects\vstudio\libpng\debug\pngtrans.sbr
c:\users\marcus\documents\github\x2d-game-engine\lib\lpng154\projects\vstudio\libpng\debug\pngwio.sbr
c:\users\marcus\documents\github\x2d-game-engine\lib\lpng154\projects\vstudio\libpng\debug\pngwrite.sbr
c:\users\marcus\documents\github\x2d-game-engine\lib\lpng154\projects\vstudio\libpng\debug\pngwtran.sbr
c:\users\marcus\documents\github\x2d-game-engine\lib\lpng154\projects\vstudio\libpng\debug\pngwutil.sbr
c:\users\marcus\documents\github\x2d-game-engine\lib\lpng154\projects\vstudio\libpng\debug\pngwutil.obj
c:\users\marcus\documents\github\x2d-game-engine\lib\lpng154\projects\vstudio\libpng\debug\pngwtran.obj
c:\users\marcus\documents\github\x2d-game-engine\lib\lpng154\projects\vstudio\libpng\debug\pngwrite.obj
c:\users\marcus\documents\github\x2d-game-engine\lib\lpng154\projects\vstudio\libpng\debug\pngwio.obj
c:\users\marcus\documents\github\x2d-game-engine\lib\lpng154\projects\vstudio\libpng\debug\pngtrans.obj
c:\users\marcus\documents\github\x2d-game-engine\lib\lpng154\projects\vstudio\libpng\debug\pngset.obj
c:\users\marcus\documents\github\x2d-game-engine\lib\lpng154\projects\vstudio\libpng\debug\pngrutil.obj
c:\users\marcus\documents\github\x2d-game-engine\lib\lpng154\projects\vstudio\libpng\debug\pngrtran.obj
c:\users\marcus\documents\github\x2d-game-engine\lib\lpng154\projects\vstudio\libpng\debug\pngrio.obj
c:\users\marcus\documents\github\x2d-game-engine\lib\lpng154\projects\vstudio\libpng\debug\pngread.obj
c:\users\marcus\documents\github\x2d-game-engine\lib\lpng154\projects\vstudio\libpng\debug\pngpread.obj
c:\users\marcus\documents\github\x2d-game-engine\lib\lpng154\projects\vstudio\libpng\debug\pngmem.obj
c:\users\marcus\documents\github\x2d-game-engine\lib\lpng154\projects\vstudio\libpng\debug\pngget.obj
c:\users\marcus\documents\github\x2d-game-engine\lib\lpng154\projects\vstudio\libpng\debug\pngerror.obj
c:\users\marcus\documents\github\x2d-game-engine\lib\lpng154\lib\libpng15_d.lib
c:\users\marcus\documents\github\x2d-game-engine\lib\lpng154\lib\libpng15_d.exp
c:\users\marcus\documents\github\x2d-game-engine\lib\lpng154\lib\libpng15_d.dll
c:\users\marcus\documents\github\x2d-game-engine\lib\lpng154\lib\libpng15_d.pdb
c:\users\marcus\documents\github\x2d-game-engine\projects\msvc12\..\..\lib\lpng154\lib\libpng15_d.pdb
c:\users\marcus\documents\github\x2d-game-engine\projects\msvc12\..\..\lib\lpng154\lib\libpng15_d.dll
c:\users\marcus\documents\github\x2d-game-engine\projects\msvc12\..\..\lib\lpng154\lib\libpng15_d.bsc
c:\users\marcus\documents\github\x2d-game-engine\lib\lpng154\projects\vstudio\libpng\debug\libpng.tlog\bscmake.command.1.tlog
c:\users\marcus\documents\github\x2d-game-engine\lib\lpng154\projects\vstudio\libpng\debug\libpng.tlog\bscmake.read.1.tlog
c:\users\marcus\documents\github\x2d-game-engine\lib\lpng154\projects\vstudio\libpng\debug\libpng.tlog\bscmake.write.1.tlog
c:\users\marcus\documents\github\x2d-game-engine\lib\lpng154\projects\vstudio\libpng\debug\libpng.tlog\cl.command.1.tlog
c:\users\marcus\documents\github\x2d-game-engine\lib\lpng154\projects\vstudio\libpng\debug\libpng.tlog\cl.read.1.tlog
c:\users\marcus\documents\github\x2d-game-engine\lib\lpng154\projects\vstudio\libpng\debug\libpng.tlog\cl.write.1.tlog
c:\users\marcus\documents\github\x2d-game-engine\lib\lpng154\projects\vstudio\libpng\debug\libpng.tlog\libpng.write.1u.tlog
c:\users\marcus\documents\github\x2d-game-engine\lib\lpng154\projects\vstudio\libpng\debug\libpng.tlog\link.command.1.tlog
c:\users\marcus\documents\github\x2d-game-engine\lib\lpng154\projects\vstudio\libpng\debug\libpng.tlog\link.read.1.tlog
c:\users\marcus\documents\github\x2d-game-engine\lib\lpng154\projects\vstudio\libpng\debug\libpng.tlog\link.write.1.tlog
