D:\X2D GAME ENGINE\LIB\GLEW-1.7.0\BUILD\VC10\DEBUG DLL\GLEW.OBJ
D:\X2D GAME ENGINE\LIB\GLEW-1.7.0\BUILD\VC10\DEBUG DLL\GLEWINFO.OBJ
D:\X2D GAME ENGINE\LIB\GLEW-1.7.0\BUILD\VC10\DEBUG DLL\VC110.PDB
D:\x2D Game Engine\lib\glew-1.7.0\lib\glew32_d.lib
D:\x2D Game Engine\lib\glew-1.7.0\lib\glew32_d.exp
D:\X2D GAME ENGINE\LIB\GLEW-1.7.0\LIB\GLEW32_D.ILK
D:\X2D GAME ENGINE\LIB\GLEW-1.7.0\LIB\GLEW32_D.DLL
D:\X2D GAME ENGINE\LIB\GLEW-1.7.0\LIB\GLEW32_D.PDB
D:\x2D Game Engine\lib\glew-1.7.0\build\vc10\Debug DLL\glew.obj
D:\x2D Game Engine\lib\glew-1.7.0\build\vc10\Debug DLL\glewinfo.obj
D:\x2D Game Engine\lib\glew-1.7.0\build\vc10\Debug DLL\cl.command.1.tlog
D:\x2D Game Engine\lib\glew-1.7.0\build\vc10\Debug DLL\CL.read.1.tlog
D:\x2D Game Engine\lib\glew-1.7.0\build\vc10\Debug DLL\CL.write.1.tlog
D:\x2D Game Engine\lib\glew-1.7.0\build\vc10\Debug DLL\glew.write.1.tlog
D:\x2D Game Engine\lib\glew-1.7.0\build\vc10\Debug DLL\link-cvtres.read.1.tlog
D:\x2D Game Engine\lib\glew-1.7.0\build\vc10\Debug DLL\link-cvtres.write.1.tlog
D:\x2D Game Engine\lib\glew-1.7.0\build\vc10\Debug DLL\link-rc.read.1.tlog
D:\x2D Game Engine\lib\glew-1.7.0\build\vc10\Debug DLL\link-rc.write.1.tlog
D:\x2D Game Engine\lib\glew-1.7.0\build\vc10\Debug DLL\link.command.1.tlog
D:\x2D Game Engine\lib\glew-1.7.0\build\vc10\Debug DLL\link.read.1.tlog
D:\x2D Game Engine\lib\glew-1.7.0\build\vc10\Debug DLL\link.write.1.tlog
D:\x2D Game Engine\lib\glew-1.7.0\build\vc10\Debug DLL\vc110.idb
D:\x2D Game Engine\lib\glew-1.7.0\build\vc10\Debug DLL\vc110.pdb
D:\x2D Game Engine\projects\msvc11\..\..\lib\glew-1.7.0\lib\glew32_d.pdb
D:\x2D Game Engine\projects\msvc11\..\..\lib\glew-1.7.0\lib\glew32_d.dll
D:\x2D Game Engine\projects\msvc11\..\..\lib\glew-1.7.0\lib\glew32_d.ilk
